[Info  - 7:07:32 PM] Pylance language server 2021.12.2 (pyright 211ebe44) starting
[Info  - 7:07:32 PM] Server root directory: /home/zero/.vscode/extensions/ms-python.vscode-pylance-2021.12.2/dist
[Info  - 7:07:32 PM] No configuration file found.
[Info  - 7:07:32 PM] No pyproject.toml file found.
[Info  - 7:07:32 PM] Setting pythonPath for service "zero": "/bin/python"
[Warn  - 7:07:32 PM] stubPath /home/zero/typings is not a valid directory.
[Info  - 7:07:32 PM] Assuming Python version 3.10
[Info  - 7:07:32 PM] Assuming Python platform Linux
[Warn  - 7:07:33 PM] Exception received when installing file system watcher: TypeError [ERR_FEATURE_UNAVAILABLE_ON_PLATFORM]: The feature watch recursively is unavailable on the current platform, which is being used to run Node.js
[Warn  - 7:07:33 PM] Exception received when installing file system watcher: TypeError [ERR_FEATURE_UNAVAILABLE_ON_PLATFORM]: The feature watch recursively is unavailable on the current platform, which is being used to run Node.js
[Warn  - 7:07:33 PM] Exception received when installing file system watcher: TypeError [ERR_FEATURE_UNAVAILABLE_ON_PLATFORM]: The feature watch recursively is unavailable on the current platform, which is being used to run Node.js
[Info  - 7:07:33 PM] Searching for source files
[Info  - 7:07:39 PM] Found 5521 source files
[Info  - 7:07:39 PM] Background analysis(1) root directory: /home/zero/.vscode/extensions/ms-python.vscode-pylance-2021.12.2/dist
[Info  - 7:07:39 PM] Background analysis(1) started
[Info  - 7:07:57 PM] Searching for source files
[Info  - 7:08:03 PM] Found 5521 source files
[Info  - 7:08:11 PM] Searching for source files
[Info  - 7:08:17 PM] Found 5687 source files
[Info  - 7:08:25 PM] Searching for source files
[Info  - 7:08:31 PM] Found 5687 source files
[Info  - 7:08:37 PM] Searching for source files
[Info  - 7:08:43 PM] Found 5687 source files
[Info  - 7:08:43 PM] Searching for source files
[Info  - 7:08:48 PM] Found 5687 source files
[Info  - 7:09:18 PM] Searching for source files
[Info  - 7:09:23 PM] Found 5687 source files
[Info  - 7:10:37 PM] Searching for source files
[Info  - 7:10:43 PM] Found 5687 source files
[Info  - 7:12:37 PM] Searching for source files
[Info  - 7:12:42 PM] Found 5687 source files
[Info  - 7:12:42 PM] Searching for source files
[Info  - 7:12:47 PM] Found 5687 source files
[Info  - 7:12:55 PM] Searching for source files
[Info  - 7:13:00 PM] Found 5687 source files
[Info  - 7:13:00 PM] Searching for source files
[Info  - 7:13:05 PM] Found 5687 source files
[Info  - 7:13:44 PM] Searching for source files
[Info  - 7:13:50 PM] Found 5687 source files
[Info  - 7:13:52 PM] Searching for source files
[Info  - 7:13:57 PM] Found 5687 source files
[Info  - 7:13:57 PM] Searching for source files
[Info  - 7:14:02 PM] Found 5687 source files
[Info  - 7:14:02 PM] Searching for source files
[Info  - 7:14:07 PM] Found 5687 source files
[Info  - 7:16:53 PM] Searching for source files
[Info  - 7:16:59 PM] Found 5687 source files
[Info  - 7:17:13 PM] Searching for source files
[Info  - 7:17:18 PM] Found 5687 source files
[Info  - 7:17:18 PM] Searching for source files
[Info  - 7:17:23 PM] Found 5687 source files
[Info  - 7:17:23 PM] Searching for source files
[Info  - 7:17:28 PM] Found 5687 source files
[Info  - 7:17:28 PM] Searching for source files
[Info  - 7:17:33 PM] Found 5687 source files
[Info  - 7:17:33 PM] Searching for source files
[Info  - 7:17:38 PM] Found 5687 source files
[Info  - 7:17:38 PM] Searching for source files
[Info  - 7:17:43 PM] Found 5687 source files
[Info  - 7:17:57 PM] Searching for source files
[Info  - 7:18:02 PM] Found 5687 source files
[Info  - 7:18:37 PM] Searching for source files
[Info  - 7:18:42 PM] Found 5687 source files
[Info  - 7:18:42 PM] Searching for source files
[Info  - 7:18:47 PM] Found 5687 source files
[Info  - 7:18:57 PM] Searching for source files
[Info  - 7:19:02 PM] Found 5687 source files
[Info  - 7:19:02 PM] Searching for source files
[Info  - 7:19:07 PM] Found 5687 source files
[Info  - 7:19:07 PM] Searching for source files
[Info  - 7:19:12 PM] Found 5687 source files
[Info  - 7:19:20 PM] Searching for source files
[Info  - 7:19:25 PM] Found 5687 source files
[Info  - 7:19:43 PM] Searching for source files
[Info  - 7:19:48 PM] Found 5687 source files
[Info  - 7:21:19 PM] Searching for source files
[Info  - 7:21:24 PM] Found 5687 source files
[Info  - 7:21:29 PM] Searching for source files
[Info  - 7:21:34 PM] Found 5687 source files
[Info  - 7:21:34 PM] Searching for source files
[Info  - 7:21:39 PM] Found 5687 source files
[Info  - 7:21:39 PM] Searching for source files
[Info  - 7:21:44 PM] Found 5687 source files
[Info  - 7:21:44 PM] Searching for source files
[Info  - 7:21:49 PM] Found 5687 source files
[Info  - 7:25:09 PM] Searching for source files
[Info  - 7:25:14 PM] Found 5687 source files
[Info  - 7:26:25 PM] Searching for source files
[Info  - 7:26:30 PM] Found 5687 source files
[Info  - 7:26:59 PM] Searching for source files
[Info  - 7:27:04 PM] Found 5687 source files
[Info  - 7:27:24 PM] Searching for source files
[Info  - 7:27:30 PM] Found 5687 source files
[Info  - 7:30:07 PM] Searching for source files
[Info  - 7:30:12 PM] Found 5687 source files
[Info  - 7:31:03 PM] Searching for source files
[Info  - 7:31:08 PM] Found 5687 source files
[Info  - 7:31:53 PM] Searching for source files
[Info  - 7:31:59 PM] Found 5687 source files
[Info  - 7:32:37 PM] Searching for source files
[Info  - 7:32:43 PM] Found 5687 source files
[Info  - 7:32:57 PM] Searching for source files
[Info  - 7:33:03 PM] Found 5687 source files
