Validating found git in: git
Using git  from git
> git rev-parse --git-dir
Open repository: /home/zero
> git status -z -u
> git symbolic-ref --short HEAD
> git for-each-ref --format=%(refname)%00%(upstream:short)%00%(objectname)%00%(upstream:track) refs/heads/master refs/remotes/master
> git for-each-ref --sort -committerdate --format %(refname) %(objectname) %(*objectname)
> git remote --verbose
> git show --textconv :.config/qtile/config.py
> git ls-files --stage -- /home/zero/.config/qtile/config.py
> git config --get commit.template
> git cat-file -s 19e8939d175bf6e11bdc06d9554c1ea1b1cf6940
> git check-ignore -v -z --stdin
> git ls-files --stage -- /home/zero/.config/qtile/config.py
> git cat-file -s 19e8939d175bf6e11bdc06d9554c1ea1b1cf6940
> git show --textconv :.config/qtile/config.py
> git ls-files --stage -- /home/zero/.config/qtile/config.py
> git cat-file -s 19e8939d175bf6e11bdc06d9554c1ea1b1cf6940
> git show --textconv :.config/qtile/config.py
