[2022-03-28T12:57:42.605Z] Validating found git in: git
[2022-03-28T12:57:42.634Z] Using git 2.35.1 from git
[2022-03-28T12:57:42.657Z] > git rev-parse --git-dir [1ms]
[2022-03-28T12:57:42.662Z] Open repository: /home/zero
[2022-03-28T12:57:42.766Z] > git symbolic-ref --short HEAD [2ms]
[2022-03-28T12:57:42.772Z] > git for-each-ref --format=%(refname)%00%(upstream:short)%00%(objectname)%00%(upstream:track) refs/heads/dev refs/remotes/dev [1ms]
[2022-03-28T12:57:42.784Z] > git remote --verbose [2ms]
[2022-03-28T12:57:42.785Z] > git for-each-ref --sort -committerdate --format %(refname) %(objectname) %(*objectname) [7ms]
[2022-03-28T12:57:42.860Z] > git config --get commit.template [1ms]
[2022-03-28T12:57:43.639Z] > git ls-files --stage -- /home/zero/.xsession [2ms]
[2022-03-28T12:57:45.526Z] > git symbolic-ref --short HEAD [2ms]
[2022-03-28T12:57:45.537Z] > git for-each-ref --format=%(refname)%00%(upstream:short)%00%(objectname)%00%(upstream:track) refs/heads/dev refs/remotes/dev [3ms]
[2022-03-28T12:57:45.552Z] > git for-each-ref --sort -committerdate --format %(refname) %(objectname) %(*objectname) [9ms]
[2022-03-28T12:57:45.553Z] > git remote --verbose [3ms]
[2022-03-28T12:57:45.597Z] > git config --get commit.template [2ms]
[2022-03-28T12:57:50.635Z] > git symbolic-ref --short HEAD [2ms]
[2022-03-28T12:57:50.640Z] > git for-each-ref --format=%(refname)%00%(upstream:short)%00%(objectname)%00%(upstream:track) refs/heads/dev refs/remotes/dev [1ms]
[2022-03-28T12:57:50.651Z] > git for-each-ref --sort -committerdate --format %(refname) %(objectname) %(*objectname) [6ms]
[2022-03-28T12:57:50.652Z] > git remote --verbose [2ms]
[2022-03-28T12:57:50.689Z] > git config --get commit.template [9ms]
[2022-03-28T12:57:55.721Z] > git symbolic-ref --short HEAD [2ms]
[2022-03-28T12:57:55.731Z] > git for-each-ref --format=%(refname)%00%(upstream:short)%00%(objectname)%00%(upstream:track) refs/heads/dev refs/remotes/dev [3ms]
[2022-03-28T12:57:55.743Z] > git for-each-ref --sort -committerdate --format %(refname) %(objectname) %(*objectname) [6ms]
[2022-03-28T12:57:55.744Z] > git remote --verbose [3ms]
[2022-03-28T12:57:55.805Z] > git config --get commit.template [13ms]
[2022-03-28T12:58:00.825Z] > git symbolic-ref --short HEAD [1ms]
[2022-03-28T12:58:00.831Z] > git for-each-ref --format=%(refname)%00%(upstream:short)%00%(objectname)%00%(upstream:track) refs/heads/dev refs/remotes/dev [1ms]
[2022-03-28T12:58:00.844Z] > git for-each-ref --sort -committerdate --format %(refname) %(objectname) %(*objectname) [7ms]
[2022-03-28T12:58:00.845Z] > git remote --verbose [3ms]
[2022-03-28T12:58:00.914Z] > git config --get commit.template [11ms]
[2022-03-28T12:58:05.941Z] > git symbolic-ref --short HEAD [2ms]
[2022-03-28T12:58:05.949Z] > git for-each-ref --format=%(refname)%00%(upstream:short)%00%(objectname)%00%(upstream:track) refs/heads/dev refs/remotes/dev [2ms]
[2022-03-28T12:58:05.960Z] > git for-each-ref --sort -committerdate --format %(refname) %(objectname) %(*objectname) [6ms]
[2022-03-28T12:58:05.961Z] > git remote --verbose [2ms]
[2022-03-28T12:58:05.997Z] > git config --get commit.template [1ms]
[2022-03-28T12:58:10.216Z] > git log --format=%H%n%aN%n%aE%n%at%n%ct%n%P%n%B -z -n21 -- /home/zero/.screenlayout/normal_screen.sh [6ms]
[2022-03-28T12:58:10.216Z] fatal: your current branch 'dev' does not have any commits yet
[2022-03-28T12:58:10.217Z] > git ls-files --stage -- /home/zero/.screenlayout/normal_screen.sh [14ms]
[2022-03-28T12:58:10.218Z] > git log --format=%H%n%aN%n%aE%n%at%n%ct%n%P%n%B -z -n41 -- /home/zero/.screenlayout/normal_screen.sh [4ms]
[2022-03-28T12:58:10.218Z] fatal: your current branch 'dev' does not have any commits yet
[2022-03-28T12:58:10.324Z] > git ls-files --stage -- /home/zero/.xsession [2ms]
[2022-03-28T12:58:11.021Z] > git symbolic-ref --short HEAD [1ms]
[2022-03-28T12:58:11.028Z] > git for-each-ref --format=%(refname)%00%(upstream:short)%00%(objectname)%00%(upstream:track) refs/heads/dev refs/remotes/dev [1ms]
[2022-03-28T12:58:11.040Z] > git for-each-ref --sort -committerdate --format %(refname) %(objectname) %(*objectname) [6ms]
[2022-03-28T12:58:11.041Z] > git remote --verbose [3ms]
[2022-03-28T12:58:11.074Z] > git config --get commit.template [3ms]
[2022-03-28T12:58:16.099Z] > git symbolic-ref --short HEAD [2ms]
[2022-03-28T12:58:16.105Z] > git for-each-ref --format=%(refname)%00%(upstream:short)%00%(objectname)%00%(upstream:track) refs/heads/dev refs/remotes/dev [2ms]
[2022-03-28T12:58:16.146Z] > git for-each-ref --sort -committerdate --format %(refname) %(objectname) %(*objectname) [5ms]
[2022-03-28T12:58:16.147Z] > git remote --verbose [2ms]
[2022-03-28T12:58:16.177Z] > git config --get commit.template [2ms]
[2022-03-28T12:58:18.008Z] > git log --format=%H%n%aN%n%aE%n%at%n%ct%n%P%n%B -z -n21 -- /home/zero/.screenlayout/normal_screen.sh [9ms]
[2022-03-28T12:58:18.008Z] fatal: your current branch 'dev' does not have any commits yet
[2022-03-28T12:58:18.010Z] > git log --format=%H%n%aN%n%aE%n%at%n%ct%n%P%n%B -z -n41 -- /home/zero/.screenlayout/normal_screen.sh [6ms]
[2022-03-28T12:58:18.010Z] fatal: your current branch 'dev' does not have any commits yet
[2022-03-28T12:58:18.200Z] > git ls-files --stage -- /home/zero/.screenlayout/normal_screen.sh [1ms]
[2022-03-28T12:58:21.199Z] > git symbolic-ref --short HEAD [1ms]
[2022-03-28T12:58:21.204Z] > git for-each-ref --format=%(refname)%00%(upstream:short)%00%(objectname)%00%(upstream:track) refs/heads/dev refs/remotes/dev [1ms]
[2022-03-28T12:58:21.214Z] > git for-each-ref --sort -committerdate --format %(refname) %(objectname) %(*objectname) [5ms]
[2022-03-28T12:58:21.215Z] > git remote --verbose [2ms]
[2022-03-28T12:58:21.255Z] > git config --get commit.template [4ms]
[2022-03-28T12:58:26.279Z] > git symbolic-ref --short HEAD [2ms]
[2022-03-28T12:58:26.285Z] > git for-each-ref --format=%(refname)%00%(upstream:short)%00%(objectname)%00%(upstream:track) refs/heads/dev refs/remotes/dev [1ms]
[2022-03-28T12:58:26.296Z] > git for-each-ref --sort -committerdate --format %(refname) %(objectname) %(*objectname) [5ms]
[2022-03-28T12:58:26.297Z] > git remote --verbose [2ms]
[2022-03-28T12:58:26.327Z] > git config --get commit.template [3ms]
[2022-03-28T12:58:31.362Z] > git symbolic-ref --short HEAD [2ms]
[2022-03-28T12:58:31.370Z] > git for-each-ref --format=%(refname)%00%(upstream:short)%00%(objectname)%00%(upstream:track) refs/heads/dev refs/remotes/dev [2ms]
[2022-03-28T12:58:31.383Z] > git for-each-ref --sort -committerdate --format %(refname) %(objectname) %(*objectname) [8ms]
[2022-03-28T12:58:31.384Z] > git remote --verbose [3ms]
[2022-03-28T12:58:31.435Z] > git config --get commit.template [13ms]
[2022-03-28T12:58:36.461Z] > git symbolic-ref --short HEAD [2ms]
[2022-03-28T12:58:36.467Z] > git for-each-ref --format=%(refname)%00%(upstream:short)%00%(objectname)%00%(upstream:track) refs/heads/dev refs/remotes/dev [2ms]
[2022-03-28T12:58:36.482Z] > git for-each-ref --sort -committerdate --format %(refname) %(objectname) %(*objectname) [7ms]
[2022-03-28T12:58:36.483Z] > git remote --verbose [3ms]
[2022-03-28T12:58:36.532Z] > git config --get commit.template [11ms]
[2022-03-28T12:58:42.537Z] > git symbolic-ref --short HEAD [2ms]
[2022-03-28T12:58:42.543Z] > git for-each-ref --format=%(refname)%00%(upstream:short)%00%(objectname)%00%(upstream:track) refs/heads/dev refs/remotes/dev [1ms]
[2022-03-28T12:58:42.554Z] > git for-each-ref --sort -committerdate --format %(refname) %(objectname) %(*objectname) [6ms]
[2022-03-28T12:58:42.554Z] > git remote --verbose [2ms]
[2022-03-28T12:58:42.583Z] > git config --get commit.template [1ms]
[2022-03-28T12:58:47.609Z] > git symbolic-ref --short HEAD [1ms]
[2022-03-28T12:58:47.614Z] > git for-each-ref --format=%(refname)%00%(upstream:short)%00%(objectname)%00%(upstream:track) refs/heads/dev refs/remotes/dev [1ms]
[2022-03-28T12:58:47.623Z] > git for-each-ref --sort -committerdate --format %(refname) %(objectname) %(*objectname) [4ms]
[2022-03-28T12:58:47.623Z] > git remote --verbose [1ms]
[2022-03-28T12:58:47.656Z] > git config --get commit.template [1ms]
[2022-03-28T12:58:52.681Z] > git symbolic-ref --short HEAD [1ms]
[2022-03-28T12:58:52.689Z] > git for-each-ref --format=%(refname)%00%(upstream:short)%00%(objectname)%00%(upstream:track) refs/heads/dev refs/remotes/dev [2ms]
[2022-03-28T12:58:52.703Z] > git for-each-ref --sort -committerdate --format %(refname) %(objectname) %(*objectname) [8ms]
[2022-03-28T12:58:52.704Z] > git remote --verbose [3ms]
[2022-03-28T12:58:52.740Z] > git config --get commit.template [6ms]
[2022-03-28T12:58:57.771Z] > git symbolic-ref --short HEAD [2ms]
[2022-03-28T12:58:57.780Z] > git for-each-ref --format=%(refname)%00%(upstream:short)%00%(objectname)%00%(upstream:track) refs/heads/dev refs/remotes/dev [2ms]
[2022-03-28T12:58:57.795Z] > git for-each-ref --sort -committerdate --format %(refname) %(objectname) %(*objectname) [8ms]
[2022-03-28T12:58:57.796Z] > git remote --verbose [2ms]
[2022-03-28T12:58:57.830Z] > git config --get commit.template [2ms]
[2022-03-28T12:59:02.857Z] > git symbolic-ref --short HEAD [2ms]
[2022-03-28T12:59:02.864Z] > git for-each-ref --format=%(refname)%00%(upstream:short)%00%(objectname)%00%(upstream:track) refs/heads/dev refs/remotes/dev [1ms]
[2022-03-28T12:59:02.876Z] > git for-each-ref --sort -committerdate --format %(refname) %(objectname) %(*objectname) [7ms]
[2022-03-28T12:59:02.878Z] > git remote --verbose [4ms]
[2022-03-28T12:59:02.914Z] > git config --get commit.template [4ms]
[2022-03-28T12:59:07.941Z] > git symbolic-ref --short HEAD [2ms]
[2022-03-28T12:59:07.947Z] > git for-each-ref --format=%(refname)%00%(upstream:short)%00%(objectname)%00%(upstream:track) refs/heads/dev refs/remotes/dev [1ms]
[2022-03-28T12:59:07.958Z] > git for-each-ref --sort -committerdate --format %(refname) %(objectname) %(*objectname) [6ms]
[2022-03-28T12:59:07.958Z] > git remote --verbose [2ms]
[2022-03-28T12:59:07.992Z] > git config --get commit.template [3ms]
[2022-03-28T12:59:13.019Z] > git symbolic-ref --short HEAD [2ms]
[2022-03-28T12:59:13.026Z] > git for-each-ref --format=%(refname)%00%(upstream:short)%00%(objectname)%00%(upstream:track) refs/heads/dev refs/remotes/dev [2ms]
[2022-03-28T12:59:13.038Z] > git for-each-ref --sort -committerdate --format %(refname) %(objectname) %(*objectname) [7ms]
[2022-03-28T12:59:13.039Z] > git remote --verbose [4ms]
[2022-03-28T12:59:13.088Z] > git config --get commit.template [13ms]
[2022-03-28T12:59:18.110Z] > git symbolic-ref --short HEAD [2ms]
[2022-03-28T12:59:18.117Z] > git for-each-ref --format=%(refname)%00%(upstream:short)%00%(objectname)%00%(upstream:track) refs/heads/dev refs/remotes/dev [2ms]
[2022-03-28T12:59:18.130Z] > git for-each-ref --sort -committerdate --format %(refname) %(objectname) %(*objectname) [7ms]
[2022-03-28T12:59:18.131Z] > git remote --verbose [2ms]
[2022-03-28T12:59:18.198Z] > git config --get commit.template [12ms]
[2022-03-28T12:59:23.217Z] > git symbolic-ref --short HEAD [1ms]
[2022-03-28T12:59:23.223Z] > git for-each-ref --format=%(refname)%00%(upstream:short)%00%(objectname)%00%(upstream:track) refs/heads/dev refs/remotes/dev [1ms]
[2022-03-28T12:59:23.232Z] > git for-each-ref --sort -committerdate --format %(refname) %(objectname) %(*objectname) [5ms]
[2022-03-28T12:59:23.234Z] > git remote --verbose [3ms]
[2022-03-28T12:59:23.265Z] > git config --get commit.template [1ms]
[2022-03-28T12:59:28.285Z] > git symbolic-ref --short HEAD [1ms]
[2022-03-28T12:59:28.292Z] > git for-each-ref --format=%(refname)%00%(upstream:short)%00%(objectname)%00%(upstream:track) refs/heads/dev refs/remotes/dev [2ms]
[2022-03-28T12:59:28.301Z] > git for-each-ref --sort -committerdate --format %(refname) %(objectname) %(*objectname) [5ms]
[2022-03-28T12:59:28.302Z] > git remote --verbose [2ms]
[2022-03-28T12:59:28.342Z] > git config --get commit.template [9ms]
[2022-03-28T12:59:33.366Z] > git symbolic-ref --short HEAD [1ms]
[2022-03-28T12:59:33.371Z] > git for-each-ref --format=%(refname)%00%(upstream:short)%00%(objectname)%00%(upstream:track) refs/heads/dev refs/remotes/dev [1ms]
[2022-03-28T12:59:33.380Z] > git for-each-ref --sort -committerdate --format %(refname) %(objectname) %(*objectname) [5ms]
[2022-03-28T12:59:33.381Z] > git remote --verbose [2ms]
[2022-03-28T12:59:33.410Z] > git config --get commit.template [2ms]
[2022-03-28T12:59:38.434Z] > git symbolic-ref --short HEAD [2ms]
[2022-03-28T12:59:38.441Z] > git for-each-ref --format=%(refname)%00%(upstream:short)%00%(objectname)%00%(upstream:track) refs/heads/dev refs/remotes/dev [2ms]
[2022-03-28T12:59:38.451Z] > git for-each-ref --sort -committerdate --format %(refname) %(objectname) %(*objectname) [6ms]
[2022-03-28T12:59:38.452Z] > git remote --verbose [2ms]
[2022-03-28T12:59:38.503Z] > git config --get commit.template [12ms]
[2022-03-28T12:59:43.528Z] > git symbolic-ref --short HEAD [1ms]
[2022-03-28T12:59:43.535Z] > git for-each-ref --format=%(refname)%00%(upstream:short)%00%(objectname)%00%(upstream:track) refs/heads/dev refs/remotes/dev [2ms]
[2022-03-28T12:59:43.548Z] > git for-each-ref --sort -committerdate --format %(refname) %(objectname) %(*objectname) [8ms]
[2022-03-28T12:59:43.548Z] > git remote --verbose [2ms]
[2022-03-28T12:59:43.583Z] > git config --get commit.template [1ms]
[2022-03-28T12:59:48.609Z] > git symbolic-ref --short HEAD [2ms]
[2022-03-28T12:59:48.616Z] > git for-each-ref --format=%(refname)%00%(upstream:short)%00%(objectname)%00%(upstream:track) refs/heads/dev refs/remotes/dev [2ms]
[2022-03-28T12:59:48.627Z] > git for-each-ref --sort -committerdate --format %(refname) %(objectname) %(*objectname) [6ms]
[2022-03-28T12:59:48.628Z] > git remote --verbose [2ms]
[2022-03-28T12:59:48.675Z] > git config --get commit.template [12ms]
[2022-03-28T12:59:53.700Z] > git symbolic-ref --short HEAD [1ms]
[2022-03-28T12:59:53.706Z] > git for-each-ref --format=%(refname)%00%(upstream:short)%00%(objectname)%00%(upstream:track) refs/heads/dev refs/remotes/dev [1ms]
[2022-03-28T12:59:53.719Z] > git remote --verbose [2ms]
[2022-03-28T12:59:53.719Z] > git for-each-ref --sort -committerdate --format %(refname) %(objectname) %(*objectname) [8ms]
[2022-03-28T12:59:53.767Z] > git config --get commit.template [10ms]
[2022-03-28T12:59:58.797Z] > git symbolic-ref --short HEAD [2ms]
[2022-03-28T12:59:58.806Z] > git for-each-ref --format=%(refname)%00%(upstream:short)%00%(objectname)%00%(upstream:track) refs/heads/dev refs/remotes/dev [3ms]
[2022-03-28T12:59:58.820Z] > git for-each-ref --sort -committerdate --format %(refname) %(objectname) %(*objectname) [8ms]
[2022-03-28T12:59:58.821Z] > git remote --verbose [3ms]
[2022-03-28T12:59:58.875Z] > git config --get commit.template [12ms]
[2022-03-28T13:00:03.903Z] > git symbolic-ref --short HEAD [2ms]
[2022-03-28T13:00:03.909Z] > git for-each-ref --format=%(refname)%00%(upstream:short)%00%(objectname)%00%(upstream:track) refs/heads/dev refs/remotes/dev [1ms]
[2022-03-28T13:00:03.918Z] > git for-each-ref --sort -committerdate --format %(refname) %(objectname) %(*objectname) [5ms]
[2022-03-28T13:00:03.918Z] > git remote --verbose [1ms]
[2022-03-28T13:00:03.949Z] > git config --get commit.template [3ms]
[2022-03-28T13:00:08.977Z] > git symbolic-ref --short HEAD [1ms]
[2022-03-28T13:00:08.983Z] > git for-each-ref --format=%(refname)%00%(upstream:short)%00%(objectname)%00%(upstream:track) refs/heads/dev refs/remotes/dev [1ms]
[2022-03-28T13:00:08.993Z] > git for-each-ref --sort -committerdate --format %(refname) %(objectname) %(*objectname) [5ms]
[2022-03-28T13:00:08.994Z] > git remote --verbose [2ms]
[2022-03-28T13:00:09.028Z] > git config --get commit.template [7ms]
[2022-03-28T13:00:14.048Z] > git symbolic-ref --short HEAD [1ms]
[2022-03-28T13:00:14.054Z] > git for-each-ref --format=%(refname)%00%(upstream:short)%00%(objectname)%00%(upstream:track) refs/heads/dev refs/remotes/dev [1ms]
[2022-03-28T13:00:14.063Z] > git for-each-ref --sort -committerdate --format %(refname) %(objectname) %(*objectname) [5ms]
[2022-03-28T13:00:14.063Z] > git remote --verbose [1ms]
[2022-03-28T13:00:14.094Z] > git config --get commit.template [3ms]
[2022-03-28T13:00:19.135Z] > git symbolic-ref --short HEAD [3ms]
[2022-03-28T13:00:19.143Z] > git for-each-ref --format=%(refname)%00%(upstream:short)%00%(objectname)%00%(upstream:track) refs/heads/dev refs/remotes/dev [2ms]
[2022-03-28T13:00:19.155Z] > git for-each-ref --sort -committerdate --format %(refname) %(objectname) %(*objectname) [6ms]
[2022-03-28T13:00:19.156Z] > git remote --verbose [3ms]
[2022-03-28T13:00:19.206Z] > git config --get commit.template [12ms]
[2022-03-28T13:00:24.235Z] > git symbolic-ref --short HEAD [2ms]
[2022-03-28T13:00:24.242Z] > git for-each-ref --format=%(refname)%00%(upstream:short)%00%(objectname)%00%(upstream:track) refs/heads/dev refs/remotes/dev [2ms]
[2022-03-28T13:00:24.254Z] > git for-each-ref --sort -committerdate --format %(refname) %(objectname) %(*objectname) [7ms]
[2022-03-28T13:00:24.254Z] > git remote --verbose [2ms]
[2022-03-28T13:00:24.304Z] > git config --get commit.template [8ms]
[2022-03-28T13:00:29.335Z] > git symbolic-ref --short HEAD [2ms]
[2022-03-28T13:00:29.344Z] > git for-each-ref --format=%(refname)%00%(upstream:short)%00%(objectname)%00%(upstream:track) refs/heads/dev refs/remotes/dev [1ms]
[2022-03-28T13:00:29.356Z] > git for-each-ref --sort -committerdate --format %(refname) %(objectname) %(*objectname) [7ms]
[2022-03-28T13:00:29.357Z] > git remote --verbose [2ms]
[2022-03-28T13:00:29.408Z] > git config --get commit.template [11ms]
[2022-03-28T13:00:34.429Z] > git symbolic-ref --short HEAD [1ms]
[2022-03-28T13:00:34.434Z] > git for-each-ref --format=%(refname)%00%(upstream:short)%00%(objectname)%00%(upstream:track) refs/heads/dev refs/remotes/dev [1ms]
[2022-03-28T13:00:34.445Z] > git for-each-ref --sort -committerdate --format %(refname) %(objectname) %(*objectname) [5ms]
[2022-03-28T13:00:34.446Z] > git remote --verbose [2ms]
[2022-03-28T13:00:34.474Z] > git config --get commit.template [2ms]
[2022-03-28T13:00:39.498Z] > git symbolic-ref --short HEAD [2ms]
[2022-03-28T13:00:39.504Z] > git for-each-ref --format=%(refname)%00%(upstream:short)%00%(objectname)%00%(upstream:track) refs/heads/dev refs/remotes/dev [2ms]
[2022-03-28T13:00:39.513Z] > git for-each-ref --sort -committerdate --format %(refname) %(objectname) %(*objectname) [5ms]
[2022-03-28T13:00:39.514Z] > git remote --verbose [2ms]
[2022-03-28T13:00:39.562Z] > git config --get commit.template [11ms]
[2022-03-28T13:00:44.602Z] > git symbolic-ref --short HEAD [2ms]
[2022-03-28T13:00:44.609Z] > git for-each-ref --format=%(refname)%00%(upstream:short)%00%(objectname)%00%(upstream:track) refs/heads/dev refs/remotes/dev [2ms]
[2022-03-28T13:00:44.618Z] > git for-each-ref --sort -committerdate --format %(refname) %(objectname) %(*objectname) [5ms]
[2022-03-28T13:00:44.619Z] > git remote --verbose [2ms]
[2022-03-28T13:00:44.648Z] > git config --get commit.template [2ms]
[2022-03-28T13:00:49.673Z] > git symbolic-ref --short HEAD [2ms]
[2022-03-28T13:00:49.679Z] > git for-each-ref --format=%(refname)%00%(upstream:short)%00%(objectname)%00%(upstream:track) refs/heads/dev refs/remotes/dev [1ms]
[2022-03-28T13:00:49.692Z] > git for-each-ref --sort -committerdate --format %(refname) %(objectname) %(*objectname) [8ms]
[2022-03-28T13:00:49.693Z] > git remote --verbose [3ms]
[2022-03-28T13:00:49.748Z] > git config --get commit.template [15ms]
[2022-03-28T13:00:54.775Z] > git symbolic-ref --short HEAD [1ms]
[2022-03-28T13:00:54.783Z] > git for-each-ref --format=%(refname)%00%(upstream:short)%00%(objectname)%00%(upstream:track) refs/heads/dev refs/remotes/dev [2ms]
[2022-03-28T13:00:54.797Z] > git for-each-ref --sort -committerdate --format %(refname) %(objectname) %(*objectname) [8ms]
[2022-03-28T13:00:54.797Z] > git remote --verbose [2ms]
[2022-03-28T13:00:54.830Z] > git config --get commit.template [2ms]
[2022-03-28T13:00:59.859Z] > git symbolic-ref --short HEAD [1ms]
[2022-03-28T13:00:59.865Z] > git for-each-ref --format=%(refname)%00%(upstream:short)%00%(objectname)%00%(upstream:track) refs/heads/dev refs/remotes/dev [1ms]
[2022-03-28T13:00:59.906Z] > git for-each-ref --sort -committerdate --format %(refname) %(objectname) %(*objectname) [6ms]
[2022-03-28T13:00:59.906Z] > git remote --verbose [1ms]
[2022-03-28T13:00:59.942Z] > git config --get commit.template [6ms]
[2022-03-28T13:01:07.463Z] > git symbolic-ref --short HEAD [2ms]
[2022-03-28T13:01:07.473Z] > git for-each-ref --format=%(refname)%00%(upstream:short)%00%(objectname)%00%(upstream:track) refs/heads/dev refs/remotes/dev [2ms]
[2022-03-28T13:01:07.492Z] > git for-each-ref --sort -committerdate --format %(refname) %(objectname) %(*objectname) [10ms]
[2022-03-28T13:01:07.493Z] > git remote --verbose [3ms]
[2022-03-28T13:01:07.538Z] > git config --get commit.template [5ms]
[2022-03-28T13:01:12.575Z] > git symbolic-ref --short HEAD [2ms]
[2022-03-28T13:01:12.583Z] > git for-each-ref --format=%(refname)%00%(upstream:short)%00%(objectname)%00%(upstream:track) refs/heads/dev refs/remotes/dev [2ms]
[2022-03-28T13:01:12.597Z] > git for-each-ref --sort -committerdate --format %(refname) %(objectname) %(*objectname) [7ms]
[2022-03-28T13:01:12.598Z] > git remote --verbose [2ms]
[2022-03-28T13:01:12.631Z] > git config --get commit.template [1ms]
[2022-03-28T13:01:17.679Z] > git symbolic-ref --short HEAD [2ms]
[2022-03-28T13:01:17.687Z] > git for-each-ref --format=%(refname)%00%(upstream:short)%00%(objectname)%00%(upstream:track) refs/heads/dev refs/remotes/dev [1ms]
[2022-03-28T13:01:17.701Z] > git for-each-ref --sort -committerdate --format %(refname) %(objectname) %(*objectname) [8ms]
[2022-03-28T13:01:17.702Z] > git remote --verbose [3ms]
[2022-03-28T13:01:17.753Z] > git config --get commit.template [10ms]
[2022-03-28T13:01:22.779Z] > git symbolic-ref --short HEAD [3ms]
[2022-03-28T13:01:22.789Z] > git for-each-ref --format=%(refname)%00%(upstream:short)%00%(objectname)%00%(upstream:track) refs/heads/dev refs/remotes/dev [1ms]
[2022-03-28T13:01:22.801Z] > git remote --verbose [2ms]
[2022-03-28T13:01:22.801Z] > git for-each-ref --sort -committerdate --format %(refname) %(objectname) %(*objectname) [7ms]
[2022-03-28T13:01:22.853Z] > git config --get commit.template [10ms]
[2022-03-28T13:01:27.882Z] > git symbolic-ref --short HEAD [2ms]
[2022-03-28T13:01:27.891Z] > git for-each-ref --format=%(refname)%00%(upstream:short)%00%(objectname)%00%(upstream:track) refs/heads/dev refs/remotes/dev [2ms]
[2022-03-28T13:01:27.902Z] > git for-each-ref --sort -committerdate --format %(refname) %(objectname) %(*objectname) [6ms]
[2022-03-28T13:01:27.903Z] > git remote --verbose [2ms]
[2022-03-28T13:01:27.956Z] > git config --get commit.template [10ms]
[2022-03-28T13:01:32.983Z] > git symbolic-ref --short HEAD [2ms]
[2022-03-28T13:01:32.990Z] > git for-each-ref --format=%(refname)%00%(upstream:short)%00%(objectname)%00%(upstream:track) refs/heads/dev refs/remotes/dev [1ms]
[2022-03-28T13:01:33.001Z] > git for-each-ref --sort -committerdate --format %(refname) %(objectname) %(*objectname) [6ms]
[2022-03-28T13:01:33.001Z] > git remote --verbose [2ms]
[2022-03-28T13:01:33.049Z] > git config --get commit.template [9ms]
[2022-03-28T13:01:38.086Z] > git symbolic-ref --short HEAD [2ms]
[2022-03-28T13:01:38.094Z] > git for-each-ref --format=%(refname)%00%(upstream:short)%00%(objectname)%00%(upstream:track) refs/heads/dev refs/remotes/dev [2ms]
[2022-03-28T13:01:38.107Z] > git for-each-ref --sort -committerdate --format %(refname) %(objectname) %(*objectname) [7ms]
[2022-03-28T13:01:38.108Z] > git remote --verbose [3ms]
[2022-03-28T13:01:38.166Z] > git config --get commit.template [9ms]
[2022-03-28T13:01:43.188Z] > git symbolic-ref --short HEAD [1ms]
[2022-03-28T13:01:43.194Z] > git for-each-ref --format=%(refname)%00%(upstream:short)%00%(objectname)%00%(upstream:track) refs/heads/dev refs/remotes/dev [1ms]
[2022-03-28T13:01:43.203Z] > git for-each-ref --sort -committerdate --format %(refname) %(objectname) %(*objectname) [5ms]
[2022-03-28T13:01:43.203Z] > git remote --verbose [1ms]
[2022-03-28T13:01:43.239Z] > git config --get commit.template [2ms]
[2022-03-28T13:01:48.298Z] > git symbolic-ref --short HEAD [2ms]
[2022-03-28T13:01:48.305Z] > git for-each-ref --format=%(refname)%00%(upstream:short)%00%(objectname)%00%(upstream:track) refs/heads/dev refs/remotes/dev [2ms]
[2022-03-28T13:01:48.315Z] > git for-each-ref --sort -committerdate --format %(refname) %(objectname) %(*objectname) [6ms]
[2022-03-28T13:01:48.316Z] > git remote --verbose [2ms]
[2022-03-28T13:01:48.368Z] > git config --get commit.template [11ms]
[2022-03-28T13:01:53.408Z] > git symbolic-ref --short HEAD [1ms]
[2022-03-28T13:01:53.415Z] > git for-each-ref --format=%(refname)%00%(upstream:short)%00%(objectname)%00%(upstream:track) refs/heads/dev refs/remotes/dev [2ms]
[2022-03-28T13:01:53.431Z] > git for-each-ref --sort -committerdate --format %(refname) %(objectname) %(*objectname) [11ms]
[2022-03-28T13:01:53.432Z] > git remote --verbose [7ms]
[2022-03-28T13:01:53.464Z] > git config --get commit.template [3ms]
[2022-03-28T13:01:58.497Z] > git symbolic-ref --short HEAD [2ms]
[2022-03-28T13:01:58.517Z] > git for-each-ref --format=%(refname)%00%(upstream:short)%00%(objectname)%00%(upstream:track) refs/heads/dev refs/remotes/dev [2ms]
[2022-03-28T13:01:58.533Z] > git for-each-ref --sort -committerdate --format %(refname) %(objectname) %(*objectname) [11ms]
[2022-03-28T13:01:58.534Z] > git remote --verbose [7ms]
[2022-03-28T13:01:58.567Z] > git config --get commit.template [1ms]
[2022-03-28T13:02:03.603Z] > git symbolic-ref --short HEAD [2ms]
[2022-03-28T13:02:03.611Z] > git for-each-ref --format=%(refname)%00%(upstream:short)%00%(objectname)%00%(upstream:track) refs/heads/dev refs/remotes/dev [1ms]
[2022-03-28T13:02:03.623Z] > git for-each-ref --sort -committerdate --format %(refname) %(objectname) %(*objectname) [7ms]
[2022-03-28T13:02:03.624Z] > git remote --verbose [2ms]
[2022-03-28T13:02:03.674Z] > git config --get commit.template [9ms]
[2022-03-28T13:02:08.696Z] > git symbolic-ref --short HEAD [1ms]
[2022-03-28T13:02:08.702Z] > git for-each-ref --format=%(refname)%00%(upstream:short)%00%(objectname)%00%(upstream:track) refs/heads/dev refs/remotes/dev [1ms]
[2022-03-28T13:02:08.711Z] > git for-each-ref --sort -committerdate --format %(refname) %(objectname) %(*objectname) [5ms]
[2022-03-28T13:02:08.712Z] > git remote --verbose [1ms]
[2022-03-28T13:02:08.744Z] > git config --get commit.template [3ms]
[2022-03-28T13:02:13.772Z] > git symbolic-ref --short HEAD [2ms]
[2022-03-28T13:02:13.778Z] > git for-each-ref --format=%(refname)%00%(upstream:short)%00%(objectname)%00%(upstream:track) refs/heads/dev refs/remotes/dev [1ms]
[2022-03-28T13:02:13.791Z] > git for-each-ref --sort -committerdate --format %(refname) %(objectname) %(*objectname) [7ms]
[2022-03-28T13:02:13.791Z] > git remote --verbose [2ms]
[2022-03-28T13:02:13.842Z] > git config --get commit.template [10ms]
[2022-03-28T13:02:18.877Z] > git symbolic-ref --short HEAD [2ms]
[2022-03-28T13:02:18.887Z] > git for-each-ref --format=%(refname)%00%(upstream:short)%00%(objectname)%00%(upstream:track) refs/heads/dev refs/remotes/dev [2ms]
[2022-03-28T13:02:18.901Z] > git for-each-ref --sort -committerdate --format %(refname) %(objectname) %(*objectname) [7ms]
[2022-03-28T13:02:18.901Z] > git remote --verbose [2ms]
[2022-03-28T13:02:18.951Z] > git config --get commit.template [13ms]
[2022-03-28T13:02:23.972Z] > git symbolic-ref --short HEAD [1ms]
[2022-03-28T13:02:24.001Z] > git for-each-ref --format=%(refname)%00%(upstream:short)%00%(objectname)%00%(upstream:track) refs/heads/dev refs/remotes/dev [1ms]
[2022-03-28T13:02:24.011Z] > git for-each-ref --sort -committerdate --format %(refname) %(objectname) %(*objectname) [5ms]
[2022-03-28T13:02:24.012Z] > git remote --verbose [2ms]
[2022-03-28T13:02:24.044Z] > git config --get commit.template [2ms]
[2022-03-28T13:02:29.069Z] > git symbolic-ref --short HEAD [1ms]
[2022-03-28T13:02:29.076Z] > git for-each-ref --format=%(refname)%00%(upstream:short)%00%(objectname)%00%(upstream:track) refs/heads/dev refs/remotes/dev [1ms]
[2022-03-28T13:02:29.090Z] > git for-each-ref --sort -committerdate --format %(refname) %(objectname) %(*objectname) [7ms]
[2022-03-28T13:02:29.091Z] > git remote --verbose [3ms]
[2022-03-28T13:02:29.148Z] > git config --get commit.template [11ms]
[2022-03-28T13:02:34.173Z] > git symbolic-ref --short HEAD [2ms]
[2022-03-28T13:02:34.180Z] > git for-each-ref --format=%(refname)%00%(upstream:short)%00%(objectname)%00%(upstream:track) refs/heads/dev refs/remotes/dev [2ms]
[2022-03-28T13:02:34.192Z] > git for-each-ref --sort -committerdate --format %(refname) %(objectname) %(*objectname) [7ms]
[2022-03-28T13:02:34.193Z] > git remote --verbose [3ms]
[2022-03-28T13:02:34.241Z] > git config --get commit.template [10ms]
[2022-03-28T13:02:36.004Z] > git ls-files --stage -- /home/zero/.screenlayout/normal_screen.sh [3ms]
[2022-03-28T13:02:39.263Z] > git symbolic-ref --short HEAD [1ms]
[2022-03-28T13:02:39.271Z] > git for-each-ref --format=%(refname)%00%(upstream:short)%00%(objectname)%00%(upstream:track) refs/heads/dev refs/remotes/dev [1ms]
[2022-03-28T13:02:39.282Z] > git for-each-ref --sort -committerdate --format %(refname) %(objectname) %(*objectname) [6ms]
[2022-03-28T13:02:39.282Z] > git remote --verbose [1ms]
[2022-03-28T13:02:39.312Z] > git config --get commit.template [2ms]
[2022-03-28T13:02:40.795Z] > git ls-files --stage -- /home/zero/programs.sh [1ms]
[2022-03-28T13:02:44.337Z] > git symbolic-ref --short HEAD [2ms]
[2022-03-28T13:02:44.343Z] > git for-each-ref --format=%(refname)%00%(upstream:short)%00%(objectname)%00%(upstream:track) refs/heads/dev refs/remotes/dev [1ms]
[2022-03-28T13:02:44.354Z] > git for-each-ref --sort -committerdate --format %(refname) %(objectname) %(*objectname) [6ms]
[2022-03-28T13:02:44.354Z] > git remote --verbose [1ms]
[2022-03-28T13:02:44.391Z] > git config --get commit.template [3ms]
[2022-03-28T13:02:49.418Z] > git symbolic-ref --short HEAD [2ms]
[2022-03-28T13:02:49.425Z] > git for-each-ref --format=%(refname)%00%(upstream:short)%00%(objectname)%00%(upstream:track) refs/heads/dev refs/remotes/dev [1ms]
[2022-03-28T13:02:49.439Z] > git for-each-ref --sort -committerdate --format %(refname) %(objectname) %(*objectname) [8ms]
[2022-03-28T13:02:49.440Z] > git remote --verbose [1ms]
[2022-03-28T13:02:49.474Z] > git config --get commit.template [6ms]
[2022-03-28T13:02:54.518Z] > git symbolic-ref --short HEAD [1ms]
[2022-03-28T13:02:54.525Z] > git for-each-ref --format=%(refname)%00%(upstream:short)%00%(objectname)%00%(upstream:track) refs/heads/dev refs/remotes/dev [1ms]
[2022-03-28T13:02:54.540Z] > git for-each-ref --sort -committerdate --format %(refname) %(objectname) %(*objectname) [8ms]
[2022-03-28T13:02:54.541Z] > git remote --verbose [2ms]
[2022-03-28T13:02:54.571Z] > git config --get commit.template [2ms]
[2022-03-28T13:02:59.597Z] > git symbolic-ref --short HEAD [1ms]
[2022-03-28T13:02:59.604Z] > git for-each-ref --format=%(refname)%00%(upstream:short)%00%(objectname)%00%(upstream:track) refs/heads/dev refs/remotes/dev [1ms]
[2022-03-28T13:02:59.619Z] > git for-each-ref --sort -committerdate --format %(refname) %(objectname) %(*objectname) [6ms]
[2022-03-28T13:02:59.620Z] > git remote --verbose [2ms]
[2022-03-28T13:02:59.652Z] > git config --get commit.template [3ms]
[2022-03-28T13:03:04.676Z] > git symbolic-ref --short HEAD [2ms]
[2022-03-28T13:03:04.685Z] > git for-each-ref --format=%(refname)%00%(upstream:short)%00%(objectname)%00%(upstream:track) refs/heads/dev refs/remotes/dev [2ms]
[2022-03-28T13:03:04.698Z] > git for-each-ref --sort -committerdate --format %(refname) %(objectname) %(*objectname) [7ms]
[2022-03-28T13:03:04.698Z] > git remote --verbose [1ms]
[2022-03-28T13:03:04.732Z] > git config --get commit.template [6ms]
