[2022-03-25 10:14:21.030] [exthost] [info] Extension host with pid 1337 started
[2022-03-25 10:14:21.031] [exthost] [info] Skipping acquiring lock for /home/zero/.config/Code/User/workspaceStorage/7eefa6595fbf629acdb6b217e2dcca98.
[2022-03-25 10:14:21.128] [exthost] [info] ExtensionService#_doActivateExtension vscode.debug-auto-launch, startup: true, activationEvent: '*'
[2022-03-25 10:14:21.135] [exthost] [info] ExtensionService#_doActivateExtension vscode.git-base, startup: true, activationEvent: '*', root cause: vscode.github
[2022-03-25 10:14:21.140] [exthost] [info] ExtensionService#_doActivateExtension vscode.ipynb, startup: true, activationEvent: '*'
[2022-03-25 10:14:21.495] [exthost] [info] ExtensionService#_doActivateExtension vscode.git, startup: true, activationEvent: '*'
[2022-03-25 10:14:21.515] [exthost] [info] ExtensionService#_doActivateExtension vscode.github, startup: true, activationEvent: '*'
[2022-03-25 10:14:21.562] [exthost] [info] Eager extensions activated
[2022-03-25 10:14:21.593] [exthost] [info] ExtensionService#_doActivateExtension vscode.emmet, startup: false, activationEvent: 'onStartupFinished'
[2022-03-25 10:14:21.601] [exthost] [info] ExtensionService#_doActivateExtension vscode.merge-conflict, startup: false, activationEvent: 'onStartupFinished'
[2022-03-25 10:14:21.703] [exthost] [warning] [Decorations] CAPPING events from decorations provider vscode.git 2234
[2022-03-25 10:14:24.120] [exthost] [warning] [Decorations] CAPPING events from decorations provider vscode.git 2234
[2022-03-25 10:14:29.216] [exthost] [warning] [Decorations] CAPPING events from decorations provider vscode.git 2234
[2022-03-25 10:14:34.313] [exthost] [warning] [Decorations] CAPPING events from decorations provider vscode.git 2234
[2022-03-25 10:14:39.381] [exthost] [warning] [Decorations] CAPPING events from decorations provider vscode.git 2218
[2022-03-25 10:14:44.480] [exthost] [warning] [Decorations] CAPPING events from decorations provider vscode.git 2218
[2022-03-25 10:14:49.587] [exthost] [warning] [Decorations] CAPPING events from decorations provider vscode.git 2218
[2022-03-25 10:14:54.655] [exthost] [warning] [Decorations] CAPPING events from decorations provider vscode.git 2218
[2022-03-25 10:14:59.753] [exthost] [warning] [Decorations] CAPPING events from decorations provider vscode.git 2219
[2022-03-25 10:15:04.834] [exthost] [warning] [Decorations] CAPPING events from decorations provider vscode.git 2219
[2022-03-25 10:15:09.922] [exthost] [warning] [Decorations] CAPPING events from decorations provider vscode.git 2219
[2022-03-25 10:15:15.019] [exthost] [warning] [Decorations] CAPPING events from decorations provider vscode.git 2219
[2022-03-25 10:17:09.774] [exthost] [warning] [Decorations] CAPPING events from decorations provider vscode.git 2219
[2022-03-25 10:17:14.869] [exthost] [warning] [Decorations] CAPPING events from decorations provider vscode.git 2219
[2022-03-25 10:17:19.944] [exthost] [warning] [Decorations] CAPPING events from decorations provider vscode.git 2219
[2022-03-25 10:17:25.025] [exthost] [warning] [Decorations] CAPPING events from decorations provider vscode.git 2219
[2022-03-25 10:17:30.139] [exthost] [warning] [Decorations] CAPPING events from decorations provider vscode.git 2219
[2022-03-25 10:17:35.282] [exthost] [warning] [Decorations] CAPPING events from decorations provider vscode.git 2219
[2022-03-25 10:17:40.426] [exthost] [warning] [Decorations] CAPPING events from decorations provider vscode.git 2219
[2022-03-25 10:17:45.548] [exthost] [warning] [Decorations] CAPPING events from decorations provider vscode.git 2219
[2022-03-25 10:17:50.662] [exthost] [warning] [Decorations] CAPPING events from decorations provider vscode.git 2219
[2022-03-25 10:17:55.795] [exthost] [warning] [Decorations] CAPPING events from decorations provider vscode.git 2219
[2022-03-25 10:18:00.930] [exthost] [warning] [Decorations] CAPPING events from decorations provider vscode.git 2219
[2022-03-25 10:18:06.060] [exthost] [warning] [Decorations] CAPPING events from decorations provider vscode.git 2219
[2022-03-25 10:18:11.132] [exthost] [warning] [Decorations] CAPPING events from decorations provider vscode.git 2219
[2022-03-25 10:18:16.245] [exthost] [warning] [Decorations] CAPPING events from decorations provider vscode.git 2219
[2022-03-25 10:18:21.371] [exthost] [warning] [Decorations] CAPPING events from decorations provider vscode.git 2219
[2022-03-25 10:18:26.449] [exthost] [warning] [Decorations] CAPPING events from decorations provider vscode.git 2219
[2022-03-25 10:18:31.571] [exthost] [warning] [Decorations] CAPPING events from decorations provider vscode.git 2219
[2022-03-25 10:18:36.680] [exthost] [warning] [Decorations] CAPPING events from decorations provider vscode.git 2219
[2022-03-25 10:18:41.803] [exthost] [warning] [Decorations] CAPPING events from decorations provider vscode.git 2219
[2022-03-25 10:18:46.924] [exthost] [warning] [Decorations] CAPPING events from decorations provider vscode.git 2219
[2022-03-25 10:18:52.039] [exthost] [warning] [Decorations] CAPPING events from decorations provider vscode.git 2219
[2022-03-25 10:18:57.138] [exthost] [warning] [Decorations] CAPPING events from decorations provider vscode.git 2219
[2022-03-25 10:19:02.224] [exthost] [warning] [Decorations] CAPPING events from decorations provider vscode.git 2219
[2022-03-25 10:20:19.699] [exthost] [warning] [Decorations] CAPPING events from decorations provider vscode.git 2219
[2022-03-25 10:21:34.253] [exthost] [warning] [Decorations] CAPPING events from decorations provider vscode.git 2219
[2022-03-25 10:23:30.627] [exthost] [warning] [Decorations] CAPPING events from decorations provider vscode.git 2219
[2022-03-25 10:23:35.699] [exthost] [warning] [Decorations] CAPPING events from decorations provider vscode.git 2219
[2022-03-25 10:25:22.798] [exthost] [warning] [Decorations] CAPPING events from decorations provider vscode.git 2218
[2022-03-25 10:25:28.012] [exthost] [warning] [Decorations] CAPPING events from decorations provider vscode.git 2218
[2022-03-25 10:26:51.949] [exthost] [warning] [Decorations] CAPPING events from decorations provider vscode.git 2218
[2022-03-25 10:26:57.996] [exthost] [warning] [Decorations] CAPPING events from decorations provider vscode.git 2218
[2022-03-25 10:27:03.097] [exthost] [warning] [Decorations] CAPPING events from decorations provider vscode.git 2218
[2022-03-25 10:27:08.168] [exthost] [warning] [Decorations] CAPPING events from decorations provider vscode.git 2218
[2022-03-25 10:27:13.301] [exthost] [warning] [Decorations] CAPPING events from decorations provider vscode.git 2218
[2022-03-25 10:27:18.428] [exthost] [warning] [Decorations] CAPPING events from decorations provider vscode.git 2218
[2022-03-25 10:27:26.215] [exthost] [warning] [Decorations] CAPPING events from decorations provider vscode.git 2218
[2022-03-25 10:27:31.310] [exthost] [warning] [Decorations] CAPPING events from decorations provider vscode.git 2218
[2022-03-25 10:27:36.429] [exthost] [warning] [Decorations] CAPPING events from decorations provider vscode.git 2218
[2022-03-25 10:28:25.693] [exthost] [warning] [Decorations] CAPPING events from decorations provider vscode.git 2218
[2022-03-25 10:28:42.880] [exthost] [warning] [Decorations] CAPPING events from decorations provider vscode.git 2218
[2022-03-25 10:28:47.946] [exthost] [warning] [Decorations] CAPPING events from decorations provider vscode.git 2218
[2022-03-25 10:28:53.038] [exthost] [warning] [Decorations] CAPPING events from decorations provider vscode.git 2218
[2022-03-25 10:28:58.129] [exthost] [warning] [Decorations] CAPPING events from decorations provider vscode.git 2218
[2022-03-25 10:29:03.220] [exthost] [warning] [Decorations] CAPPING events from decorations provider vscode.git 2218
[2022-03-25 10:29:08.307] [exthost] [warning] [Decorations] CAPPING events from decorations provider vscode.git 2218
[2022-03-25 10:29:13.401] [exthost] [warning] [Decorations] CAPPING events from decorations provider vscode.git 2218
[2022-03-25 10:29:18.510] [exthost] [warning] [Decorations] CAPPING events from decorations provider vscode.git 2218
[2022-03-25 10:29:23.617] [exthost] [warning] [Decorations] CAPPING events from decorations provider vscode.git 2218
[2022-03-25 10:29:28.686] [exthost] [warning] [Decorations] CAPPING events from decorations provider vscode.git 2218
[2022-03-25 10:29:33.765] [exthost] [warning] [Decorations] CAPPING events from decorations provider vscode.git 2218
[2022-03-25 10:29:38.864] [exthost] [warning] [Decorations] CAPPING events from decorations provider vscode.git 2218
[2022-03-25 10:29:43.957] [exthost] [warning] [Decorations] CAPPING events from decorations provider vscode.git 2218
[2022-03-25 10:29:49.026] [exthost] [warning] [Decorations] CAPPING events from decorations provider vscode.git 2218
[2022-03-25 10:29:54.104] [exthost] [warning] [Decorations] CAPPING events from decorations provider vscode.git 2218
[2022-03-25 10:29:59.361] [exthost] [warning] [Decorations] CAPPING events from decorations provider vscode.git 2218
[2022-03-25 10:30:04.443] [exthost] [warning] [Decorations] CAPPING events from decorations provider vscode.git 2218
[2022-03-25 10:30:09.524] [exthost] [warning] [Decorations] CAPPING events from decorations provider vscode.git 2218
[2022-03-25 10:30:14.597] [exthost] [warning] [Decorations] CAPPING events from decorations provider vscode.git 2218
[2022-03-25 10:30:19.709] [exthost] [warning] [Decorations] CAPPING events from decorations provider vscode.git 2218
[2022-03-25 10:30:24.794] [exthost] [warning] [Decorations] CAPPING events from decorations provider vscode.git 2218
[2022-03-25 10:30:29.889] [exthost] [warning] [Decorations] CAPPING events from decorations provider vscode.git 2218
[2022-03-25 10:30:34.970] [exthost] [warning] [Decorations] CAPPING events from decorations provider vscode.git 2218
[2022-03-25 10:30:40.070] [exthost] [warning] [Decorations] CAPPING events from decorations provider vscode.git 2218
[2022-03-25 10:30:45.155] [exthost] [warning] [Decorations] CAPPING events from decorations provider vscode.git 2218
[2022-03-25 10:30:50.252] [exthost] [warning] [Decorations] CAPPING events from decorations provider vscode.git 2218
[2022-03-25 10:30:55.353] [exthost] [warning] [Decorations] CAPPING events from decorations provider vscode.git 2218
[2022-03-25 10:31:00.435] [exthost] [warning] [Decorations] CAPPING events from decorations provider vscode.git 2218
[2022-03-25 10:31:05.505] [exthost] [warning] [Decorations] CAPPING events from decorations provider vscode.git 2218
[2022-03-25 10:31:10.576] [exthost] [warning] [Decorations] CAPPING events from decorations provider vscode.git 2218
[2022-03-25 10:31:15.663] [exthost] [warning] [Decorations] CAPPING events from decorations provider vscode.git 2218
[2022-03-25 10:31:20.732] [exthost] [warning] [Decorations] CAPPING events from decorations provider vscode.git 2218
[2022-03-25 10:31:25.816] [exthost] [warning] [Decorations] CAPPING events from decorations provider vscode.git 2218
[2022-03-25 10:31:30.909] [exthost] [warning] [Decorations] CAPPING events from decorations provider vscode.git 2218
[2022-03-25 10:31:35.982] [exthost] [warning] [Decorations] CAPPING events from decorations provider vscode.git 2218
[2022-03-25 10:31:41.054] [exthost] [warning] [Decorations] CAPPING events from decorations provider vscode.git 2218
[2022-03-25 10:31:46.133] [exthost] [warning] [Decorations] CAPPING events from decorations provider vscode.git 2218
[2022-03-25 10:31:51.276] [exthost] [warning] [Decorations] CAPPING events from decorations provider vscode.git 2218
[2022-03-25 10:31:56.397] [exthost] [warning] [Decorations] CAPPING events from decorations provider vscode.git 2218
[2022-03-25 10:32:01.528] [exthost] [warning] [Decorations] CAPPING events from decorations provider vscode.git 2218
[2022-03-25 10:32:06.640] [exthost] [warning] [Decorations] CAPPING events from decorations provider vscode.git 2218
[2022-03-25 10:32:11.755] [exthost] [warning] [Decorations] CAPPING events from decorations provider vscode.git 2218
[2022-03-25 10:32:16.882] [exthost] [warning] [Decorations] CAPPING events from decorations provider vscode.git 2218
[2022-03-25 10:32:22.002] [exthost] [warning] [Decorations] CAPPING events from decorations provider vscode.git 2218
[2022-03-25 10:32:27.126] [exthost] [warning] [Decorations] CAPPING events from decorations provider vscode.git 2218
[2022-03-25 10:32:32.226] [exthost] [warning] [Decorations] CAPPING events from decorations provider vscode.git 2218
[2022-03-25 10:32:37.372] [exthost] [warning] [Decorations] CAPPING events from decorations provider vscode.git 2218
[2022-03-25 10:32:42.497] [exthost] [warning] [Decorations] CAPPING events from decorations provider vscode.git 2218
[2022-03-25 10:32:47.638] [exthost] [warning] [Decorations] CAPPING events from decorations provider vscode.git 2218
[2022-03-25 10:32:52.752] [exthost] [warning] [Decorations] CAPPING events from decorations provider vscode.git 2218
[2022-03-25 10:32:57.890] [exthost] [warning] [Decorations] CAPPING events from decorations provider vscode.git 2218
[2022-03-25 10:33:03.017] [exthost] [warning] [Decorations] CAPPING events from decorations provider vscode.git 2218
[2022-03-25 10:33:08.146] [exthost] [warning] [Decorations] CAPPING events from decorations provider vscode.git 2218
[2022-03-25 10:33:13.227] [exthost] [warning] [Decorations] CAPPING events from decorations provider vscode.git 2218
[2022-03-25 10:33:18.356] [exthost] [warning] [Decorations] CAPPING events from decorations provider vscode.git 2218
[2022-03-25 10:33:23.493] [exthost] [warning] [Decorations] CAPPING events from decorations provider vscode.git 2218
[2022-03-25 10:33:28.629] [exthost] [warning] [Decorations] CAPPING events from decorations provider vscode.git 2218
[2022-03-25 10:33:33.729] [exthost] [warning] [Decorations] CAPPING events from decorations provider vscode.git 2218
[2022-03-25 10:33:38.845] [exthost] [warning] [Decorations] CAPPING events from decorations provider vscode.git 2218
[2022-03-25 10:33:43.976] [exthost] [warning] [Decorations] CAPPING events from decorations provider vscode.git 2218
[2022-03-25 10:33:49.099] [exthost] [warning] [Decorations] CAPPING events from decorations provider vscode.git 2218
[2022-03-25 10:33:54.221] [exthost] [warning] [Decorations] CAPPING events from decorations provider vscode.git 2218
[2022-03-25 10:33:59.354] [exthost] [warning] [Decorations] CAPPING events from decorations provider vscode.git 2218
[2022-03-25 10:34:04.474] [exthost] [warning] [Decorations] CAPPING events from decorations provider vscode.git 2218
[2022-03-25 10:34:09.574] [exthost] [warning] [Decorations] CAPPING events from decorations provider vscode.git 2218
[2022-03-25 10:34:14.655] [exthost] [warning] [Decorations] CAPPING events from decorations provider vscode.git 2218
[2022-03-25 10:34:19.741] [exthost] [warning] [Decorations] CAPPING events from decorations provider vscode.git 2218
[2022-03-25 10:34:24.871] [exthost] [warning] [Decorations] CAPPING events from decorations provider vscode.git 2218
[2022-03-25 10:34:29.982] [exthost] [warning] [Decorations] CAPPING events from decorations provider vscode.git 2218
[2022-03-25 10:34:35.132] [exthost] [warning] [Decorations] CAPPING events from decorations provider vscode.git 2218
[2022-03-25 10:34:40.255] [exthost] [warning] [Decorations] CAPPING events from decorations provider vscode.git 2218
[2022-03-25 10:34:45.366] [exthost] [warning] [Decorations] CAPPING events from decorations provider vscode.git 2218
[2022-03-25 10:34:50.468] [exthost] [warning] [Decorations] CAPPING events from decorations provider vscode.git 2218
[2022-03-25 10:34:55.620] [exthost] [warning] [Decorations] CAPPING events from decorations provider vscode.git 2218
[2022-03-25 10:35:00.744] [exthost] [warning] [Decorations] CAPPING events from decorations provider vscode.git 2218
[2022-03-25 10:35:05.872] [exthost] [warning] [Decorations] CAPPING events from decorations provider vscode.git 2218
[2022-03-25 10:35:11.005] [exthost] [warning] [Decorations] CAPPING events from decorations provider vscode.git 2218
[2022-03-25 10:35:15.341] [exthost] [info] extension host terminating: renderer closed the socket
[2022-03-25 10:35:15.360] [exthost] [info] Extension host with pid 1337 exiting with code 0
