[2022-03-26T11:50:26.109Z] Validating found git in: git
[2022-03-26T11:50:26.155Z] Using git 2.35.1 from git
[2022-03-26T11:50:26.181Z] > git rev-parse --git-dir [2ms]
[2022-03-26T11:50:26.186Z] Open repository: /home/zero
[2022-03-26T11:50:26.255Z] > git symbolic-ref --short HEAD [3ms]
[2022-03-26T11:50:26.265Z] > git for-each-ref --format=%(refname)%00%(upstream:short)%00%(objectname)%00%(upstream:track) refs/heads/dev refs/remotes/dev [3ms]
[2022-03-26T11:50:26.281Z] > git remote --verbose [3ms]
[2022-03-26T11:50:26.282Z] > git for-each-ref --sort -committerdate --format %(refname) %(objectname) %(*objectname) [10ms]
[2022-03-26T11:50:27.018Z] > git config --get commit.template [73ms]
[2022-03-26T11:50:27.072Z] > git ls-files --stage -- /home/zero/.xsession [6ms]
[2022-03-26T11:50:28.881Z] > git symbolic-ref --short HEAD [1ms]
[2022-03-26T11:50:28.883Z] > git for-each-ref --format=%(refname)%00%(upstream:short)%00%(objectname)%00%(upstream:track) refs/heads/dev refs/remotes/dev [0ms]
[2022-03-26T11:50:28.888Z] > git for-each-ref --sort -committerdate --format %(refname) %(objectname) %(*objectname) [2ms]
[2022-03-26T11:50:28.889Z] > git remote --verbose [2ms]
[2022-03-26T11:50:28.910Z] > git config --get commit.template [0ms]
[2022-03-26T11:50:33.927Z] > git symbolic-ref --short HEAD [0ms]
[2022-03-26T11:50:33.930Z] > git for-each-ref --format=%(refname)%00%(upstream:short)%00%(objectname)%00%(upstream:track) refs/heads/dev refs/remotes/dev [0ms]
[2022-03-26T11:50:33.935Z] > git for-each-ref --sort -committerdate --format %(refname) %(objectname) %(*objectname) [2ms]
[2022-03-26T11:50:33.936Z] > git remote --verbose [1ms]
[2022-03-26T11:50:33.957Z] > git config --get commit.template [5ms]
[2022-03-26T11:50:38.974Z] > git symbolic-ref --short HEAD [1ms]
[2022-03-26T11:50:38.977Z] > git for-each-ref --format=%(refname)%00%(upstream:short)%00%(objectname)%00%(upstream:track) refs/heads/dev refs/remotes/dev [1ms]
[2022-03-26T11:50:38.984Z] > git for-each-ref --sort -committerdate --format %(refname) %(objectname) %(*objectname) [4ms]
[2022-03-26T11:50:38.984Z] > git remote --verbose [1ms]
[2022-03-26T11:50:39.023Z] > git config --get commit.template [9ms]
[2022-03-26T11:51:32.441Z] > git symbolic-ref --short HEAD [1ms]
[2022-03-26T11:51:32.445Z] > git for-each-ref --format=%(refname)%00%(upstream:short)%00%(objectname)%00%(upstream:track) refs/heads/dev refs/remotes/dev [1ms]
[2022-03-26T11:51:32.451Z] > git for-each-ref --sort -committerdate --format %(refname) %(objectname) %(*objectname) [3ms]
[2022-03-26T11:51:32.452Z] > git remote --verbose [2ms]
[2022-03-26T11:51:32.490Z] > git config --get commit.template [1ms]
[2022-03-26T11:51:37.511Z] > git symbolic-ref --short HEAD [1ms]
[2022-03-26T11:51:37.515Z] > git for-each-ref --format=%(refname)%00%(upstream:short)%00%(objectname)%00%(upstream:track) refs/heads/dev refs/remotes/dev [1ms]
[2022-03-26T11:51:37.520Z] > git for-each-ref --sort -committerdate --format %(refname) %(objectname) %(*objectname) [3ms]
[2022-03-26T11:51:37.520Z] > git remote --verbose [1ms]
[2022-03-26T11:51:37.553Z] > git config --get commit.template [6ms]
[2022-03-26T11:51:39.035Z] > git ls-files --stage -- /home/zero/.screenlayout/normal_screen.sh [5ms]
[2022-03-26T11:51:42.571Z] > git symbolic-ref --short HEAD [1ms]
[2022-03-26T11:51:42.574Z] > git for-each-ref --format=%(refname)%00%(upstream:short)%00%(objectname)%00%(upstream:track) refs/heads/dev refs/remotes/dev [1ms]
[2022-03-26T11:51:42.580Z] > git for-each-ref --sort -committerdate --format %(refname) %(objectname) %(*objectname) [3ms]
[2022-03-26T11:51:42.580Z] > git remote --verbose [1ms]
[2022-03-26T11:51:42.599Z] > git config --get commit.template [0ms]
[2022-03-26T11:51:47.616Z] > git symbolic-ref --short HEAD [1ms]
[2022-03-26T11:51:47.619Z] > git for-each-ref --format=%(refname)%00%(upstream:short)%00%(objectname)%00%(upstream:track) refs/heads/dev refs/remotes/dev [1ms]
[2022-03-26T11:51:47.632Z] > git for-each-ref --sort -committerdate --format %(refname) %(objectname) %(*objectname) [4ms]
[2022-03-26T11:51:47.632Z] > git remote --verbose [1ms]
[2022-03-26T11:51:47.651Z] > git config --get commit.template [1ms]
[2022-03-26T11:51:48.641Z] > git ls-files --stage -- /home/zero/.xsession [4ms]
[2022-03-26T11:51:52.705Z] > git symbolic-ref --short HEAD [3ms]
[2022-03-26T11:51:52.718Z] > git for-each-ref --format=%(refname)%00%(upstream:short)%00%(objectname)%00%(upstream:track) refs/heads/dev refs/remotes/dev [3ms]
[2022-03-26T11:51:52.733Z] > git for-each-ref --sort -committerdate --format %(refname) %(objectname) %(*objectname) [7ms]
[2022-03-26T11:51:52.734Z] > git remote --verbose [2ms]
[2022-03-26T11:51:52.759Z] > git config --get commit.template [2ms]
[2022-03-26T11:51:57.776Z] > git symbolic-ref --short HEAD [1ms]
[2022-03-26T11:51:57.779Z] > git for-each-ref --format=%(refname)%00%(upstream:short)%00%(objectname)%00%(upstream:track) refs/heads/dev refs/remotes/dev [1ms]
[2022-03-26T11:51:57.785Z] > git for-each-ref --sort -committerdate --format %(refname) %(objectname) %(*objectname) [4ms]
[2022-03-26T11:51:57.785Z] > git remote --verbose [1ms]
[2022-03-26T11:51:57.803Z] > git config --get commit.template [0ms]
[2022-03-26T11:52:02.823Z] > git symbolic-ref --short HEAD [1ms]
[2022-03-26T11:52:02.826Z] > git for-each-ref --format=%(refname)%00%(upstream:short)%00%(objectname)%00%(upstream:track) refs/heads/dev refs/remotes/dev [0ms]
[2022-03-26T11:52:02.832Z] > git for-each-ref --sort -committerdate --format %(refname) %(objectname) %(*objectname) [3ms]
[2022-03-26T11:52:02.832Z] > git remote --verbose [1ms]
[2022-03-26T11:52:02.851Z] > git config --get commit.template [2ms]
[2022-03-26T11:52:07.866Z] > git symbolic-ref --short HEAD [1ms]
[2022-03-26T11:52:07.869Z] > git for-each-ref --format=%(refname)%00%(upstream:short)%00%(objectname)%00%(upstream:track) refs/heads/dev refs/remotes/dev [1ms]
[2022-03-26T11:52:07.874Z] > git for-each-ref --sort -committerdate --format %(refname) %(objectname) %(*objectname) [3ms]
[2022-03-26T11:52:07.875Z] > git remote --verbose [1ms]
[2022-03-26T11:52:07.895Z] > git config --get commit.template [1ms]
[2022-03-26T11:52:12.913Z] > git symbolic-ref --short HEAD [1ms]
[2022-03-26T11:52:12.916Z] > git for-each-ref --format=%(refname)%00%(upstream:short)%00%(objectname)%00%(upstream:track) refs/heads/dev refs/remotes/dev [0ms]
[2022-03-26T11:52:12.930Z] > git for-each-ref --sort -committerdate --format %(refname) %(objectname) %(*objectname) [4ms]
[2022-03-26T11:52:12.931Z] > git remote --verbose [2ms]
[2022-03-26T11:52:12.961Z] > git config --get commit.template [3ms]
