[2022-03-25T14:34:44.522Z] Validating found git in: git
[2022-03-25T14:34:44.652Z] Using git 2.35.1 from git
[2022-03-25T14:34:44.876Z] > git rev-parse --git-dir [57ms]
[2022-03-25T14:34:44.880Z] Open repository: /home/zero
[2022-03-25T14:34:44.933Z] > git symbolic-ref --short HEAD [14ms]
[2022-03-25T14:34:44.945Z] > git for-each-ref --format=%(refname)%00%(upstream:short)%00%(objectname)%00%(upstream:track) refs/heads/dev refs/remotes/dev [4ms]
[2022-03-25T14:34:44.969Z] > git remote --verbose [9ms]
[2022-03-25T14:34:44.970Z] > git for-each-ref --sort -committerdate --format %(refname) %(objectname) %(*objectname) [17ms]
[2022-03-25T14:34:45.881Z] > git config --get commit.template [33ms]
[2022-03-25T14:34:45.968Z] > git ls-files --stage -- /home/zero/.config/qtile/config.py [8ms]
[2022-03-25T14:34:48.273Z] > git ls-files --stage -- /home/zero/.xsession [3ms]
[2022-03-25T14:34:51.459Z] > git symbolic-ref --short HEAD [2ms]
[2022-03-25T14:34:51.468Z] > git for-each-ref --format=%(refname)%00%(upstream:short)%00%(objectname)%00%(upstream:track) refs/heads/dev refs/remotes/dev [2ms]
[2022-03-25T14:34:51.482Z] > git for-each-ref --sort -committerdate --format %(refname) %(objectname) %(*objectname) [8ms]
[2022-03-25T14:34:51.483Z] > git remote --verbose [2ms]
[2022-03-25T14:34:51.535Z] > git config --get commit.template [1ms]
[2022-03-25T14:34:56.562Z] > git symbolic-ref --short HEAD [1ms]
[2022-03-25T14:34:56.570Z] > git for-each-ref --format=%(refname)%00%(upstream:short)%00%(objectname)%00%(upstream:track) refs/heads/dev refs/remotes/dev [1ms]
[2022-03-25T14:34:56.587Z] > git for-each-ref --sort -committerdate --format %(refname) %(objectname) %(*objectname) [8ms]
[2022-03-25T14:34:56.587Z] > git remote --verbose [1ms]
[2022-03-25T14:34:56.625Z] > git config --get commit.template [3ms]
[2022-03-25T14:35:01.681Z] > git symbolic-ref --short HEAD [2ms]
[2022-03-25T14:35:01.691Z] > git for-each-ref --format=%(refname)%00%(upstream:short)%00%(objectname)%00%(upstream:track) refs/heads/dev refs/remotes/dev [2ms]
[2022-03-25T14:35:01.710Z] > git for-each-ref --sort -committerdate --format %(refname) %(objectname) %(*objectname) [10ms]
[2022-03-25T14:35:01.710Z] > git remote --verbose [2ms]
[2022-03-25T14:35:01.757Z] > git config --get commit.template [4ms]
[2022-03-25T14:35:06.800Z] > git symbolic-ref --short HEAD [1ms]
[2022-03-25T14:35:06.809Z] > git for-each-ref --format=%(refname)%00%(upstream:short)%00%(objectname)%00%(upstream:track) refs/heads/dev refs/remotes/dev [1ms]
[2022-03-25T14:35:06.830Z] > git for-each-ref --sort -committerdate --format %(refname) %(objectname) %(*objectname) [11ms]
[2022-03-25T14:35:06.831Z] > git remote --verbose [2ms]
[2022-03-25T14:35:06.880Z] > git config --get commit.template [5ms]
[2022-03-25T14:35:11.910Z] > git symbolic-ref --short HEAD [2ms]
[2022-03-25T14:35:11.918Z] > git for-each-ref --format=%(refname)%00%(upstream:short)%00%(objectname)%00%(upstream:track) refs/heads/dev refs/remotes/dev [2ms]
[2022-03-25T14:35:11.935Z] > git for-each-ref --sort -committerdate --format %(refname) %(objectname) %(*objectname) [9ms]
[2022-03-25T14:35:11.936Z] > git remote --verbose [2ms]
[2022-03-25T14:35:11.971Z] > git config --get commit.template [3ms]
[2022-03-25T14:35:17.014Z] > git symbolic-ref --short HEAD [2ms]
[2022-03-25T14:35:17.024Z] > git for-each-ref --format=%(refname)%00%(upstream:short)%00%(objectname)%00%(upstream:track) refs/heads/dev refs/remotes/dev [1ms]
[2022-03-25T14:35:17.039Z] > git for-each-ref --sort -committerdate --format %(refname) %(objectname) %(*objectname) [8ms]
[2022-03-25T14:35:17.040Z] > git remote --verbose [2ms]
[2022-03-25T14:35:17.087Z] > git config --get commit.template [11ms]
[2022-03-25T14:35:22.118Z] > git symbolic-ref --short HEAD [2ms]
[2022-03-25T14:35:22.127Z] > git for-each-ref --format=%(refname)%00%(upstream:short)%00%(objectname)%00%(upstream:track) refs/heads/dev refs/remotes/dev [1ms]
[2022-03-25T14:35:22.146Z] > git for-each-ref --sort -committerdate --format %(refname) %(objectname) %(*objectname) [10ms]
[2022-03-25T14:35:22.146Z] > git remote --verbose [1ms]
[2022-03-25T14:35:22.184Z] > git config --get commit.template [4ms]
[2022-03-25T14:36:18.519Z] > git symbolic-ref --short HEAD [1ms]
[2022-03-25T14:36:18.530Z] > git for-each-ref --format=%(refname)%00%(upstream:short)%00%(objectname)%00%(upstream:track) refs/heads/dev refs/remotes/dev [2ms]
[2022-03-25T14:36:18.555Z] > git for-each-ref --sort -committerdate --format %(refname) %(objectname) %(*objectname) [13ms]
[2022-03-25T14:36:18.556Z] > git remote --verbose [2ms]
[2022-03-25T14:36:18.607Z] > git config --get commit.template [8ms]
[2022-03-25T14:36:24.725Z] > git symbolic-ref --short HEAD [2ms]
[2022-03-25T14:36:24.738Z] > git for-each-ref --format=%(refname)%00%(upstream:short)%00%(objectname)%00%(upstream:track) refs/heads/dev refs/remotes/dev [2ms]
[2022-03-25T14:36:24.755Z] > git for-each-ref --sort -committerdate --format %(refname) %(objectname) %(*objectname) [10ms]
[2022-03-25T14:36:24.756Z] > git remote --verbose [3ms]
[2022-03-25T14:36:24.809Z] > git config --get commit.template [4ms]
