[2022-03-24T22:46:06.759Z] Validating found git in: git
[2022-03-24T22:46:06.782Z] Using git 2.35.1 from git
[2022-03-24T22:46:06.845Z] > git rev-parse --git-dir [1ms]
[2022-03-24T22:46:06.848Z] Open repository: /home/zero/.oh-my-zsh
[2022-03-24T22:46:07.025Z] > git rev-parse --git-dir [1ms]
[2022-03-24T22:46:07.028Z] Open repository: /home/zero/my_arch_configuration
[2022-03-24T22:46:07.050Z] > git rev-parse --git-dir [1ms]
[2022-03-24T22:46:07.053Z] Open repository: /home/zero/zarch
[2022-03-24T22:46:07.117Z] > git symbolic-ref --short HEAD [9ms]
[2022-03-24T22:46:07.122Z] > git symbolic-ref --short HEAD [18ms]
[2022-03-24T22:46:07.126Z] > git symbolic-ref --short HEAD [27ms]
[2022-03-24T22:46:07.133Z] > git for-each-ref --format=%(refname)%00%(upstream:short)%00%(objectname)%00%(upstream:track) refs/heads/master refs/remotes/master [8ms]
[2022-03-24T22:46:07.142Z] > git for-each-ref --format=%(refname)%00%(upstream:short)%00%(objectname)%00%(upstream:track) refs/heads/master refs/remotes/master [21ms]
[2022-03-24T22:46:07.153Z] > git remote --verbose [2ms]
[2022-03-24T22:46:07.154Z] > git for-each-ref --sort -committerdate --format %(refname) %(objectname) %(*objectname) [7ms]
[2022-03-24T22:46:07.156Z] > git remote --verbose [15ms]
[2022-03-24T22:46:07.156Z] > git for-each-ref --sort -committerdate --format %(refname) %(objectname) %(*objectname) [19ms]
[2022-03-24T22:46:07.222Z] > git for-each-ref --format=%(refname)%00%(upstream:short)%00%(objectname)%00%(upstream:track) refs/heads/master refs/remotes/master [93ms]
[2022-03-24T22:46:07.254Z] > git remote --verbose [20ms]
[2022-03-24T22:46:07.255Z] > git for-each-ref --sort -committerdate --format %(refname) %(objectname) %(*objectname) [27ms]
[2022-03-24T22:46:07.266Z] > git config --get commit.template [20ms]
[2022-03-24T22:46:07.268Z] > git config --get commit.template [28ms]
[2022-03-24T22:46:07.269Z] > git config --get commit.template [4ms]
[2022-03-24T22:46:36.897Z] > git rev-parse --git-dir [1ms]
[2022-03-24T22:46:36.899Z] Open repository: /home/zero
[2022-03-24T22:46:36.924Z] > git symbolic-ref --short HEAD [1ms]
[2022-03-24T22:46:36.928Z] > git for-each-ref --format=%(refname)%00%(upstream:short)%00%(objectname)%00%(upstream:track) refs/heads/master refs/remotes/master [1ms]
[2022-03-24T22:46:36.937Z] > git for-each-ref --sort -committerdate --format %(refname) %(objectname) %(*objectname) [5ms]
[2022-03-24T22:46:36.937Z] > git remote --verbose [3ms]
[2022-03-24T22:46:36.971Z] > git config --get commit.template [1ms]
[2022-03-24T22:46:37.502Z] > git ls-files --stage -- /home/zero/.xsession [1ms]
[2022-03-24T22:46:38.577Z] > git symbolic-ref --short HEAD [1ms]
[2022-03-24T22:46:38.580Z] > git for-each-ref --format=%(refname)%00%(upstream:short)%00%(objectname)%00%(upstream:track) refs/heads/master refs/remotes/master [1ms]
[2022-03-24T22:46:38.585Z] > git for-each-ref --sort -committerdate --format %(refname) %(objectname) %(*objectname) [3ms]
[2022-03-24T22:46:38.585Z] > git remote --verbose [1ms]
[2022-03-24T22:46:38.605Z] > git config --get commit.template [0ms]
[2022-03-24T22:46:43.623Z] > git symbolic-ref --short HEAD [0ms]
[2022-03-24T22:46:43.627Z] > git for-each-ref --format=%(refname)%00%(upstream:short)%00%(objectname)%00%(upstream:track) refs/heads/master refs/remotes/master [1ms]
[2022-03-24T22:46:43.633Z] > git for-each-ref --sort -committerdate --format %(refname) %(objectname) %(*objectname) [3ms]
[2022-03-24T22:46:43.634Z] > git remote --verbose [1ms]
[2022-03-24T22:46:43.653Z] > git config --get commit.template [2ms]
[2022-03-24T22:46:48.676Z] > git symbolic-ref --short HEAD [1ms]
[2022-03-24T22:46:48.681Z] > git for-each-ref --format=%(refname)%00%(upstream:short)%00%(objectname)%00%(upstream:track) refs/heads/master refs/remotes/master [1ms]
[2022-03-24T22:46:48.724Z] > git for-each-ref --sort -committerdate --format %(refname) %(objectname) %(*objectname) [7ms]
[2022-03-24T22:46:48.724Z] > git remote --verbose [4ms]
[2022-03-24T22:46:48.746Z] > git config --get commit.template [2ms]
[2022-03-24T22:46:53.765Z] > git symbolic-ref --short HEAD [1ms]
[2022-03-24T22:46:53.769Z] > git for-each-ref --format=%(refname)%00%(upstream:short)%00%(objectname)%00%(upstream:track) refs/heads/master refs/remotes/master [1ms]
[2022-03-24T22:46:53.784Z] > git for-each-ref --sort -committerdate --format %(refname) %(objectname) %(*objectname) [5ms]
[2022-03-24T22:46:53.784Z] > git remote --verbose [2ms]
[2022-03-24T22:46:53.833Z] > git config --get commit.template [8ms]
[2022-03-24T22:46:58.849Z] > git symbolic-ref --short HEAD [1ms]
[2022-03-24T22:46:58.853Z] > git for-each-ref --format=%(refname)%00%(upstream:short)%00%(objectname)%00%(upstream:track) refs/heads/master refs/remotes/master [1ms]
[2022-03-24T22:46:58.899Z] > git for-each-ref --sort -committerdate --format %(refname) %(objectname) %(*objectname) [8ms]
[2022-03-24T22:46:58.900Z] > git remote --verbose [3ms]
[2022-03-24T22:46:58.944Z] > git config --get commit.template [3ms]
[2022-03-24T22:47:03.961Z] > git symbolic-ref --short HEAD [0ms]
[2022-03-24T22:47:03.965Z] > git for-each-ref --format=%(refname)%00%(upstream:short)%00%(objectname)%00%(upstream:track) refs/heads/master refs/remotes/master [1ms]
[2022-03-24T22:47:04.012Z] > git for-each-ref --sort -committerdate --format %(refname) %(objectname) %(*objectname) [8ms]
[2022-03-24T22:47:04.013Z] > git remote --verbose [3ms]
[2022-03-24T22:47:04.057Z] > git config --get commit.template [2ms]
[2022-03-24T22:47:09.083Z] > git symbolic-ref --short HEAD [0ms]
[2022-03-24T22:47:09.087Z] > git for-each-ref --format=%(refname)%00%(upstream:short)%00%(objectname)%00%(upstream:track) refs/heads/master refs/remotes/master [1ms]
[2022-03-24T22:47:09.093Z] > git for-each-ref --sort -committerdate --format %(refname) %(objectname) %(*objectname) [3ms]
[2022-03-24T22:47:09.093Z] > git remote --verbose [1ms]
[2022-03-24T22:47:09.113Z] > git config --get commit.template [0ms]
[2022-03-24T22:47:14.137Z] > git symbolic-ref --short HEAD [1ms]
[2022-03-24T22:47:14.141Z] > git for-each-ref --format=%(refname)%00%(upstream:short)%00%(objectname)%00%(upstream:track) refs/heads/master refs/remotes/master [1ms]
[2022-03-24T22:47:14.148Z] > git for-each-ref --sort -committerdate --format %(refname) %(objectname) %(*objectname) [4ms]
[2022-03-24T22:47:14.149Z] > git remote --verbose [1ms]
[2022-03-24T22:47:14.182Z] > git config --get commit.template [6ms]
[2022-03-24T22:47:19.197Z] > git symbolic-ref --short HEAD [1ms]
[2022-03-24T22:47:19.200Z] > git for-each-ref --format=%(refname)%00%(upstream:short)%00%(objectname)%00%(upstream:track) refs/heads/master refs/remotes/master [0ms]
[2022-03-24T22:47:19.247Z] > git for-each-ref --sort -committerdate --format %(refname) %(objectname) %(*objectname) [8ms]
[2022-03-24T22:47:19.247Z] > git remote --verbose [2ms]
[2022-03-24T22:47:19.284Z] > git config --get commit.template [3ms]
[2022-03-24T22:47:24.300Z] > git symbolic-ref --short HEAD [1ms]
[2022-03-24T22:47:24.303Z] > git for-each-ref --format=%(refname)%00%(upstream:short)%00%(objectname)%00%(upstream:track) refs/heads/master refs/remotes/master [0ms]
[2022-03-24T22:47:24.349Z] > git for-each-ref --sort -committerdate --format %(refname) %(objectname) %(*objectname) [7ms]
[2022-03-24T22:47:24.349Z] > git remote --verbose [2ms]
[2022-03-24T22:47:24.391Z] > git config --get commit.template [2ms]
[2022-03-24T22:47:29.656Z] > git symbolic-ref --short HEAD [3ms]
[2022-03-24T22:47:29.669Z] > git for-each-ref --format=%(refname)%00%(upstream:short)%00%(objectname)%00%(upstream:track) refs/heads/master refs/remotes/master [3ms]
[2022-03-24T22:47:29.695Z] > git for-each-ref --sort -committerdate --format %(refname) %(objectname) %(*objectname) [14ms]
[2022-03-24T22:47:29.696Z] > git remote --verbose [4ms]
[2022-03-24T22:47:29.800Z] > git config --get commit.template [19ms]
[2022-03-24T22:47:34.848Z] > git symbolic-ref --short HEAD [1ms]
[2022-03-24T22:47:34.852Z] > git for-each-ref --format=%(refname)%00%(upstream:short)%00%(objectname)%00%(upstream:track) refs/heads/master refs/remotes/master [1ms]
[2022-03-24T22:47:34.859Z] > git for-each-ref --sort -committerdate --format %(refname) %(objectname) %(*objectname) [4ms]
[2022-03-24T22:47:34.859Z] > git remote --verbose [1ms]
[2022-03-24T22:47:34.892Z] > git config --get commit.template [6ms]
[2022-03-24T22:47:59.731Z] > git symbolic-ref --short HEAD [1ms]
[2022-03-24T22:47:59.736Z] > git for-each-ref --format=%(refname)%00%(upstream:short)%00%(objectname)%00%(upstream:track) refs/heads/master refs/remotes/master [0ms]
[2022-03-24T22:47:59.748Z] > git for-each-ref --sort -committerdate --format %(refname) %(objectname) %(*objectname) [5ms]
[2022-03-24T22:47:59.749Z] > git remote --verbose [1ms]
[2022-03-24T22:47:59.771Z] > git config --get commit.template [2ms]
[2022-03-24T22:48:04.783Z] > git symbolic-ref --short HEAD [1ms]
[2022-03-24T22:48:04.786Z] > git for-each-ref --format=%(refname)%00%(upstream:short)%00%(objectname)%00%(upstream:track) refs/heads/master refs/remotes/master [0ms]
[2022-03-24T22:48:04.792Z] > git for-each-ref --sort -committerdate --format %(refname) %(objectname) %(*objectname) [3ms]
[2022-03-24T22:48:04.793Z] > git remote --verbose [1ms]
[2022-03-24T22:48:04.818Z] > git config --get commit.template [3ms]
