[2022-03-26T11:47:51.138Z] Validating found git in: git
[2022-03-26T11:47:51.166Z] Using git 2.35.1 from git
[2022-03-26T11:47:51.183Z] > git rev-parse --git-dir [2ms]
[2022-03-26T11:47:51.189Z] Open repository: /home/zero
[2022-03-26T11:47:51.252Z] > git symbolic-ref --short HEAD [1ms]
[2022-03-26T11:47:51.260Z] > git for-each-ref --format=%(refname)%00%(upstream:short)%00%(objectname)%00%(upstream:track) refs/heads/dev refs/remotes/dev [3ms]
[2022-03-26T11:47:51.277Z] > git remote --verbose [3ms]
[2022-03-26T11:47:51.278Z] > git for-each-ref --sort -committerdate --format %(refname) %(objectname) %(*objectname) [11ms]
[2022-03-26T11:47:52.043Z] > git config --get commit.template [59ms]
[2022-03-26T11:47:52.186Z] > git ls-files --stage -- /home/zero/programs.sh [18ms]
[2022-03-26T11:47:53.921Z] > git symbolic-ref --short HEAD [1ms]
[2022-03-26T11:47:53.924Z] > git for-each-ref --format=%(refname)%00%(upstream:short)%00%(objectname)%00%(upstream:track) refs/heads/dev refs/remotes/dev [1ms]
[2022-03-26T11:47:53.929Z] > git for-each-ref --sort -committerdate --format %(refname) %(objectname) %(*objectname) [3ms]
[2022-03-26T11:47:53.929Z] > git remote --verbose [1ms]
[2022-03-26T11:47:53.951Z] > git config --get commit.template [1ms]
[2022-03-26T11:47:55.637Z] > git ls-files --stage -- /home/zero/.xsession [2ms]
[2022-03-26T11:47:58.969Z] > git symbolic-ref --short HEAD [1ms]
[2022-03-26T11:47:58.972Z] > git for-each-ref --format=%(refname)%00%(upstream:short)%00%(objectname)%00%(upstream:track) refs/heads/dev refs/remotes/dev [1ms]
[2022-03-26T11:47:58.976Z] > git for-each-ref --sort -committerdate --format %(refname) %(objectname) %(*objectname) [2ms]
[2022-03-26T11:47:58.977Z] > git remote --verbose [1ms]
[2022-03-26T11:47:58.995Z] > git config --get commit.template [1ms]
[2022-03-26T11:48:04.011Z] > git symbolic-ref --short HEAD [1ms]
[2022-03-26T11:48:04.014Z] > git for-each-ref --format=%(refname)%00%(upstream:short)%00%(objectname)%00%(upstream:track) refs/heads/dev refs/remotes/dev [1ms]
[2022-03-26T11:48:04.019Z] > git for-each-ref --sort -committerdate --format %(refname) %(objectname) %(*objectname) [3ms]
[2022-03-26T11:48:04.019Z] > git remote --verbose [1ms]
[2022-03-26T11:48:04.040Z] > git config --get commit.template [0ms]
[2022-03-26T11:48:09.060Z] > git symbolic-ref --short HEAD [1ms]
[2022-03-26T11:48:09.063Z] > git for-each-ref --format=%(refname)%00%(upstream:short)%00%(objectname)%00%(upstream:track) refs/heads/dev refs/remotes/dev [1ms]
[2022-03-26T11:48:09.068Z] > git for-each-ref --sort -committerdate --format %(refname) %(objectname) %(*objectname) [3ms]
[2022-03-26T11:48:09.068Z] > git remote --verbose [1ms]
[2022-03-26T11:48:09.099Z] > git config --get commit.template [1ms]
[2022-03-26T11:48:14.114Z] > git symbolic-ref --short HEAD [1ms]
[2022-03-26T11:48:14.117Z] > git for-each-ref --format=%(refname)%00%(upstream:short)%00%(objectname)%00%(upstream:track) refs/heads/dev refs/remotes/dev [1ms]
[2022-03-26T11:48:14.122Z] > git for-each-ref --sort -committerdate --format %(refname) %(objectname) %(*objectname) [3ms]
[2022-03-26T11:48:14.122Z] > git remote --verbose [1ms]
[2022-03-26T11:48:14.146Z] > git config --get commit.template [1ms]
[2022-03-26T11:48:19.191Z] > git symbolic-ref --short HEAD [2ms]
[2022-03-26T11:48:19.203Z] > git for-each-ref --format=%(refname)%00%(upstream:short)%00%(objectname)%00%(upstream:track) refs/heads/dev refs/remotes/dev [3ms]
[2022-03-26T11:48:19.223Z] > git for-each-ref --sort -committerdate --format %(refname) %(objectname) %(*objectname) [11ms]
[2022-03-26T11:48:19.225Z] > git remote --verbose [4ms]
[2022-03-26T11:48:19.260Z] > git config --get commit.template [1ms]
