Validating found git in: git
Using git 2.34.1 from git
> git rev-parse --git-dir
Open repository: /home/zero
> git status -z -u
> git symbolic-ref --short HEAD
> git for-each-ref --format=%(refname)%00%(upstream:short)%00%(objectname)%00%(upstream:track) refs/heads/master refs/remotes/master
> git for-each-ref --sort -committerdate --format %(refname) %(objectname) %(*objectname)
> git remote --verbose
> git config --get commit.template
> git show --textconv :programs.txt
> git ls-files --stage -- /home/zero/programs.txt
> git cat-file -s 4bcef80543c116f2907419d8afce1408590a96b3
> git check-ignore -v -z --stdin
> git status -z -u
> git ls-files --stage -- /home/zero/programs.txt
> git symbolic-ref --short HEAD
> git cat-file -s 4bcef80543c116f2907419d8afce1408590a96b3
> git for-each-ref --format=%(refname)%00%(upstream:short)%00%(objectname)%00%(upstream:track) refs/heads/master refs/remotes/master
> git for-each-ref --sort -committerdate --format %(refname) %(objectname) %(*objectname)
> git remote --verbose
> git show --textconv :programs.txt
> git config --get commit.template
