[2022-03-25T07:19:18.759Z] Validating found git in: git
[2022-03-25T07:19:18.795Z] Using git 2.35.1 from git
[2022-03-25T07:19:18.814Z] > git rev-parse --git-dir [1ms]
[2022-03-25T07:19:18.820Z] Open repository: /home/zero
[2022-03-25T07:19:18.855Z] > git symbolic-ref --short HEAD [1ms]
[2022-03-25T07:19:18.884Z] > git for-each-ref --format=%(refname)%00%(upstream:short)%00%(objectname)%00%(upstream:track) refs/heads/dev refs/remotes/dev [26ms]
[2022-03-25T07:19:18.891Z] > git remote --verbose [1ms]
[2022-03-25T07:19:18.891Z] > git for-each-ref --sort -committerdate --format %(refname) %(objectname) %(*objectname) [4ms]
[2022-03-25T07:19:19.371Z] > git config --get commit.template [35ms]
[2022-03-25T07:19:21.163Z] > git symbolic-ref --short HEAD [1ms]
[2022-03-25T07:19:21.166Z] > git for-each-ref --format=%(refname)%00%(upstream:short)%00%(objectname)%00%(upstream:track) refs/heads/dev refs/remotes/dev [0ms]
[2022-03-25T07:19:21.172Z] > git for-each-ref --sort -committerdate --format %(refname) %(objectname) %(*objectname) [3ms]
[2022-03-25T07:19:21.172Z] > git remote --verbose [1ms]
[2022-03-25T07:19:21.201Z] > git config --get commit.template [0ms]
[2022-03-25T07:19:26.215Z] > git symbolic-ref --short HEAD [1ms]
[2022-03-25T07:19:26.218Z] > git for-each-ref --format=%(refname)%00%(upstream:short)%00%(objectname)%00%(upstream:track) refs/heads/dev refs/remotes/dev [1ms]
[2022-03-25T07:19:26.223Z] > git for-each-ref --sort -committerdate --format %(refname) %(objectname) %(*objectname) [3ms]
[2022-03-25T07:19:26.224Z] > git remote --verbose [1ms]
[2022-03-25T07:19:26.244Z] > git config --get commit.template [0ms]
[2022-03-25T07:19:27.917Z] > git ls-files --stage -- /home/zero/.config/qtile/autostart.sh [1ms]
[2022-03-25T07:19:31.429Z] > git ls-files --stage -- /home/zero/.config/qtile/config.py [206ms]
[2022-03-25T07:19:35.459Z] > git symbolic-ref --short HEAD [0ms]
[2022-03-25T07:19:35.463Z] > git for-each-ref --format=%(refname)%00%(upstream:short)%00%(objectname)%00%(upstream:track) refs/heads/dev refs/remotes/dev [1ms]
[2022-03-25T07:19:35.469Z] > git for-each-ref --sort -committerdate --format %(refname) %(objectname) %(*objectname) [3ms]
[2022-03-25T07:19:35.470Z] > git remote --verbose [1ms]
[2022-03-25T07:19:35.505Z] > git config --get commit.template [0ms]
[2022-03-25T07:19:40.522Z] > git symbolic-ref --short HEAD [1ms]
[2022-03-25T07:19:40.529Z] > git for-each-ref --format=%(refname)%00%(upstream:short)%00%(objectname)%00%(upstream:track) refs/heads/dev refs/remotes/dev [1ms]
[2022-03-25T07:19:40.542Z] > git for-each-ref --sort -committerdate --format %(refname) %(objectname) %(*objectname) [7ms]
[2022-03-25T07:19:40.543Z] > git remote --verbose [2ms]
[2022-03-25T07:19:40.591Z] > git config --get commit.template [1ms]
[2022-03-25T07:19:48.689Z] > git symbolic-ref --short HEAD [1ms]
[2022-03-25T07:19:48.693Z] > git for-each-ref --format=%(refname)%00%(upstream:short)%00%(objectname)%00%(upstream:track) refs/heads/dev refs/remotes/dev [1ms]
[2022-03-25T07:19:48.701Z] > git for-each-ref --sort -committerdate --format %(refname) %(objectname) %(*objectname) [5ms]
[2022-03-25T07:19:48.701Z] > git remote --verbose [1ms]
[2022-03-25T07:19:48.719Z] > git config --get commit.template [1ms]
[2022-03-25T07:20:17.045Z] > git symbolic-ref --short HEAD [1ms]
[2022-03-25T07:20:17.049Z] > git for-each-ref --format=%(refname)%00%(upstream:short)%00%(objectname)%00%(upstream:track) refs/heads/dev refs/remotes/dev [1ms]
[2022-03-25T07:20:17.057Z] > git for-each-ref --sort -committerdate --format %(refname) %(objectname) %(*objectname) [5ms]
[2022-03-25T07:20:17.057Z] > git remote --verbose [1ms]
[2022-03-25T07:20:17.078Z] > git config --get commit.template [1ms]
[2022-03-25T07:20:22.097Z] > git symbolic-ref --short HEAD [1ms]
[2022-03-25T07:20:22.102Z] > git for-each-ref --format=%(refname)%00%(upstream:short)%00%(objectname)%00%(upstream:track) refs/heads/dev refs/remotes/dev [2ms]
[2022-03-25T07:20:22.110Z] > git for-each-ref --sort -committerdate --format %(refname) %(objectname) %(*objectname) [5ms]
[2022-03-25T07:20:22.110Z] > git remote --verbose [1ms]
[2022-03-25T07:20:22.145Z] > git config --get commit.template [3ms]
[2022-03-25T07:20:27.178Z] > git symbolic-ref --short HEAD [0ms]
[2022-03-25T07:20:27.183Z] > git for-each-ref --format=%(refname)%00%(upstream:short)%00%(objectname)%00%(upstream:track) refs/heads/dev refs/remotes/dev [1ms]
[2022-03-25T07:20:27.189Z] > git for-each-ref --sort -committerdate --format %(refname) %(objectname) %(*objectname) [3ms]
[2022-03-25T07:20:27.190Z] > git remote --verbose [1ms]
[2022-03-25T07:20:27.208Z] > git config --get commit.template [1ms]
[2022-03-25T07:20:32.228Z] > git symbolic-ref --short HEAD [1ms]
[2022-03-25T07:20:32.233Z] > git for-each-ref --format=%(refname)%00%(upstream:short)%00%(objectname)%00%(upstream:track) refs/heads/dev refs/remotes/dev [1ms]
[2022-03-25T07:20:32.272Z] > git for-each-ref --sort -committerdate --format %(refname) %(objectname) %(*objectname) [4ms]
[2022-03-25T07:20:32.273Z] > git remote --verbose [1ms]
[2022-03-25T07:20:32.302Z] > git config --get commit.template [8ms]
[2022-03-25T07:20:37.320Z] > git symbolic-ref --short HEAD [1ms]
[2022-03-25T07:20:37.325Z] > git for-each-ref --format=%(refname)%00%(upstream:short)%00%(objectname)%00%(upstream:track) refs/heads/dev refs/remotes/dev [1ms]
[2022-03-25T07:20:37.333Z] > git for-each-ref --sort -committerdate --format %(refname) %(objectname) %(*objectname) [4ms]
[2022-03-25T07:20:37.334Z] > git remote --verbose [2ms]
[2022-03-25T07:20:37.370Z] > git config --get commit.template [9ms]
[2022-03-25T07:20:42.395Z] > git symbolic-ref --short HEAD [1ms]
[2022-03-25T07:20:42.400Z] > git for-each-ref --format=%(refname)%00%(upstream:short)%00%(objectname)%00%(upstream:track) refs/heads/dev refs/remotes/dev [1ms]
[2022-03-25T07:20:42.413Z] > git remote --verbose [1ms]
[2022-03-25T07:20:42.413Z] > git for-each-ref --sort -committerdate --format %(refname) %(objectname) %(*objectname) [4ms]
[2022-03-25T07:20:42.446Z] > git config --get commit.template [8ms]
[2022-03-25T07:20:47.464Z] > git symbolic-ref --short HEAD [0ms]
[2022-03-25T07:20:47.475Z] > git for-each-ref --format=%(refname)%00%(upstream:short)%00%(objectname)%00%(upstream:track) refs/heads/dev refs/remotes/dev [1ms]
[2022-03-25T07:20:47.483Z] > git for-each-ref --sort -committerdate --format %(refname) %(objectname) %(*objectname) [4ms]
[2022-03-25T07:20:47.484Z] > git remote --verbose [2ms]
[2022-03-25T07:20:47.510Z] > git config --get commit.template [1ms]
[2022-03-25T07:21:22.196Z] > git symbolic-ref --short HEAD [0ms]
[2022-03-25T07:21:22.202Z] > git for-each-ref --format=%(refname)%00%(upstream:short)%00%(objectname)%00%(upstream:track) refs/heads/dev refs/remotes/dev [1ms]
[2022-03-25T07:21:22.209Z] > git for-each-ref --sort -committerdate --format %(refname) %(objectname) %(*objectname) [3ms]
[2022-03-25T07:21:22.210Z] > git remote --verbose [1ms]
[2022-03-25T07:21:22.233Z] > git config --get commit.template [2ms]
[2022-03-25T07:21:27.287Z] > git symbolic-ref --short HEAD [3ms]
[2022-03-25T07:21:27.299Z] > git for-each-ref --format=%(refname)%00%(upstream:short)%00%(objectname)%00%(upstream:track) refs/heads/dev refs/remotes/dev [2ms]
[2022-03-25T07:21:27.319Z] > git for-each-ref --sort -committerdate --format %(refname) %(objectname) %(*objectname) [11ms]
[2022-03-25T07:21:27.320Z] > git remote --verbose [3ms]
[2022-03-25T07:21:27.362Z] > git config --get commit.template [2ms]
[2022-03-25T07:21:39.151Z] > git symbolic-ref --short HEAD [1ms]
[2022-03-25T07:21:39.156Z] > git for-each-ref --format=%(refname)%00%(upstream:short)%00%(objectname)%00%(upstream:track) refs/heads/dev refs/remotes/dev [0ms]
[2022-03-25T07:21:39.165Z] > git remote --verbose [1ms]
[2022-03-25T07:21:39.165Z] > git for-each-ref --sort -committerdate --format %(refname) %(objectname) %(*objectname) [4ms]
[2022-03-25T07:21:39.187Z] > git config --get commit.template [2ms]
[2022-03-25T07:21:44.232Z] > git symbolic-ref --short HEAD [1ms]
[2022-03-25T07:21:44.240Z] > git for-each-ref --format=%(refname)%00%(upstream:short)%00%(objectname)%00%(upstream:track) refs/heads/dev refs/remotes/dev [1ms]
[2022-03-25T07:21:44.252Z] > git for-each-ref --sort -committerdate --format %(refname) %(objectname) %(*objectname) [6ms]
[2022-03-25T07:21:44.252Z] > git remote --verbose [1ms]
[2022-03-25T07:21:44.273Z] > git config --get commit.template [1ms]
[2022-03-25T07:21:51.523Z] > git symbolic-ref --short HEAD [1ms]
[2022-03-25T07:21:51.528Z] > git for-each-ref --format=%(refname)%00%(upstream:short)%00%(objectname)%00%(upstream:track) refs/heads/dev refs/remotes/dev [1ms]
[2022-03-25T07:21:51.539Z] > git remote --verbose [1ms]
[2022-03-25T07:21:51.539Z] > git for-each-ref --sort -committerdate --format %(refname) %(objectname) %(*objectname) [6ms]
[2022-03-25T07:21:51.557Z] > git config --get commit.template [1ms]
[2022-03-25T07:21:56.574Z] > git symbolic-ref --short HEAD [1ms]
[2022-03-25T07:21:56.579Z] > git for-each-ref --format=%(refname)%00%(upstream:short)%00%(objectname)%00%(upstream:track) refs/heads/dev refs/remotes/dev [1ms]
[2022-03-25T07:21:56.588Z] > git remote --verbose [1ms]
[2022-03-25T07:21:56.589Z] > git for-each-ref --sort -committerdate --format %(refname) %(objectname) %(*objectname) [6ms]
[2022-03-25T07:21:56.616Z] > git config --get commit.template [3ms]
[2022-03-25T07:22:01.632Z] > git symbolic-ref --short HEAD [0ms]
[2022-03-25T07:22:01.636Z] > git for-each-ref --format=%(refname)%00%(upstream:short)%00%(objectname)%00%(upstream:track) refs/heads/dev refs/remotes/dev [0ms]
[2022-03-25T07:22:01.643Z] > git for-each-ref --sort -committerdate --format %(refname) %(objectname) %(*objectname) [4ms]
[2022-03-25T07:22:01.643Z] > git remote --verbose [1ms]
[2022-03-25T07:22:01.664Z] > git config --get commit.template [2ms]
[2022-03-25T07:22:23.905Z] > git symbolic-ref --short HEAD [1ms]
[2022-03-25T07:22:23.910Z] > git for-each-ref --format=%(refname)%00%(upstream:short)%00%(objectname)%00%(upstream:track) refs/heads/dev refs/remotes/dev [1ms]
[2022-03-25T07:22:23.918Z] > git for-each-ref --sort -committerdate --format %(refname) %(objectname) %(*objectname) [4ms]
[2022-03-25T07:22:23.919Z] > git remote --verbose [1ms]
[2022-03-25T07:22:23.941Z] > git config --get commit.template [2ms]
[2022-03-25T07:22:28.992Z] > git symbolic-ref --short HEAD [3ms]
[2022-03-25T07:22:29.006Z] > git for-each-ref --format=%(refname)%00%(upstream:short)%00%(objectname)%00%(upstream:track) refs/heads/dev refs/remotes/dev [3ms]
[2022-03-25T07:22:29.029Z] > git for-each-ref --sort -committerdate --format %(refname) %(objectname) %(*objectname) [11ms]
[2022-03-25T07:22:29.029Z] > git remote --verbose [1ms]
[2022-03-25T07:22:29.049Z] > git config --get commit.template [2ms]
[2022-03-25T07:22:34.066Z] > git symbolic-ref --short HEAD [1ms]
[2022-03-25T07:22:34.070Z] > git for-each-ref --format=%(refname)%00%(upstream:short)%00%(objectname)%00%(upstream:track) refs/heads/dev refs/remotes/dev [1ms]
[2022-03-25T07:22:34.077Z] > git for-each-ref --sort -committerdate --format %(refname) %(objectname) %(*objectname) [4ms]
[2022-03-25T07:22:34.077Z] > git remote --verbose [1ms]
[2022-03-25T07:22:34.098Z] > git config --get commit.template [2ms]
[2022-03-25T07:23:04.394Z] > git symbolic-ref --short HEAD [1ms]
[2022-03-25T07:23:04.400Z] > git for-each-ref --format=%(refname)%00%(upstream:short)%00%(objectname)%00%(upstream:track) refs/heads/dev refs/remotes/dev [0ms]
[2022-03-25T07:23:04.410Z] > git for-each-ref --sort -committerdate --format %(refname) %(objectname) %(*objectname) [5ms]
[2022-03-25T07:23:04.410Z] > git remote --verbose [2ms]
[2022-03-25T07:23:04.430Z] > git config --get commit.template [1ms]
[2022-03-25T07:23:09.449Z] > git symbolic-ref --short HEAD [1ms]
[2022-03-25T07:23:09.454Z] > git for-each-ref --format=%(refname)%00%(upstream:short)%00%(objectname)%00%(upstream:track) refs/heads/dev refs/remotes/dev [1ms]
[2022-03-25T07:23:09.461Z] > git remote --verbose [1ms]
[2022-03-25T07:23:09.462Z] > git for-each-ref --sort -committerdate --format %(refname) %(objectname) %(*objectname) [5ms]
[2022-03-25T07:23:09.498Z] > git config --get commit.template [6ms]
[2022-03-25T07:24:10.776Z] > git symbolic-ref --short HEAD [1ms]
[2022-03-25T07:24:10.780Z] > git for-each-ref --format=%(refname)%00%(upstream:short)%00%(objectname)%00%(upstream:track) refs/heads/dev refs/remotes/dev [0ms]
[2022-03-25T07:24:10.787Z] > git remote --verbose [1ms]
[2022-03-25T07:24:10.787Z] > git for-each-ref --sort -committerdate --format %(refname) %(objectname) %(*objectname) [4ms]
[2022-03-25T07:24:10.808Z] > git config --get commit.template [1ms]
[2022-03-25T07:24:47.600Z] > git symbolic-ref --short HEAD [1ms]
[2022-03-25T07:24:47.605Z] > git for-each-ref --format=%(refname)%00%(upstream:short)%00%(objectname)%00%(upstream:track) refs/heads/dev refs/remotes/dev [0ms]
[2022-03-25T07:24:47.615Z] > git for-each-ref --sort -committerdate --format %(refname) %(objectname) %(*objectname) [5ms]
[2022-03-25T07:24:47.615Z] > git remote --verbose [1ms]
[2022-03-25T07:24:47.640Z] > git config --get commit.template [1ms]
[2022-03-25T07:24:52.657Z] > git symbolic-ref --short HEAD [1ms]
[2022-03-25T07:24:52.661Z] > git for-each-ref --format=%(refname)%00%(upstream:short)%00%(objectname)%00%(upstream:track) refs/heads/dev refs/remotes/dev [1ms]
[2022-03-25T07:24:52.668Z] > git for-each-ref --sort -committerdate --format %(refname) %(objectname) %(*objectname) [4ms]
[2022-03-25T07:24:52.668Z] > git remote --verbose [1ms]
[2022-03-25T07:24:52.690Z] > git config --get commit.template [2ms]
[2022-03-25T07:24:58.627Z] > git symbolic-ref --short HEAD [0ms]
[2022-03-25T07:24:58.633Z] > git for-each-ref --format=%(refname)%00%(upstream:short)%00%(objectname)%00%(upstream:track) refs/heads/dev refs/remotes/dev [1ms]
[2022-03-25T07:24:58.640Z] > git for-each-ref --sort -committerdate --format %(refname) %(objectname) %(*objectname) [4ms]
[2022-03-25T07:24:58.641Z] > git remote --verbose [1ms]
[2022-03-25T07:24:58.660Z] > git config --get commit.template [2ms]
[2022-03-25T07:25:03.679Z] > git symbolic-ref --short HEAD [1ms]
[2022-03-25T07:25:03.683Z] > git for-each-ref --format=%(refname)%00%(upstream:short)%00%(objectname)%00%(upstream:track) refs/heads/dev refs/remotes/dev [0ms]
[2022-03-25T07:25:03.691Z] > git for-each-ref --sort -committerdate --format %(refname) %(objectname) %(*objectname) [4ms]
[2022-03-25T07:25:03.691Z] > git remote --verbose [1ms]
[2022-03-25T07:25:03.723Z] > git config --get commit.template [3ms]
[2022-03-25T07:25:08.740Z] > git symbolic-ref --short HEAD [0ms]
[2022-03-25T07:25:08.745Z] > git for-each-ref --format=%(refname)%00%(upstream:short)%00%(objectname)%00%(upstream:track) refs/heads/dev refs/remotes/dev [1ms]
[2022-03-25T07:25:08.753Z] > git for-each-ref --sort -committerdate --format %(refname) %(objectname) %(*objectname) [4ms]
[2022-03-25T07:25:08.753Z] > git remote --verbose [1ms]
[2022-03-25T07:25:08.775Z] > git config --get commit.template [1ms]
[2022-03-25T07:25:16.447Z] > git symbolic-ref --short HEAD [1ms]
[2022-03-25T07:25:16.453Z] > git for-each-ref --format=%(refname)%00%(upstream:short)%00%(objectname)%00%(upstream:track) refs/heads/dev refs/remotes/dev [1ms]
[2022-03-25T07:25:16.463Z] > git for-each-ref --sort -committerdate --format %(refname) %(objectname) %(*objectname) [5ms]
[2022-03-25T07:25:16.463Z] > git remote --verbose [1ms]
[2022-03-25T07:25:16.511Z] > git config --get commit.template [9ms]
[2022-03-25T07:25:21.531Z] > git symbolic-ref --short HEAD [1ms]
[2022-03-25T07:25:21.535Z] > git for-each-ref --format=%(refname)%00%(upstream:short)%00%(objectname)%00%(upstream:track) refs/heads/dev refs/remotes/dev [1ms]
[2022-03-25T07:25:21.542Z] > git for-each-ref --sort -committerdate --format %(refname) %(objectname) %(*objectname) [4ms]
[2022-03-25T07:25:21.543Z] > git remote --verbose [2ms]
[2022-03-25T07:25:21.575Z] > git config --get commit.template [6ms]
[2022-03-25T07:25:29.216Z] > git symbolic-ref --short HEAD [1ms]
[2022-03-25T07:25:29.221Z] > git for-each-ref --format=%(refname)%00%(upstream:short)%00%(objectname)%00%(upstream:track) refs/heads/dev refs/remotes/dev [1ms]
[2022-03-25T07:25:29.229Z] > git for-each-ref --sort -committerdate --format %(refname) %(objectname) %(*objectname) [4ms]
[2022-03-25T07:25:29.229Z] > git remote --verbose [1ms]
[2022-03-25T07:25:29.247Z] > git config --get commit.template [2ms]
[2022-03-25T07:25:34.262Z] > git symbolic-ref --short HEAD [1ms]
[2022-03-25T07:25:34.266Z] > git for-each-ref --format=%(refname)%00%(upstream:short)%00%(objectname)%00%(upstream:track) refs/heads/dev refs/remotes/dev [1ms]
[2022-03-25T07:25:34.273Z] > git for-each-ref --sort -committerdate --format %(refname) %(objectname) %(*objectname) [4ms]
[2022-03-25T07:25:34.273Z] > git remote --verbose [1ms]
[2022-03-25T07:25:34.293Z] > git config --get commit.template [2ms]
[2022-03-25T07:25:48.466Z] > git symbolic-ref --short HEAD [0ms]
[2022-03-25T07:25:48.471Z] > git for-each-ref --format=%(refname)%00%(upstream:short)%00%(objectname)%00%(upstream:track) refs/heads/dev refs/remotes/dev [1ms]
[2022-03-25T07:25:48.480Z] > git for-each-ref --sort -committerdate --format %(refname) %(objectname) %(*objectname) [4ms]
[2022-03-25T07:25:48.480Z] > git remote --verbose [1ms]
[2022-03-25T07:25:48.501Z] > git config --get commit.template [3ms]
[2022-03-25T07:25:53.518Z] > git symbolic-ref --short HEAD [0ms]
[2022-03-25T07:25:53.522Z] > git for-each-ref --format=%(refname)%00%(upstream:short)%00%(objectname)%00%(upstream:track) refs/heads/dev refs/remotes/dev [0ms]
[2022-03-25T07:25:53.528Z] > git for-each-ref --sort -committerdate --format %(refname) %(objectname) %(*objectname) [3ms]
[2022-03-25T07:25:53.529Z] > git remote --verbose [1ms]
[2022-03-25T07:25:53.550Z] > git config --get commit.template [2ms]
[2022-03-25T07:26:40.914Z] > git symbolic-ref --short HEAD [1ms]
[2022-03-25T07:26:40.920Z] > git for-each-ref --format=%(refname)%00%(upstream:short)%00%(objectname)%00%(upstream:track) refs/heads/dev refs/remotes/dev [1ms]
[2022-03-25T07:26:40.930Z] > git for-each-ref --sort -committerdate --format %(refname) %(objectname) %(*objectname) [4ms]
[2022-03-25T07:26:40.931Z] > git remote --verbose [1ms]
[2022-03-25T07:26:40.952Z] > git config --get commit.template [4ms]
[2022-03-25T07:26:45.969Z] > git symbolic-ref --short HEAD [1ms]
[2022-03-25T07:26:45.973Z] > git for-each-ref --format=%(refname)%00%(upstream:short)%00%(objectname)%00%(upstream:track) refs/heads/dev refs/remotes/dev [1ms]
[2022-03-25T07:26:45.980Z] > git for-each-ref --sort -committerdate --format %(refname) %(objectname) %(*objectname) [4ms]
[2022-03-25T07:26:45.980Z] > git remote --verbose [1ms]
[2022-03-25T07:26:46.004Z] > git config --get commit.template [2ms]
[2022-03-25T07:26:51.020Z] > git symbolic-ref --short HEAD [1ms]
[2022-03-25T07:26:51.024Z] > git for-each-ref --format=%(refname)%00%(upstream:short)%00%(objectname)%00%(upstream:track) refs/heads/dev refs/remotes/dev [1ms]
[2022-03-25T07:26:51.031Z] > git for-each-ref --sort -committerdate --format %(refname) %(objectname) %(*objectname) [4ms]
[2022-03-25T07:26:51.031Z] > git remote --verbose [1ms]
[2022-03-25T07:26:51.053Z] > git config --get commit.template [2ms]
[2022-03-25T07:26:56.070Z] > git symbolic-ref --short HEAD [1ms]
[2022-03-25T07:26:56.075Z] > git for-each-ref --format=%(refname)%00%(upstream:short)%00%(objectname)%00%(upstream:track) refs/heads/dev refs/remotes/dev [1ms]
[2022-03-25T07:26:56.084Z] > git remote --verbose [1ms]
[2022-03-25T07:26:56.084Z] > git for-each-ref --sort -committerdate --format %(refname) %(objectname) %(*objectname) [5ms]
[2022-03-25T07:26:56.123Z] > git config --get commit.template [10ms]
[2022-03-25T07:27:01.142Z] > git symbolic-ref --short HEAD [1ms]
[2022-03-25T07:27:01.146Z] > git for-each-ref --format=%(refname)%00%(upstream:short)%00%(objectname)%00%(upstream:track) refs/heads/dev refs/remotes/dev [1ms]
[2022-03-25T07:27:01.154Z] > git for-each-ref --sort -committerdate --format %(refname) %(objectname) %(*objectname) [4ms]
[2022-03-25T07:27:01.155Z] > git remote --verbose [2ms]
[2022-03-25T07:27:01.184Z] > git config --get commit.template [5ms]
[2022-03-25T07:27:06.204Z] > git symbolic-ref --short HEAD [1ms]
[2022-03-25T07:27:06.210Z] > git for-each-ref --format=%(refname)%00%(upstream:short)%00%(objectname)%00%(upstream:track) refs/heads/dev refs/remotes/dev [1ms]
[2022-03-25T07:27:06.219Z] > git for-each-ref --sort -committerdate --format %(refname) %(objectname) %(*objectname) [5ms]
[2022-03-25T07:27:06.220Z] > git remote --verbose [2ms]
[2022-03-25T07:27:06.254Z] > git config --get commit.template [5ms]
[2022-03-25T07:27:11.272Z] > git symbolic-ref --short HEAD [1ms]
[2022-03-25T07:27:11.275Z] > git for-each-ref --format=%(refname)%00%(upstream:short)%00%(objectname)%00%(upstream:track) refs/heads/dev refs/remotes/dev [0ms]
[2022-03-25T07:27:11.282Z] > git for-each-ref --sort -committerdate --format %(refname) %(objectname) %(*objectname) [3ms]
[2022-03-25T07:27:11.282Z] > git remote --verbose [0ms]
[2022-03-25T07:27:11.302Z] > git config --get commit.template [1ms]
[2022-03-25T07:27:48.706Z] > git symbolic-ref --short HEAD [1ms]
[2022-03-25T07:27:48.711Z] > git for-each-ref --format=%(refname)%00%(upstream:short)%00%(objectname)%00%(upstream:track) refs/heads/dev refs/remotes/dev [1ms]
[2022-03-25T07:27:48.719Z] > git for-each-ref --sort -committerdate --format %(refname) %(objectname) %(*objectname) [5ms]
[2022-03-25T07:27:48.719Z] > git remote --verbose [1ms]
[2022-03-25T07:27:48.739Z] > git config --get commit.template [1ms]
[2022-03-25T07:27:53.761Z] > git symbolic-ref --short HEAD [1ms]
[2022-03-25T07:27:53.765Z] > git for-each-ref --format=%(refname)%00%(upstream:short)%00%(objectname)%00%(upstream:track) refs/heads/dev refs/remotes/dev [1ms]
[2022-03-25T07:27:53.773Z] > git for-each-ref --sort -committerdate --format %(refname) %(objectname) %(*objectname) [4ms]
[2022-03-25T07:27:53.773Z] > git remote --verbose [1ms]
[2022-03-25T07:27:53.807Z] > git config --get commit.template [7ms]
[2022-03-25T07:27:58.832Z] > git symbolic-ref --short HEAD [2ms]
[2022-03-25T07:27:58.838Z] > git for-each-ref --format=%(refname)%00%(upstream:short)%00%(objectname)%00%(upstream:track) refs/heads/dev refs/remotes/dev [1ms]
[2022-03-25T07:27:58.848Z] > git for-each-ref --sort -committerdate --format %(refname) %(objectname) %(*objectname) [6ms]
[2022-03-25T07:27:58.849Z] > git remote --verbose [2ms]
[2022-03-25T07:27:58.878Z] > git config --get commit.template [3ms]
[2022-03-25T07:28:03.900Z] > git symbolic-ref --short HEAD [0ms]
[2022-03-25T07:28:03.904Z] > git for-each-ref --format=%(refname)%00%(upstream:short)%00%(objectname)%00%(upstream:track) refs/heads/dev refs/remotes/dev [1ms]
[2022-03-25T07:28:03.911Z] > git for-each-ref --sort -committerdate --format %(refname) %(objectname) %(*objectname) [4ms]
[2022-03-25T07:28:03.911Z] > git remote --verbose [1ms]
[2022-03-25T07:28:03.928Z] > git config --get commit.template [1ms]
[2022-03-25T07:28:08.948Z] > git symbolic-ref --short HEAD [1ms]
[2022-03-25T07:28:08.953Z] > git for-each-ref --format=%(refname)%00%(upstream:short)%00%(objectname)%00%(upstream:track) refs/heads/dev refs/remotes/dev [1ms]
[2022-03-25T07:28:08.962Z] > git for-each-ref --sort -committerdate --format %(refname) %(objectname) %(*objectname) [5ms]
[2022-03-25T07:28:08.963Z] > git remote --verbose [2ms]
[2022-03-25T07:28:08.998Z] > git config --get commit.template [9ms]
[2022-03-25T07:28:14.018Z] > git symbolic-ref --short HEAD [1ms]
[2022-03-25T07:28:14.023Z] > git for-each-ref --format=%(refname)%00%(upstream:short)%00%(objectname)%00%(upstream:track) refs/heads/dev refs/remotes/dev [1ms]
[2022-03-25T07:28:14.032Z] > git for-each-ref --sort -committerdate --format %(refname) %(objectname) %(*objectname) [5ms]
[2022-03-25T07:28:14.032Z] > git remote --verbose [1ms]
[2022-03-25T07:28:14.063Z] > git config --get commit.template [4ms]
[2022-03-25T07:28:19.086Z] > git symbolic-ref --short HEAD [0ms]
[2022-03-25T07:28:19.090Z] > git for-each-ref --format=%(refname)%00%(upstream:short)%00%(objectname)%00%(upstream:track) refs/heads/dev refs/remotes/dev [0ms]
[2022-03-25T07:28:19.098Z] > git for-each-ref --sort -committerdate --format %(refname) %(objectname) %(*objectname) [4ms]
[2022-03-25T07:28:19.098Z] > git remote --verbose [1ms]
[2022-03-25T07:28:19.118Z] > git config --get commit.template [1ms]
[2022-03-25T07:28:38.430Z] > git symbolic-ref --short HEAD [2ms]
[2022-03-25T07:28:38.437Z] > git for-each-ref --format=%(refname)%00%(upstream:short)%00%(objectname)%00%(upstream:track) refs/heads/dev refs/remotes/dev [1ms]
[2022-03-25T07:28:38.450Z] > git for-each-ref --sort -committerdate --format %(refname) %(objectname) %(*objectname) [7ms]
[2022-03-25T07:28:38.450Z] > git remote --verbose [1ms]
[2022-03-25T07:28:38.469Z] > git config --get commit.template [1ms]
[2022-03-25T07:28:43.486Z] > git symbolic-ref --short HEAD [0ms]
[2022-03-25T07:28:43.489Z] > git for-each-ref --format=%(refname)%00%(upstream:short)%00%(objectname)%00%(upstream:track) refs/heads/dev refs/remotes/dev [0ms]
[2022-03-25T07:28:43.496Z] > git for-each-ref --sort -committerdate --format %(refname) %(objectname) %(*objectname) [4ms]
[2022-03-25T07:28:43.496Z] > git remote --verbose [1ms]
[2022-03-25T07:28:43.516Z] > git config --get commit.template [1ms]
[2022-03-25T07:28:48.533Z] > git symbolic-ref --short HEAD [1ms]
[2022-03-25T07:28:48.537Z] > git for-each-ref --format=%(refname)%00%(upstream:short)%00%(objectname)%00%(upstream:track) refs/heads/dev refs/remotes/dev [0ms]
[2022-03-25T07:28:48.545Z] > git for-each-ref --sort -committerdate --format %(refname) %(objectname) %(*objectname) [4ms]
[2022-03-25T07:28:48.545Z] > git remote --verbose [1ms]
[2022-03-25T07:28:48.568Z] > git config --get commit.template [2ms]
[2022-03-25T07:28:53.587Z] > git symbolic-ref --short HEAD [1ms]
[2022-03-25T07:28:53.591Z] > git for-each-ref --format=%(refname)%00%(upstream:short)%00%(objectname)%00%(upstream:track) refs/heads/dev refs/remotes/dev [1ms]
[2022-03-25T07:28:53.606Z] > git for-each-ref --sort -committerdate --format %(refname) %(objectname) %(*objectname) [5ms]
[2022-03-25T07:28:53.607Z] > git remote --verbose [1ms]
[2022-03-25T07:28:53.626Z] > git config --get commit.template [3ms]
[2022-03-25T07:28:58.642Z] > git symbolic-ref --short HEAD [0ms]
[2022-03-25T07:28:58.646Z] > git for-each-ref --format=%(refname)%00%(upstream:short)%00%(objectname)%00%(upstream:track) refs/heads/dev refs/remotes/dev [0ms]
[2022-03-25T07:28:58.653Z] > git for-each-ref --sort -committerdate --format %(refname) %(objectname) %(*objectname) [4ms]
[2022-03-25T07:28:58.653Z] > git remote --verbose [1ms]
[2022-03-25T07:28:58.672Z] > git config --get commit.template [1ms]
[2022-03-25T07:29:03.689Z] > git symbolic-ref --short HEAD [0ms]
[2022-03-25T07:29:03.694Z] > git for-each-ref --format=%(refname)%00%(upstream:short)%00%(objectname)%00%(upstream:track) refs/heads/dev refs/remotes/dev [1ms]
[2022-03-25T07:29:03.738Z] > git for-each-ref --sort -committerdate --format %(refname) %(objectname) %(*objectname) [4ms]
[2022-03-25T07:29:03.739Z] > git remote --verbose [1ms]
[2022-03-25T07:29:03.758Z] > git config --get commit.template [3ms]
[2022-03-25T07:29:08.776Z] > git symbolic-ref --short HEAD [0ms]
[2022-03-25T07:29:08.782Z] > git for-each-ref --format=%(refname)%00%(upstream:short)%00%(objectname)%00%(upstream:track) refs/heads/dev refs/remotes/dev [1ms]
[2022-03-25T07:29:08.823Z] > git for-each-ref --sort -committerdate --format %(refname) %(objectname) %(*objectname) [6ms]
[2022-03-25T07:29:08.823Z] > git remote --verbose [1ms]
[2022-03-25T07:29:08.855Z] > git config --get commit.template [7ms]
[2022-03-25T07:29:13.875Z] > git symbolic-ref --short HEAD [1ms]
[2022-03-25T07:29:13.879Z] > git for-each-ref --format=%(refname)%00%(upstream:short)%00%(objectname)%00%(upstream:track) refs/heads/dev refs/remotes/dev [0ms]
[2022-03-25T07:29:13.888Z] > git remote --verbose [2ms]
[2022-03-25T07:29:13.888Z] > git for-each-ref --sort -committerdate --format %(refname) %(objectname) %(*objectname) [5ms]
[2022-03-25T07:29:13.925Z] > git config --get commit.template [5ms]
[2022-03-25T07:29:27.670Z] > git symbolic-ref --short HEAD [1ms]
[2022-03-25T07:29:27.675Z] > git for-each-ref --format=%(refname)%00%(upstream:short)%00%(objectname)%00%(upstream:track) refs/heads/dev refs/remotes/dev [1ms]
[2022-03-25T07:29:27.685Z] > git for-each-ref --sort -committerdate --format %(refname) %(objectname) %(*objectname) [5ms]
[2022-03-25T07:29:27.686Z] > git remote --verbose [2ms]
[2022-03-25T07:29:27.704Z] > git config --get commit.template [1ms]
[2022-03-25T07:29:32.752Z] > git symbolic-ref --short HEAD [0ms]
[2022-03-25T07:29:32.756Z] > git for-each-ref --format=%(refname)%00%(upstream:short)%00%(objectname)%00%(upstream:track) refs/heads/dev refs/remotes/dev [1ms]
[2022-03-25T07:29:32.762Z] > git for-each-ref --sort -committerdate --format %(refname) %(objectname) %(*objectname) [3ms]
[2022-03-25T07:29:32.762Z] > git remote --verbose [1ms]
[2022-03-25T07:29:32.779Z] > git config --get commit.template [1ms]
[2022-03-25T07:29:37.798Z] > git symbolic-ref --short HEAD [1ms]
[2022-03-25T07:29:37.802Z] > git for-each-ref --format=%(refname)%00%(upstream:short)%00%(objectname)%00%(upstream:track) refs/heads/dev refs/remotes/dev [1ms]
[2022-03-25T07:29:37.810Z] > git for-each-ref --sort -committerdate --format %(refname) %(objectname) %(*objectname) [4ms]
[2022-03-25T07:29:37.810Z] > git remote --verbose [1ms]
[2022-03-25T07:29:37.830Z] > git config --get commit.template [1ms]
[2022-03-25T07:29:42.849Z] > git symbolic-ref --short HEAD [0ms]
[2022-03-25T07:29:42.885Z] > git for-each-ref --format=%(refname)%00%(upstream:short)%00%(objectname)%00%(upstream:track) refs/heads/dev refs/remotes/dev [1ms]
[2022-03-25T07:29:42.905Z] > git for-each-ref --sort -committerdate --format %(refname) %(objectname) %(*objectname) [12ms]
[2022-03-25T07:29:42.906Z] > git remote --verbose [3ms]
[2022-03-25T07:29:42.933Z] > git config --get commit.template [3ms]
