[Info  - 2:19:32 AM] (953) Pylance language server 2022.3.3 (pyright dd7420c5) starting
[Info  - 2:19:32 AM] (953) Server root directory: /home/zero/.vscode/extensions/ms-python.vscode-pylance-2022.3.3/dist
[Info  - 2:19:32 AM] (953) No configuration file found.
[Info  - 2:19:32 AM] (953) No pyproject.toml file found.
[Info  - 2:19:32 AM] (953) Setting pythonPath for service "zero": "/bin/python"
[Warn  - 2:19:32 AM] (953) stubPath /home/zero/typings is not a valid directory.
[Info  - 2:19:32 AM] (953) Assuming Python version 3.10
[Info  - 2:19:32 AM] (953) Assuming Python platform Linux
[Warn  - 2:19:32 AM] (953) Exception received when installing file system watcher: TypeError [ERR_FEATURE_UNAVAILABLE_ON_PLATFORM]: The feature watch recursively is unavailable on the current platform, which is being used to run Node.js
[Warn  - 2:19:32 AM] (953) Exception received when installing file system watcher: TypeError [ERR_FEATURE_UNAVAILABLE_ON_PLATFORM]: The feature watch recursively is unavailable on the current platform, which is being used to run Node.js
[Warn  - 2:19:32 AM] (953) Exception received when installing file system watcher: TypeError [ERR_FEATURE_UNAVAILABLE_ON_PLATFORM]: The feature watch recursively is unavailable on the current platform, which is being used to run Node.js
[Info  - 2:19:32 AM] (953) Searching for source files
[Info  - 2:19:32 AM] (953) No source files found.
[Info  - 2:19:32 AM] (953) Background analysis(1) root directory: /home/zero/.vscode/extensions/ms-python.vscode-pylance-2022.3.3/dist
[Info  - 2:19:32 AM] (953) Background analysis(1) started
[Info  - 2:19:34 AM] (953) Searching for source files
[Info  - 2:19:34 AM] (953) No source files found.
[Info  - 2:19:50 AM] (953) Searching for source files
[Info  - 2:19:50 AM] (953) No source files found.
[Info  - 2:19:51 AM] (953) Searching for source files
[Info  - 2:19:51 AM] (953) No source files found.
[Info  - 2:19:51 AM] (953) Searching for source files
[Info  - 2:19:51 AM] (953) No source files found.
[Info  - 2:19:53 AM] (953) Searching for source files
[Info  - 2:19:53 AM] (953) No source files found.
[Info  - 2:19:54 AM] (953) Searching for source files
[Info  - 2:19:54 AM] (953) No source files found.
[Info  - 2:19:56 AM] (953) Searching for source files
[Info  - 2:19:56 AM] (953) No source files found.
[Info  - 2:19:57 AM] (953) Searching for source files
[Info  - 2:19:57 AM] (953) No source files found.
[Info  - 2:19:57 AM] (953) Searching for source files
[Info  - 2:19:57 AM] (953) No source files found.
[Info  - 2:20:09 AM] (953) Searching for source files
[Info  - 2:20:09 AM] (953) No source files found.
[Info  - 2:20:10 AM] (953) Searching for source files
[Info  - 2:20:10 AM] (953) No source files found.
[Info  - 2:20:12 AM] (953) Searching for source files
[Info  - 2:20:12 AM] (953) No source files found.
[Info  - 2:20:15 AM] (953) Searching for source files
[Info  - 2:20:15 AM] (953) No source files found.
[Info  - 2:20:49 AM] (953) Searching for source files
[Info  - 2:20:49 AM] (953) No source files found.
[Info  - 2:20:50 AM] (953) Searching for source files
[Info  - 2:20:50 AM] (953) No source files found.
[Info  - 2:20:50 AM] (953) Searching for source files
[Info  - 2:20:50 AM] (953) No source files found.
[Info  - 2:20:51 AM] (953) Searching for source files
[Info  - 2:20:51 AM] (953) No source files found.
[Info  - 2:20:52 AM] (953) Searching for source files
[Info  - 2:20:52 AM] (953) No source files found.
[Info  - 2:20:52 AM] (953) Searching for source files
[Info  - 2:20:52 AM] (953) No source files found.
[Info  - 2:20:53 AM] (953) Searching for source files
[Info  - 2:20:53 AM] (953) No source files found.
[Info  - 2:20:54 AM] (953) Searching for source files
[Info  - 2:20:54 AM] (953) No source files found.
[Info  - 2:20:55 AM] (953) Searching for source files
[Info  - 2:20:55 AM] (953) No source files found.
[Info  - 2:20:55 AM] (953) Searching for source files
[Info  - 2:20:55 AM] (953) No source files found.
[Info  - 2:20:56 AM] (953) Searching for source files
[Info  - 2:20:56 AM] (953) No source files found.
[Info  - 2:20:57 AM] (953) Searching for source files
[Info  - 2:20:57 AM] (953) No source files found.
[Info  - 2:20:58 AM] (953) Searching for source files
[Info  - 2:20:58 AM] (953) No source files found.
[Info  - 2:20:59 AM] (953) Searching for source files
[Info  - 2:20:59 AM] (953) No source files found.
[Info  - 2:21:00 AM] (953) Searching for source files
[Info  - 2:21:00 AM] (953) No source files found.
[Info  - 2:21:01 AM] (953) Searching for source files
[Info  - 2:21:01 AM] (953) No source files found.
[Info  - 2:21:02 AM] (953) Searching for source files
[Info  - 2:21:02 AM] (953) No source files found.
[Info  - 2:21:03 AM] (953) Searching for source files
[Info  - 2:21:03 AM] (953) No source files found.
[Info  - 2:21:05 AM] (953) Searching for source files
[Info  - 2:21:05 AM] (953) No source files found.
[Info  - 2:21:12 AM] (953) Searching for source files
[Info  - 2:21:12 AM] (953) No source files found.
[Info  - 2:21:13 AM] (953) Searching for source files
[Info  - 2:21:13 AM] (953) No source files found.
[Info  - 2:21:20 AM] (953) Searching for source files
[Info  - 2:21:20 AM] (953) No source files found.
[Info  - 2:21:37 AM] (953) Searching for source files
[Info  - 2:21:37 AM] (953) No source files found.
[Info  - 2:21:41 AM] (953) Searching for source files
[Info  - 2:21:41 AM] (953) No source files found.
[Info  - 2:21:43 AM] (953) Searching for source files
[Info  - 2:21:43 AM] (953) No source files found.
[Info  - 2:21:46 AM] (953) Searching for source files
[Info  - 2:21:46 AM] (953) No source files found.
[Info  - 2:21:50 AM] (953) Searching for source files
[Info  - 2:21:50 AM] (953) No source files found.
[Info  - 2:21:56 AM] (953) Searching for source files
[Info  - 2:21:56 AM] (953) No source files found.
[Info  - 2:21:56 AM] (953) Searching for source files
[Info  - 2:21:56 AM] (953) No source files found.
[Info  - 2:21:57 AM] (953) Searching for source files
[Info  - 2:21:57 AM] (953) No source files found.
[Info  - 2:22:09 AM] (953) Searching for source files
[Info  - 2:22:09 AM] (953) No source files found.
[Info  - 2:22:11 AM] (953) Searching for source files
[Info  - 2:22:11 AM] (953) No source files found.
[Info  - 2:22:11 AM] (953) Searching for source files
[Info  - 2:22:11 AM] (953) No source files found.
[Info  - 2:22:12 AM] (953) Searching for source files
[Info  - 2:22:12 AM] (953) No source files found.
[Info  - 2:22:16 AM] (953) Searching for source files
[Info  - 2:22:17 AM] (953) No source files found.
[Info  - 2:22:17 AM] (953) Searching for source files
[Info  - 2:22:18 AM] (953) No source files found.
[Info  - 2:22:21 AM] (953) Searching for source files
[Info  - 2:22:21 AM] (953) No source files found.
[Info  - 2:22:26 AM] (953) Searching for source files
[Info  - 2:22:26 AM] (953) No source files found.
[Info  - 2:22:27 AM] (953) Searching for source files
[Info  - 2:22:27 AM] (953) No source files found.
[Info  - 2:22:44 AM] (953) Searching for source files
[Info  - 2:22:44 AM] (953) No source files found.
[Info  - 2:22:52 AM] (953) Searching for source files
[Info  - 2:22:52 AM] (953) No source files found.
[Info  - 2:22:52 AM] (953) Searching for source files
[Info  - 2:22:52 AM] (953) No source files found.
[Info  - 2:23:02 AM] (953) Searching for source files
[Info  - 2:23:02 AM] (953) No source files found.
[Info  - 2:23:03 AM] (953) Searching for source files
[Info  - 2:23:03 AM] (953) No source files found.
[Info  - 2:24:06 AM] (953) Searching for source files
[Info  - 2:24:06 AM] (953) No source files found.
[Info  - 2:24:16 AM] (953) Searching for source files
[Info  - 2:24:16 AM] (953) No source files found.
[Info  - 2:24:16 AM] (953) Searching for source files
[Info  - 2:24:16 AM] (953) No source files found.
[Info  - 2:24:17 AM] (953) Searching for source files
[Info  - 2:24:17 AM] (953) No source files found.
[Info  - 2:24:31 AM] (953) Searching for source files
[Info  - 2:24:31 AM] (953) No source files found.
[Info  - 2:25:27 AM] (953) Searching for source files
[Info  - 2:25:27 AM] (953) No source files found.
[Info  - 2:25:27 AM] (953) Searching for source files
[Info  - 2:25:27 AM] (953) No source files found.
[Info  - 2:25:28 AM] (953) Searching for source files
[Info  - 2:25:28 AM] (953) No source files found.
[Info  - 2:25:45 AM] (953) Searching for source files
[Info  - 2:25:45 AM] (953) No source files found.
[Info  - 2:25:46 AM] (953) Searching for source files
[Info  - 2:25:46 AM] (953) No source files found.
[Info  - 2:28:28 AM] (953) Searching for source files
[Info  - 2:28:28 AM] (953) No source files found.
