[2022-03-25T14:43:05.041Z] Validating found git in: git
[2022-03-25T14:43:05.072Z] Using git 2.35.1 from git
[2022-03-25T14:43:05.088Z] > git rev-parse --git-dir [1ms]
[2022-03-25T14:43:05.092Z] Open repository: /home/zero
[2022-03-25T14:43:05.138Z] > git symbolic-ref --short HEAD [2ms]
[2022-03-25T14:43:05.143Z] > git for-each-ref --format=%(refname)%00%(upstream:short)%00%(objectname)%00%(upstream:track) refs/heads/dev refs/remotes/dev [2ms]
[2022-03-25T14:43:05.151Z] > git remote --verbose [1ms]
[2022-03-25T14:43:05.152Z] > git for-each-ref --sort -committerdate --format %(refname) %(objectname) %(*objectname) [5ms]
[2022-03-25T14:43:05.893Z] > git config --get commit.template [56ms]
[2022-03-25T14:43:05.945Z] > git ls-files --stage -- /home/zero/.xsession [7ms]
[2022-03-25T14:43:12.741Z] > git symbolic-ref --short HEAD [1ms]
[2022-03-25T14:43:12.747Z] > git for-each-ref --format=%(refname)%00%(upstream:short)%00%(objectname)%00%(upstream:track) refs/heads/dev refs/remotes/dev [2ms]
[2022-03-25T14:43:12.757Z] > git remote --verbose [2ms]
[2022-03-25T14:43:12.757Z] > git for-each-ref --sort -committerdate --format %(refname) %(objectname) %(*objectname) [6ms]
[2022-03-25T14:43:12.800Z] > git config --get commit.template [1ms]
[2022-03-25T14:43:17.844Z] > git symbolic-ref --short HEAD [2ms]
[2022-03-25T14:43:17.849Z] > git for-each-ref --format=%(refname)%00%(upstream:short)%00%(objectname)%00%(upstream:track) refs/heads/dev refs/remotes/dev [1ms]
[2022-03-25T14:43:17.859Z] > git for-each-ref --sort -committerdate --format %(refname) %(objectname) %(*objectname) [6ms]
[2022-03-25T14:43:17.860Z] > git remote --verbose [2ms]
[2022-03-25T14:43:17.895Z] > git config --get commit.template [1ms]
[2022-03-25T14:43:22.923Z] > git symbolic-ref --short HEAD [2ms]
[2022-03-25T14:43:22.929Z] > git for-each-ref --format=%(refname)%00%(upstream:short)%00%(objectname)%00%(upstream:track) refs/heads/dev refs/remotes/dev [1ms]
[2022-03-25T14:43:22.938Z] > git for-each-ref --sort -committerdate --format %(refname) %(objectname) %(*objectname) [5ms]
[2022-03-25T14:43:22.939Z] > git remote --verbose [2ms]
[2022-03-25T14:43:22.980Z] > git config --get commit.template [5ms]
[2022-03-25T14:43:28.033Z] > git symbolic-ref --short HEAD [3ms]
[2022-03-25T14:43:28.041Z] > git for-each-ref --format=%(refname)%00%(upstream:short)%00%(objectname)%00%(upstream:track) refs/heads/dev refs/remotes/dev [1ms]
[2022-03-25T14:43:28.086Z] > git for-each-ref --sort -committerdate --format %(refname) %(objectname) %(*objectname) [11ms]
[2022-03-25T14:43:28.086Z] > git remote --verbose [6ms]
[2022-03-25T14:43:28.119Z] > git config --get commit.template [1ms]
[2022-03-25T14:43:33.174Z] > git symbolic-ref --short HEAD [2ms]
[2022-03-25T14:43:33.188Z] > git for-each-ref --format=%(refname)%00%(upstream:short)%00%(objectname)%00%(upstream:track) refs/heads/dev refs/remotes/dev [3ms]
[2022-03-25T14:43:33.203Z] > git for-each-ref --sort -committerdate --format %(refname) %(objectname) %(*objectname) [6ms]
[2022-03-25T14:43:33.204Z] > git remote --verbose [2ms]
[2022-03-25T14:43:33.237Z] > git config --get commit.template [3ms]
[2022-03-25T14:43:38.262Z] > git symbolic-ref --short HEAD [1ms]
[2022-03-25T14:43:38.271Z] > git for-each-ref --format=%(refname)%00%(upstream:short)%00%(objectname)%00%(upstream:track) refs/heads/dev refs/remotes/dev [2ms]
[2022-03-25T14:43:38.287Z] > git for-each-ref --sort -committerdate --format %(refname) %(objectname) %(*objectname) [9ms]
[2022-03-25T14:43:38.287Z] > git remote --verbose [2ms]
[2022-03-25T14:43:38.328Z] > git config --get commit.template [10ms]
[2022-03-25T14:43:43.359Z] > git symbolic-ref --short HEAD [1ms]
[2022-03-25T14:43:43.367Z] > git for-each-ref --format=%(refname)%00%(upstream:short)%00%(objectname)%00%(upstream:track) refs/heads/dev refs/remotes/dev [2ms]
[2022-03-25T14:43:43.383Z] > git for-each-ref --sort -committerdate --format %(refname) %(objectname) %(*objectname) [11ms]
[2022-03-25T14:43:43.384Z] > git remote --verbose [7ms]
[2022-03-25T14:43:43.413Z] > git config --get commit.template [1ms]
[2022-03-25T14:43:48.435Z] > git symbolic-ref --short HEAD [1ms]
[2022-03-25T14:43:48.440Z] > git for-each-ref --format=%(refname)%00%(upstream:short)%00%(objectname)%00%(upstream:track) refs/heads/dev refs/remotes/dev [1ms]
[2022-03-25T14:43:48.449Z] > git for-each-ref --sort -committerdate --format %(refname) %(objectname) %(*objectname) [5ms]
[2022-03-25T14:43:48.449Z] > git remote --verbose [1ms]
[2022-03-25T14:43:48.483Z] > git config --get commit.template [3ms]
[2022-03-25T14:43:53.530Z] > git symbolic-ref --short HEAD [3ms]
[2022-03-25T14:43:53.541Z] > git for-each-ref --format=%(refname)%00%(upstream:short)%00%(objectname)%00%(upstream:track) refs/heads/dev refs/remotes/dev [2ms]
[2022-03-25T14:43:53.557Z] > git for-each-ref --sort -committerdate --format %(refname) %(objectname) %(*objectname) [7ms]
[2022-03-25T14:43:53.558Z] > git remote --verbose [3ms]
[2022-03-25T14:43:53.589Z] > git config --get commit.template [1ms]
[2022-03-25T14:43:58.613Z] > git symbolic-ref --short HEAD [1ms]
[2022-03-25T14:43:58.620Z] > git for-each-ref --format=%(refname)%00%(upstream:short)%00%(objectname)%00%(upstream:track) refs/heads/dev refs/remotes/dev [1ms]
[2022-03-25T14:43:58.630Z] > git for-each-ref --sort -committerdate --format %(refname) %(objectname) %(*objectname) [5ms]
[2022-03-25T14:43:58.631Z] > git remote --verbose [2ms]
[2022-03-25T14:43:58.663Z] > git config --get commit.template [2ms]
[2022-03-25T14:44:03.694Z] > git symbolic-ref --short HEAD [2ms]
[2022-03-25T14:44:03.700Z] > git for-each-ref --format=%(refname)%00%(upstream:short)%00%(objectname)%00%(upstream:track) refs/heads/dev refs/remotes/dev [1ms]
[2022-03-25T14:44:03.712Z] > git for-each-ref --sort -committerdate --format %(refname) %(objectname) %(*objectname) [7ms]
[2022-03-25T14:44:03.713Z] > git remote --verbose [3ms]
[2022-03-25T14:44:03.765Z] > git config --get commit.template [12ms]
[2022-03-25T14:44:08.786Z] > git symbolic-ref --short HEAD [1ms]
[2022-03-25T14:44:08.792Z] > git for-each-ref --format=%(refname)%00%(upstream:short)%00%(objectname)%00%(upstream:track) refs/heads/dev refs/remotes/dev [2ms]
[2022-03-25T14:44:08.843Z] > git for-each-ref --sort -committerdate --format %(refname) %(objectname) %(*objectname) [11ms]
[2022-03-25T14:44:08.844Z] > git remote --verbose [4ms]
[2022-03-25T14:44:08.889Z] > git config --get commit.template [3ms]
[2022-03-25T14:44:13.914Z] > git symbolic-ref --short HEAD [1ms]
[2022-03-25T14:44:13.921Z] > git for-each-ref --format=%(refname)%00%(upstream:short)%00%(objectname)%00%(upstream:track) refs/heads/dev refs/remotes/dev [1ms]
[2022-03-25T14:44:13.931Z] > git for-each-ref --sort -committerdate --format %(refname) %(objectname) %(*objectname) [5ms]
[2022-03-25T14:44:13.932Z] > git remote --verbose [2ms]
[2022-03-25T14:44:13.979Z] > git config --get commit.template [10ms]
[2022-03-25T14:44:19.006Z] > git symbolic-ref --short HEAD [3ms]
[2022-03-25T14:44:19.014Z] > git for-each-ref --format=%(refname)%00%(upstream:short)%00%(objectname)%00%(upstream:track) refs/heads/dev refs/remotes/dev [2ms]
[2022-03-25T14:44:19.026Z] > git for-each-ref --sort -committerdate --format %(refname) %(objectname) %(*objectname) [7ms]
[2022-03-25T14:44:19.027Z] > git remote --verbose [3ms]
[2022-03-25T14:44:19.070Z] > git config --get commit.template [10ms]
[2022-03-25T14:44:24.094Z] > git symbolic-ref --short HEAD [2ms]
[2022-03-25T14:44:24.102Z] > git for-each-ref --format=%(refname)%00%(upstream:short)%00%(objectname)%00%(upstream:track) refs/heads/dev refs/remotes/dev [2ms]
[2022-03-25T14:44:24.114Z] > git for-each-ref --sort -committerdate --format %(refname) %(objectname) %(*objectname) [7ms]
[2022-03-25T14:44:24.114Z] > git remote --verbose [2ms]
[2022-03-25T14:44:24.161Z] > git config --get commit.template [12ms]
[2022-03-25T14:44:29.192Z] > git symbolic-ref --short HEAD [3ms]
[2022-03-25T14:44:29.202Z] > git for-each-ref --format=%(refname)%00%(upstream:short)%00%(objectname)%00%(upstream:track) refs/heads/dev refs/remotes/dev [2ms]
[2022-03-25T14:44:29.216Z] > git for-each-ref --sort -committerdate --format %(refname) %(objectname) %(*objectname) [8ms]
[2022-03-25T14:44:29.217Z] > git remote --verbose [2ms]
[2022-03-25T14:44:29.268Z] > git config --get commit.template [13ms]
[2022-03-25T14:44:34.296Z] > git symbolic-ref --short HEAD [1ms]
[2022-03-25T14:44:34.303Z] > git for-each-ref --format=%(refname)%00%(upstream:short)%00%(objectname)%00%(upstream:track) refs/heads/dev refs/remotes/dev [1ms]
[2022-03-25T14:44:34.316Z] > git for-each-ref --sort -committerdate --format %(refname) %(objectname) %(*objectname) [8ms]
[2022-03-25T14:44:34.317Z] > git remote --verbose [3ms]
[2022-03-25T14:44:34.363Z] > git config --get commit.template [11ms]
[2022-03-25T14:44:39.408Z] > git symbolic-ref --short HEAD [2ms]
[2022-03-25T14:44:39.416Z] > git for-each-ref --format=%(refname)%00%(upstream:short)%00%(objectname)%00%(upstream:track) refs/heads/dev refs/remotes/dev [2ms]
[2022-03-25T14:44:39.460Z] > git for-each-ref --sort -committerdate --format %(refname) %(objectname) %(*objectname) [10ms]
[2022-03-25T14:44:39.461Z] > git remote --verbose [7ms]
[2022-03-25T14:44:39.490Z] > git config --get commit.template [2ms]
[2022-03-25T14:44:44.526Z] > git symbolic-ref --short HEAD [2ms]
[2022-03-25T14:44:44.536Z] > git for-each-ref --format=%(refname)%00%(upstream:short)%00%(objectname)%00%(upstream:track) refs/heads/dev refs/remotes/dev [2ms]
[2022-03-25T14:44:44.582Z] > git for-each-ref --sort -committerdate --format %(refname) %(objectname) %(*objectname) [10ms]
[2022-03-25T14:44:44.583Z] > git remote --verbose [3ms]
[2022-03-25T14:44:44.620Z] > git config --get commit.template [4ms]
[2022-03-25T14:44:49.653Z] > git symbolic-ref --short HEAD [2ms]
[2022-03-25T14:44:49.684Z] > git for-each-ref --format=%(refname)%00%(upstream:short)%00%(objectname)%00%(upstream:track) refs/heads/dev refs/remotes/dev [1ms]
[2022-03-25T14:44:49.696Z] > git for-each-ref --sort -committerdate --format %(refname) %(objectname) %(*objectname) [6ms]
[2022-03-25T14:44:49.701Z] > git remote --verbose [6ms]
[2022-03-25T14:44:49.731Z] > git config --get commit.template [3ms]
[2022-03-25T14:44:54.755Z] > git symbolic-ref --short HEAD [1ms]
[2022-03-25T14:44:54.762Z] > git for-each-ref --format=%(refname)%00%(upstream:short)%00%(objectname)%00%(upstream:track) refs/heads/dev refs/remotes/dev [2ms]
[2022-03-25T14:44:54.813Z] > git for-each-ref --sort -committerdate --format %(refname) %(objectname) %(*objectname) [11ms]
[2022-03-25T14:44:54.814Z] > git remote --verbose [3ms]
[2022-03-25T14:44:54.852Z] > git config --get commit.template [3ms]
[2022-03-25T14:44:59.876Z] > git symbolic-ref --short HEAD [1ms]
[2022-03-25T14:44:59.882Z] > git for-each-ref --format=%(refname)%00%(upstream:short)%00%(objectname)%00%(upstream:track) refs/heads/dev refs/remotes/dev [1ms]
[2022-03-25T14:44:59.934Z] > git for-each-ref --sort -committerdate --format %(refname) %(objectname) %(*objectname) [11ms]
[2022-03-25T14:44:59.935Z] > git remote --verbose [3ms]
[2022-03-25T14:44:59.977Z] > git config --get commit.template [3ms]
[2022-03-25T14:45:05.026Z] > git symbolic-ref --short HEAD [2ms]
[2022-03-25T14:45:05.035Z] > git for-each-ref --format=%(refname)%00%(upstream:short)%00%(objectname)%00%(upstream:track) refs/heads/dev refs/remotes/dev [2ms]
[2022-03-25T14:45:05.074Z] > git remote --verbose [2ms]
[2022-03-25T14:45:05.074Z] > git for-each-ref --sort -committerdate --format %(refname) %(objectname) %(*objectname) [6ms]
[2022-03-25T14:45:05.124Z] > git config --get commit.template [10ms]
[2022-03-25T14:45:10.170Z] > git symbolic-ref --short HEAD [2ms]
[2022-03-25T14:45:10.177Z] > git for-each-ref --format=%(refname)%00%(upstream:short)%00%(objectname)%00%(upstream:track) refs/heads/dev refs/remotes/dev [2ms]
[2022-03-25T14:45:10.218Z] > git remote --verbose [1ms]
[2022-03-25T14:45:10.218Z] > git for-each-ref --sort -committerdate --format %(refname) %(objectname) %(*objectname) [6ms]
[2022-03-25T14:45:10.264Z] > git config --get commit.template [12ms]
[2022-03-25T14:45:15.316Z] > git symbolic-ref --short HEAD [1ms]
[2022-03-25T14:45:15.325Z] > git for-each-ref --format=%(refname)%00%(upstream:short)%00%(objectname)%00%(upstream:track) refs/heads/dev refs/remotes/dev [2ms]
[2022-03-25T14:45:15.370Z] > git for-each-ref --sort -committerdate --format %(refname) %(objectname) %(*objectname) [12ms]
[2022-03-25T14:45:15.370Z] > git remote --verbose [7ms]
[2022-03-25T14:45:15.398Z] > git config --get commit.template [3ms]
[2022-03-25T14:45:20.420Z] > git symbolic-ref --short HEAD [1ms]
[2022-03-25T14:45:20.427Z] > git for-each-ref --format=%(refname)%00%(upstream:short)%00%(objectname)%00%(upstream:track) refs/heads/dev refs/remotes/dev [1ms]
[2022-03-25T14:45:20.475Z] > git for-each-ref --sort -committerdate --format %(refname) %(objectname) %(*objectname) [10ms]
[2022-03-25T14:45:20.475Z] > git remote --verbose [2ms]
[2022-03-25T14:45:20.514Z] > git config --get commit.template [3ms]
[2022-03-25T14:45:25.552Z] > git symbolic-ref --short HEAD [2ms]
[2022-03-25T14:45:25.559Z] > git for-each-ref --format=%(refname)%00%(upstream:short)%00%(objectname)%00%(upstream:track) refs/heads/dev refs/remotes/dev [2ms]
[2022-03-25T14:45:25.575Z] > git remote --verbose [5ms]
[2022-03-25T14:45:25.576Z] > git for-each-ref --sort -committerdate --format %(refname) %(objectname) %(*objectname) [11ms]
[2022-03-25T14:45:25.624Z] > git config --get commit.template [11ms]
[2022-03-25T14:45:30.653Z] > git symbolic-ref --short HEAD [1ms]
[2022-03-25T14:45:30.659Z] > git for-each-ref --format=%(refname)%00%(upstream:short)%00%(objectname)%00%(upstream:track) refs/heads/dev refs/remotes/dev [2ms]
[2022-03-25T14:45:30.704Z] > git for-each-ref --sort -committerdate --format %(refname) %(objectname) %(*objectname) [10ms]
[2022-03-25T14:45:30.705Z] > git remote --verbose [7ms]
[2022-03-25T14:45:30.736Z] > git config --get commit.template [1ms]
[2022-03-25T14:45:35.765Z] > git symbolic-ref --short HEAD [2ms]
[2022-03-25T14:45:35.771Z] > git for-each-ref --format=%(refname)%00%(upstream:short)%00%(objectname)%00%(upstream:track) refs/heads/dev refs/remotes/dev [1ms]
[2022-03-25T14:45:35.812Z] > git for-each-ref --sort -committerdate --format %(refname) %(objectname) %(*objectname) [5ms]
[2022-03-25T14:45:35.813Z] > git remote --verbose [2ms]
[2022-03-25T14:45:35.844Z] > git config --get commit.template [2ms]
[2022-03-25T14:45:40.894Z] > git symbolic-ref --short HEAD [2ms]
[2022-03-25T14:45:40.905Z] > git for-each-ref --format=%(refname)%00%(upstream:short)%00%(objectname)%00%(upstream:track) refs/heads/dev refs/remotes/dev [3ms]
[2022-03-25T14:45:40.941Z] > git for-each-ref --sort -committerdate --format %(refname) %(objectname) %(*objectname) [5ms]
[2022-03-25T14:45:40.946Z] > git remote --verbose [6ms]
[2022-03-25T14:45:40.977Z] > git config --get commit.template [2ms]
[2022-03-25T14:45:45.999Z] > git symbolic-ref --short HEAD [1ms]
[2022-03-25T14:45:46.006Z] > git for-each-ref --format=%(refname)%00%(upstream:short)%00%(objectname)%00%(upstream:track) refs/heads/dev refs/remotes/dev [2ms]
[2022-03-25T14:45:46.055Z] > git for-each-ref --sort -committerdate --format %(refname) %(objectname) %(*objectname) [11ms]
[2022-03-25T14:45:46.055Z] > git remote --verbose [2ms]
[2022-03-25T14:45:46.098Z] > git config --get commit.template [2ms]
[2022-03-25T14:45:51.138Z] > git symbolic-ref --short HEAD [2ms]
[2022-03-25T14:45:51.145Z] > git for-each-ref --format=%(refname)%00%(upstream:short)%00%(objectname)%00%(upstream:track) refs/heads/dev refs/remotes/dev [2ms]
[2022-03-25T14:45:51.184Z] > git for-each-ref --sort -committerdate --format %(refname) %(objectname) %(*objectname) [5ms]
[2022-03-25T14:45:51.189Z] > git remote --verbose [6ms]
[2022-03-25T14:45:51.220Z] > git config --get commit.template [3ms]
[2022-03-25T14:45:56.254Z] > git symbolic-ref --short HEAD [2ms]
[2022-03-25T14:45:56.260Z] > git for-each-ref --format=%(refname)%00%(upstream:short)%00%(objectname)%00%(upstream:track) refs/heads/dev refs/remotes/dev [1ms]
[2022-03-25T14:45:56.308Z] > git for-each-ref --sort -committerdate --format %(refname) %(objectname) %(*objectname) [10ms]
[2022-03-25T14:45:56.308Z] > git remote --verbose [2ms]
[2022-03-25T14:45:56.343Z] > git config --get commit.template [2ms]
[2022-03-25T14:46:01.389Z] > git symbolic-ref --short HEAD [3ms]
[2022-03-25T14:46:01.399Z] > git for-each-ref --format=%(refname)%00%(upstream:short)%00%(objectname)%00%(upstream:track) refs/heads/dev refs/remotes/dev [3ms]
[2022-03-25T14:46:01.419Z] > git for-each-ref --sort -committerdate --format %(refname) %(objectname) %(*objectname) [12ms]
[2022-03-25T14:46:01.420Z] > git remote --verbose [3ms]
[2022-03-25T14:46:01.474Z] > git config --get commit.template [10ms]
[2022-03-25T14:46:06.497Z] > git symbolic-ref --short HEAD [2ms]
[2022-03-25T14:46:06.504Z] > git for-each-ref --format=%(refname)%00%(upstream:short)%00%(objectname)%00%(upstream:track) refs/heads/dev refs/remotes/dev [2ms]
[2022-03-25T14:46:06.519Z] > git for-each-ref --sort -committerdate --format %(refname) %(objectname) %(*objectname) [8ms]
[2022-03-25T14:46:06.520Z] > git remote --verbose [2ms]
[2022-03-25T14:46:06.551Z] > git config --get commit.template [3ms]
[2022-03-25T14:46:11.586Z] > git symbolic-ref --short HEAD [2ms]
[2022-03-25T14:46:11.595Z] > git for-each-ref --format=%(refname)%00%(upstream:short)%00%(objectname)%00%(upstream:track) refs/heads/dev refs/remotes/dev [2ms]
[2022-03-25T14:46:11.639Z] > git for-each-ref --sort -committerdate --format %(refname) %(objectname) %(*objectname) [11ms]
[2022-03-25T14:46:11.639Z] > git remote --verbose [5ms]
[2022-03-25T14:46:11.669Z] > git config --get commit.template [2ms]
[2022-03-25T14:46:16.719Z] > git symbolic-ref --short HEAD [3ms]
[2022-03-25T14:46:16.733Z] > git for-each-ref --format=%(refname)%00%(upstream:short)%00%(objectname)%00%(upstream:track) refs/heads/dev refs/remotes/dev [3ms]
[2022-03-25T14:46:16.768Z] > git for-each-ref --sort -committerdate --format %(refname) %(objectname) %(*objectname) [7ms]
[2022-03-25T14:46:16.768Z] > git remote --verbose [2ms]
[2022-03-25T14:46:16.797Z] > git config --get commit.template [3ms]
[2022-03-25T14:52:18.793Z] > git symbolic-ref --short HEAD [1ms]
[2022-03-25T14:52:18.799Z] > git for-each-ref --format=%(refname)%00%(upstream:short)%00%(objectname)%00%(upstream:track) refs/heads/dev refs/remotes/dev [1ms]
[2022-03-25T14:52:18.808Z] > git for-each-ref --sort -committerdate --format %(refname) %(objectname) %(*objectname) [6ms]
[2022-03-25T14:52:18.808Z] > git remote --verbose [1ms]
[2022-03-25T14:52:18.861Z] > git config --get commit.template [2ms]
[2022-03-25T14:52:23.891Z] > git symbolic-ref --short HEAD [3ms]
[2022-03-25T14:52:23.897Z] > git for-each-ref --format=%(refname)%00%(upstream:short)%00%(objectname)%00%(upstream:track) refs/heads/dev refs/remotes/dev [2ms]
[2022-03-25T14:52:23.908Z] > git for-each-ref --sort -committerdate --format %(refname) %(objectname) %(*objectname) [7ms]
[2022-03-25T14:52:23.909Z] > git remote --verbose [3ms]
[2022-03-25T14:52:23.957Z] > git config --get commit.template [9ms]
[2022-03-25T14:52:28.982Z] > git symbolic-ref --short HEAD [1ms]
[2022-03-25T14:52:28.989Z] > git for-each-ref --format=%(refname)%00%(upstream:short)%00%(objectname)%00%(upstream:track) refs/heads/dev refs/remotes/dev [2ms]
[2022-03-25T14:52:29.001Z] > git for-each-ref --sort -committerdate --format %(refname) %(objectname) %(*objectname) [6ms]
[2022-03-25T14:52:29.002Z] > git remote --verbose [2ms]
[2022-03-25T14:52:29.036Z] > git config --get commit.template [2ms]
[2022-03-25T14:52:34.061Z] > git symbolic-ref --short HEAD [1ms]
[2022-03-25T14:52:34.067Z] > git for-each-ref --format=%(refname)%00%(upstream:short)%00%(objectname)%00%(upstream:track) refs/heads/dev refs/remotes/dev [1ms]
[2022-03-25T14:52:34.076Z] > git for-each-ref --sort -committerdate --format %(refname) %(objectname) %(*objectname) [5ms]
[2022-03-25T14:52:34.076Z] > git remote --verbose [1ms]
[2022-03-25T14:52:34.108Z] > git config --get commit.template [4ms]
[2022-03-25T14:52:39.134Z] > git symbolic-ref --short HEAD [2ms]
[2022-03-25T14:52:39.139Z] > git for-each-ref --format=%(refname)%00%(upstream:short)%00%(objectname)%00%(upstream:track) refs/heads/dev refs/remotes/dev [1ms]
[2022-03-25T14:52:39.147Z] > git for-each-ref --sort -committerdate --format %(refname) %(objectname) %(*objectname) [4ms]
[2022-03-25T14:52:39.148Z] > git remote --verbose [2ms]
[2022-03-25T14:52:39.179Z] > git config --get commit.template [2ms]
[2022-03-25T14:52:44.210Z] > git symbolic-ref --short HEAD [2ms]
[2022-03-25T14:52:44.220Z] > git for-each-ref --format=%(refname)%00%(upstream:short)%00%(objectname)%00%(upstream:track) refs/heads/dev refs/remotes/dev [3ms]
[2022-03-25T14:52:44.237Z] > git for-each-ref --sort -committerdate --format %(refname) %(objectname) %(*objectname) [10ms]
[2022-03-25T14:52:44.238Z] > git remote --verbose [3ms]
[2022-03-25T14:52:44.292Z] > git config --get commit.template [12ms]
[2022-03-25T14:52:49.323Z] > git symbolic-ref --short HEAD [2ms]
[2022-03-25T14:52:49.329Z] > git for-each-ref --format=%(refname)%00%(upstream:short)%00%(objectname)%00%(upstream:track) refs/heads/dev refs/remotes/dev [1ms]
[2022-03-25T14:52:49.339Z] > git for-each-ref --sort -committerdate --format %(refname) %(objectname) %(*objectname) [5ms]
[2022-03-25T14:52:49.339Z] > git remote --verbose [1ms]
[2022-03-25T14:52:49.372Z] > git config --get commit.template [2ms]
[2022-03-25T15:07:15.571Z] > git symbolic-ref --short HEAD [2ms]
[2022-03-25T15:07:15.577Z] > git for-each-ref --format=%(refname)%00%(upstream:short)%00%(objectname)%00%(upstream:track) refs/heads/dev refs/remotes/dev [1ms]
[2022-03-25T15:07:15.587Z] > git for-each-ref --sort -committerdate --format %(refname) %(objectname) %(*objectname) [5ms]
[2022-03-25T15:07:15.587Z] > git remote --verbose [1ms]
[2022-03-25T15:07:15.628Z] > git config --get commit.template [2ms]
[2022-03-25T15:07:20.668Z] > git symbolic-ref --short HEAD [1ms]
[2022-03-25T15:07:20.674Z] > git for-each-ref --format=%(refname)%00%(upstream:short)%00%(objectname)%00%(upstream:track) refs/heads/dev refs/remotes/dev [1ms]
[2022-03-25T15:07:20.685Z] > git for-each-ref --sort -committerdate --format %(refname) %(objectname) %(*objectname) [6ms]
[2022-03-25T15:07:20.685Z] > git remote --verbose [1ms]
[2022-03-25T15:07:20.718Z] > git config --get commit.template [2ms]
[2022-03-25T15:07:25.740Z] > git symbolic-ref --short HEAD [1ms]
[2022-03-25T15:07:25.747Z] > git for-each-ref --format=%(refname)%00%(upstream:short)%00%(objectname)%00%(upstream:track) refs/heads/dev refs/remotes/dev [1ms]
[2022-03-25T15:07:25.760Z] > git for-each-ref --sort -committerdate --format %(refname) %(objectname) %(*objectname) [6ms]
[2022-03-25T15:07:25.761Z] > git remote --verbose [2ms]
[2022-03-25T15:07:25.794Z] > git config --get commit.template [2ms]
[2022-03-25T15:07:30.825Z] > git symbolic-ref --short HEAD [2ms]
[2022-03-25T15:07:30.833Z] > git for-each-ref --format=%(refname)%00%(upstream:short)%00%(objectname)%00%(upstream:track) refs/heads/dev refs/remotes/dev [2ms]
[2022-03-25T15:07:30.846Z] > git for-each-ref --sort -committerdate --format %(refname) %(objectname) %(*objectname) [7ms]
[2022-03-25T15:07:30.847Z] > git remote --verbose [2ms]
[2022-03-25T15:07:30.900Z] > git config --get commit.template [11ms]
[2022-03-25T15:07:35.926Z] > git symbolic-ref --short HEAD [2ms]
[2022-03-25T15:07:35.932Z] > git for-each-ref --format=%(refname)%00%(upstream:short)%00%(objectname)%00%(upstream:track) refs/heads/dev refs/remotes/dev [1ms]
[2022-03-25T15:07:35.944Z] > git for-each-ref --sort -committerdate --format %(refname) %(objectname) %(*objectname) [7ms]
[2022-03-25T15:07:35.944Z] > git remote --verbose [2ms]
[2022-03-25T15:07:35.993Z] > git config --get commit.template [10ms]
[2022-03-25T15:07:41.016Z] > git symbolic-ref --short HEAD [1ms]
[2022-03-25T15:07:41.024Z] > git for-each-ref --format=%(refname)%00%(upstream:short)%00%(objectname)%00%(upstream:track) refs/heads/dev refs/remotes/dev [2ms]
[2022-03-25T15:07:41.037Z] > git for-each-ref --sort -committerdate --format %(refname) %(objectname) %(*objectname) [7ms]
[2022-03-25T15:07:41.038Z] > git remote --verbose [2ms]
[2022-03-25T15:07:41.086Z] > git config --get commit.template [11ms]
[2022-03-25T15:07:46.113Z] > git symbolic-ref --short HEAD [2ms]
[2022-03-25T15:07:46.120Z] > git for-each-ref --format=%(refname)%00%(upstream:short)%00%(objectname)%00%(upstream:track) refs/heads/dev refs/remotes/dev [1ms]
[2022-03-25T15:07:46.137Z] > git remote --verbose [6ms]
[2022-03-25T15:07:46.137Z] > git for-each-ref --sort -committerdate --format %(refname) %(objectname) %(*objectname) [11ms]
[2022-03-25T15:07:46.171Z] > git config --get commit.template [3ms]
[2022-03-25T15:07:51.193Z] > git symbolic-ref --short HEAD [1ms]
[2022-03-25T15:07:51.199Z] > git for-each-ref --format=%(refname)%00%(upstream:short)%00%(objectname)%00%(upstream:track) refs/heads/dev refs/remotes/dev [1ms]
[2022-03-25T15:07:51.210Z] > git for-each-ref --sort -committerdate --format %(refname) %(objectname) %(*objectname) [6ms]
[2022-03-25T15:07:51.210Z] > git remote --verbose [2ms]
[2022-03-25T15:07:51.239Z] > git config --get commit.template [2ms]
[2022-03-25T15:07:56.282Z] > git symbolic-ref --short HEAD [3ms]
[2022-03-25T15:07:56.295Z] > git for-each-ref --format=%(refname)%00%(upstream:short)%00%(objectname)%00%(upstream:track) refs/heads/dev refs/remotes/dev [3ms]
[2022-03-25T15:07:56.309Z] > git for-each-ref --sort -committerdate --format %(refname) %(objectname) %(*objectname) [8ms]
[2022-03-25T15:07:56.310Z] > git remote --verbose [3ms]
[2022-03-25T15:07:56.363Z] > git config --get commit.template [12ms]
[2022-03-25T15:08:01.409Z] > git symbolic-ref --short HEAD [2ms]
[2022-03-25T15:08:01.419Z] > git for-each-ref --format=%(refname)%00%(upstream:short)%00%(objectname)%00%(upstream:track) refs/heads/dev refs/remotes/dev [3ms]
[2022-03-25T15:08:01.433Z] > git for-each-ref --sort -committerdate --format %(refname) %(objectname) %(*objectname) [8ms]
[2022-03-25T15:08:01.434Z] > git remote --verbose [1ms]
[2022-03-25T15:08:01.485Z] > git config --get commit.template [10ms]
[2022-03-25T15:08:05.508Z] > git ls-files --stage -- /home/zero/programs.sh [2ms]
[2022-03-25T15:08:06.516Z] > git symbolic-ref --short HEAD [1ms]
[2022-03-25T15:08:06.523Z] > git for-each-ref --format=%(refname)%00%(upstream:short)%00%(objectname)%00%(upstream:track) refs/heads/dev refs/remotes/dev [1ms]
[2022-03-25T15:08:06.533Z] > git for-each-ref --sort -committerdate --format %(refname) %(objectname) %(*objectname) [5ms]
[2022-03-25T15:08:06.533Z] > git remote --verbose [1ms]
[2022-03-25T15:08:06.570Z] > git config --get commit.template [3ms]
[2022-03-25T15:08:11.591Z] > git symbolic-ref --short HEAD [2ms]
[2022-03-25T15:08:11.596Z] > git for-each-ref --format=%(refname)%00%(upstream:short)%00%(objectname)%00%(upstream:track) refs/heads/dev refs/remotes/dev [1ms]
[2022-03-25T15:08:11.607Z] > git for-each-ref --sort -committerdate --format %(refname) %(objectname) %(*objectname) [6ms]
[2022-03-25T15:08:11.607Z] > git remote --verbose [1ms]
[2022-03-25T15:08:11.637Z] > git config --get commit.template [2ms]
[2022-03-25T15:08:16.670Z] > git symbolic-ref --short HEAD [2ms]
[2022-03-25T15:08:16.677Z] > git for-each-ref --format=%(refname)%00%(upstream:short)%00%(objectname)%00%(upstream:track) refs/heads/dev refs/remotes/dev [1ms]
[2022-03-25T15:08:16.689Z] > git for-each-ref --sort -committerdate --format %(refname) %(objectname) %(*objectname) [7ms]
[2022-03-25T15:08:16.689Z] > git remote --verbose [1ms]
[2022-03-25T15:08:16.721Z] > git config --get commit.template [1ms]
[2022-03-25T15:08:21.744Z] > git symbolic-ref --short HEAD [2ms]
[2022-03-25T15:08:21.750Z] > git for-each-ref --format=%(refname)%00%(upstream:short)%00%(objectname)%00%(upstream:track) refs/heads/dev refs/remotes/dev [1ms]
[2022-03-25T15:08:21.761Z] > git for-each-ref --sort -committerdate --format %(refname) %(objectname) %(*objectname) [6ms]
[2022-03-25T15:08:21.761Z] > git remote --verbose [1ms]
[2022-03-25T15:08:21.791Z] > git config --get commit.template [2ms]
[2022-03-25T15:08:26.822Z] > git symbolic-ref --short HEAD [2ms]
[2022-03-25T15:08:26.831Z] > git for-each-ref --format=%(refname)%00%(upstream:short)%00%(objectname)%00%(upstream:track) refs/heads/dev refs/remotes/dev [3ms]
[2022-03-25T15:08:26.847Z] > git for-each-ref --sort -committerdate --format %(refname) %(objectname) %(*objectname) [7ms]
[2022-03-25T15:08:26.848Z] > git remote --verbose [2ms]
[2022-03-25T15:08:26.896Z] > git config --get commit.template [10ms]
[2022-03-25T15:08:31.943Z] > git symbolic-ref --short HEAD [2ms]
[2022-03-25T15:08:31.952Z] > git for-each-ref --format=%(refname)%00%(upstream:short)%00%(objectname)%00%(upstream:track) refs/heads/dev refs/remotes/dev [2ms]
[2022-03-25T15:08:31.964Z] > git for-each-ref --sort -committerdate --format %(refname) %(objectname) %(*objectname) [7ms]
[2022-03-25T15:08:31.965Z] > git remote --verbose [2ms]
[2022-03-25T15:08:32.013Z] > git config --get commit.template [12ms]
[2022-03-25T15:08:37.046Z] > git symbolic-ref --short HEAD [2ms]
[2022-03-25T15:08:37.052Z] > git for-each-ref --format=%(refname)%00%(upstream:short)%00%(objectname)%00%(upstream:track) refs/heads/dev refs/remotes/dev [1ms]
[2022-03-25T15:08:37.066Z] > git for-each-ref --sort -committerdate --format %(refname) %(objectname) %(*objectname) [8ms]
[2022-03-25T15:08:37.067Z] > git remote --verbose [2ms]
[2022-03-25T15:08:37.116Z] > git config --get commit.template [15ms]
[2022-03-25T15:08:42.144Z] > git symbolic-ref --short HEAD [1ms]
[2022-03-25T15:08:42.151Z] > git for-each-ref --format=%(refname)%00%(upstream:short)%00%(objectname)%00%(upstream:track) refs/heads/dev refs/remotes/dev [2ms]
[2022-03-25T15:08:42.167Z] > git for-each-ref --sort -committerdate --format %(refname) %(objectname) %(*objectname) [6ms]
[2022-03-25T15:08:42.167Z] > git remote --verbose [2ms]
[2022-03-25T15:08:42.217Z] > git config --get commit.template [14ms]
[2022-03-25T15:08:47.246Z] > git symbolic-ref --short HEAD [2ms]
[2022-03-25T15:08:47.253Z] > git for-each-ref --format=%(refname)%00%(upstream:short)%00%(objectname)%00%(upstream:track) refs/heads/dev refs/remotes/dev [1ms]
[2022-03-25T15:08:47.268Z] > git for-each-ref --sort -committerdate --format %(refname) %(objectname) %(*objectname) [7ms]
[2022-03-25T15:08:47.273Z] > git remote --verbose [7ms]
[2022-03-25T15:08:47.304Z] > git config --get commit.template [3ms]
[2022-03-25T15:08:52.327Z] > git symbolic-ref --short HEAD [2ms]
[2022-03-25T15:08:52.332Z] > git for-each-ref --format=%(refname)%00%(upstream:short)%00%(objectname)%00%(upstream:track) refs/heads/dev refs/remotes/dev [1ms]
[2022-03-25T15:08:52.348Z] > git for-each-ref --sort -committerdate --format %(refname) %(objectname) %(*objectname) [5ms]
[2022-03-25T15:08:52.348Z] > git remote --verbose [1ms]
[2022-03-25T15:08:52.381Z] > git config --get commit.template [2ms]
[2022-03-25T15:08:57.405Z] > git symbolic-ref --short HEAD [1ms]
[2022-03-25T15:08:57.413Z] > git for-each-ref --format=%(refname)%00%(upstream:short)%00%(objectname)%00%(upstream:track) refs/heads/dev refs/remotes/dev [2ms]
[2022-03-25T15:08:57.425Z] > git for-each-ref --sort -committerdate --format %(refname) %(objectname) %(*objectname) [6ms]
[2022-03-25T15:08:57.426Z] > git remote --verbose [2ms]
[2022-03-25T15:08:57.474Z] > git config --get commit.template [11ms]
[2022-03-25T15:09:02.497Z] > git symbolic-ref --short HEAD [1ms]
[2022-03-25T15:09:02.505Z] > git for-each-ref --format=%(refname)%00%(upstream:short)%00%(objectname)%00%(upstream:track) refs/heads/dev refs/remotes/dev [1ms]
[2022-03-25T15:09:02.516Z] > git for-each-ref --sort -committerdate --format %(refname) %(objectname) %(*objectname) [6ms]
[2022-03-25T15:09:02.517Z] > git remote --verbose [2ms]
[2022-03-25T15:09:02.546Z] > git config --get commit.template [4ms]
[2022-03-25T15:09:07.574Z] > git symbolic-ref --short HEAD [1ms]
[2022-03-25T15:09:07.579Z] > git for-each-ref --format=%(refname)%00%(upstream:short)%00%(objectname)%00%(upstream:track) refs/heads/dev refs/remotes/dev [1ms]
[2022-03-25T15:09:07.589Z] > git for-each-ref --sort -committerdate --format %(refname) %(objectname) %(*objectname) [6ms]
[2022-03-25T15:09:07.589Z] > git remote --verbose [1ms]
[2022-03-25T15:09:07.621Z] > git config --get commit.template [2ms]
[2022-03-25T15:09:12.662Z] > git symbolic-ref --short HEAD [2ms]
[2022-03-25T15:09:12.670Z] > git for-each-ref --format=%(refname)%00%(upstream:short)%00%(objectname)%00%(upstream:track) refs/heads/dev refs/remotes/dev [1ms]
[2022-03-25T15:09:12.682Z] > git for-each-ref --sort -committerdate --format %(refname) %(objectname) %(*objectname) [6ms]
[2022-03-25T15:09:12.683Z] > git remote --verbose [2ms]
[2022-03-25T15:09:12.731Z] > git config --get commit.template [10ms]
[2022-03-25T15:09:17.766Z] > git symbolic-ref --short HEAD [2ms]
[2022-03-25T15:09:17.778Z] > git for-each-ref --format=%(refname)%00%(upstream:short)%00%(objectname)%00%(upstream:track) refs/heads/dev refs/remotes/dev [2ms]
[2022-03-25T15:09:17.793Z] > git for-each-ref --sort -committerdate --format %(refname) %(objectname) %(*objectname) [7ms]
[2022-03-25T15:09:17.794Z] > git remote --verbose [2ms]
[2022-03-25T15:09:17.842Z] > git config --get commit.template [10ms]
[2022-03-25T15:09:22.868Z] > git symbolic-ref --short HEAD [2ms]
[2022-03-25T15:09:22.876Z] > git for-each-ref --format=%(refname)%00%(upstream:short)%00%(objectname)%00%(upstream:track) refs/heads/dev refs/remotes/dev [2ms]
[2022-03-25T15:09:22.887Z] > git for-each-ref --sort -committerdate --format %(refname) %(objectname) %(*objectname) [6ms]
[2022-03-25T15:09:22.888Z] > git remote --verbose [2ms]
[2022-03-25T15:09:22.941Z] > git config --get commit.template [11ms]
[2022-03-25T15:09:27.969Z] > git symbolic-ref --short HEAD [1ms]
[2022-03-25T15:09:27.977Z] > git for-each-ref --format=%(refname)%00%(upstream:short)%00%(objectname)%00%(upstream:track) refs/heads/dev refs/remotes/dev [2ms]
[2022-03-25T15:09:27.988Z] > git for-each-ref --sort -committerdate --format %(refname) %(objectname) %(*objectname) [6ms]
[2022-03-25T15:09:27.988Z] > git remote --verbose [1ms]
[2022-03-25T15:09:28.034Z] > git config --get commit.template [11ms]
[2022-03-25T15:09:33.081Z] > git symbolic-ref --short HEAD [2ms]
[2022-03-25T15:09:33.092Z] > git for-each-ref --format=%(refname)%00%(upstream:short)%00%(objectname)%00%(upstream:track) refs/heads/dev refs/remotes/dev [5ms]
[2022-03-25T15:09:33.103Z] > git for-each-ref --sort -committerdate --format %(refname) %(objectname) %(*objectname) [5ms]
[2022-03-25T15:09:33.104Z] > git remote --verbose [2ms]
[2022-03-25T15:09:33.134Z] > git config --get commit.template [2ms]
[2022-03-25T15:09:38.165Z] > git symbolic-ref --short HEAD [1ms]
[2022-03-25T15:09:38.173Z] > git for-each-ref --format=%(refname)%00%(upstream:short)%00%(objectname)%00%(upstream:track) refs/heads/dev refs/remotes/dev [1ms]
[2022-03-25T15:09:38.186Z] > git for-each-ref --sort -committerdate --format %(refname) %(objectname) %(*objectname) [5ms]
[2022-03-25T15:09:38.187Z] > git remote --verbose [2ms]
[2022-03-25T15:09:38.216Z] > git config --get commit.template [1ms]
[2022-03-25T15:09:43.243Z] > git symbolic-ref --short HEAD [2ms]
[2022-03-25T15:09:43.250Z] > git for-each-ref --format=%(refname)%00%(upstream:short)%00%(objectname)%00%(upstream:track) refs/heads/dev refs/remotes/dev [2ms]
[2022-03-25T15:09:43.264Z] > git for-each-ref --sort -committerdate --format %(refname) %(objectname) %(*objectname) [8ms]
[2022-03-25T15:09:43.264Z] > git remote --verbose [1ms]
[2022-03-25T15:09:43.297Z] > git config --get commit.template [2ms]
[2022-03-25T15:09:48.340Z] > git symbolic-ref --short HEAD [2ms]
[2022-03-25T15:09:48.346Z] > git for-each-ref --format=%(refname)%00%(upstream:short)%00%(objectname)%00%(upstream:track) refs/heads/dev refs/remotes/dev [1ms]
[2022-03-25T15:09:48.355Z] > git for-each-ref --sort -committerdate --format %(refname) %(objectname) %(*objectname) [5ms]
[2022-03-25T15:09:48.356Z] > git remote --verbose [1ms]
[2022-03-25T15:09:48.390Z] > git config --get commit.template [3ms]
[2022-03-25T15:09:53.419Z] > git symbolic-ref --short HEAD [2ms]
[2022-03-25T15:09:53.427Z] > git for-each-ref --format=%(refname)%00%(upstream:short)%00%(objectname)%00%(upstream:track) refs/heads/dev refs/remotes/dev [1ms]
[2022-03-25T15:09:53.439Z] > git for-each-ref --sort -committerdate --format %(refname) %(objectname) %(*objectname) [7ms]
[2022-03-25T15:09:53.440Z] > git remote --verbose [2ms]
[2022-03-25T15:09:53.489Z] > git config --get commit.template [12ms]
[2022-03-25T15:09:58.527Z] > git symbolic-ref --short HEAD [2ms]
[2022-03-25T15:09:58.536Z] > git for-each-ref --format=%(refname)%00%(upstream:short)%00%(objectname)%00%(upstream:track) refs/heads/dev refs/remotes/dev [2ms]
[2022-03-25T15:09:58.549Z] > git for-each-ref --sort -committerdate --format %(refname) %(objectname) %(*objectname) [6ms]
[2022-03-25T15:09:58.549Z] > git remote --verbose [1ms]
[2022-03-25T15:09:58.582Z] > git config --get commit.template [2ms]
[2022-03-25T15:10:03.611Z] > git symbolic-ref --short HEAD [1ms]
[2022-03-25T15:10:03.618Z] > git for-each-ref --format=%(refname)%00%(upstream:short)%00%(objectname)%00%(upstream:track) refs/heads/dev refs/remotes/dev [2ms]
[2022-03-25T15:10:03.631Z] > git for-each-ref --sort -committerdate --format %(refname) %(objectname) %(*objectname) [5ms]
[2022-03-25T15:10:03.636Z] > git remote --verbose [6ms]
[2022-03-25T15:10:03.667Z] > git config --get commit.template [3ms]
[2022-03-25T15:10:08.688Z] > git symbolic-ref --short HEAD [1ms]
[2022-03-25T15:10:08.694Z] > git for-each-ref --format=%(refname)%00%(upstream:short)%00%(objectname)%00%(upstream:track) refs/heads/dev refs/remotes/dev [2ms]
[2022-03-25T15:10:08.704Z] > git for-each-ref --sort -committerdate --format %(refname) %(objectname) %(*objectname) [6ms]
[2022-03-25T15:10:08.704Z] > git remote --verbose [1ms]
[2022-03-25T15:10:08.736Z] > git config --get commit.template [2ms]
[2022-03-25T15:10:13.780Z] > git symbolic-ref --short HEAD [1ms]
[2022-03-25T15:10:13.788Z] > git for-each-ref --format=%(refname)%00%(upstream:short)%00%(objectname)%00%(upstream:track) refs/heads/dev refs/remotes/dev [2ms]
[2022-03-25T15:10:13.799Z] > git for-each-ref --sort -committerdate --format %(refname) %(objectname) %(*objectname) [6ms]
[2022-03-25T15:10:13.800Z] > git remote --verbose [1ms]
[2022-03-25T15:10:13.832Z] > git config --get commit.template [2ms]
[2022-03-25T15:10:18.854Z] > git symbolic-ref --short HEAD [1ms]
[2022-03-25T15:10:18.860Z] > git for-each-ref --format=%(refname)%00%(upstream:short)%00%(objectname)%00%(upstream:track) refs/heads/dev refs/remotes/dev [1ms]
[2022-03-25T15:10:18.872Z] > git for-each-ref --sort -committerdate --format %(refname) %(objectname) %(*objectname) [6ms]
[2022-03-25T15:10:18.872Z] > git remote --verbose [2ms]
[2022-03-25T15:10:18.927Z] > git config --get commit.template [11ms]
[2022-03-25T15:10:23.962Z] > git symbolic-ref --short HEAD [2ms]
[2022-03-25T15:10:23.972Z] > git for-each-ref --format=%(refname)%00%(upstream:short)%00%(objectname)%00%(upstream:track) refs/heads/dev refs/remotes/dev [2ms]
[2022-03-25T15:10:23.986Z] > git for-each-ref --sort -committerdate --format %(refname) %(objectname) %(*objectname) [7ms]
[2022-03-25T15:10:23.986Z] > git remote --verbose [2ms]
[2022-03-25T15:10:24.031Z] > git config --get commit.template [10ms]
[2022-03-25T15:10:29.054Z] > git symbolic-ref --short HEAD [1ms]
[2022-03-25T15:10:29.063Z] > git for-each-ref --format=%(refname)%00%(upstream:short)%00%(objectname)%00%(upstream:track) refs/heads/dev refs/remotes/dev [2ms]
[2022-03-25T15:10:29.108Z] > git for-each-ref --sort -committerdate --format %(refname) %(objectname) %(*objectname) [12ms]
[2022-03-25T15:10:29.109Z] > git remote --verbose [8ms]
[2022-03-25T15:10:29.138Z] > git config --get commit.template [2ms]
[2022-03-25T15:10:34.160Z] > git symbolic-ref --short HEAD [1ms]
[2022-03-25T15:10:34.167Z] > git for-each-ref --format=%(refname)%00%(upstream:short)%00%(objectname)%00%(upstream:track) refs/heads/dev refs/remotes/dev [2ms]
[2022-03-25T15:10:34.178Z] > git for-each-ref --sort -committerdate --format %(refname) %(objectname) %(*objectname) [7ms]
[2022-03-25T15:10:34.178Z] > git remote --verbose [2ms]
[2022-03-25T15:10:34.210Z] > git config --get commit.template [3ms]
[2022-03-25T15:10:39.259Z] > git symbolic-ref --short HEAD [3ms]
[2022-03-25T15:10:39.267Z] > git for-each-ref --format=%(refname)%00%(upstream:short)%00%(objectname)%00%(upstream:track) refs/heads/dev refs/remotes/dev [1ms]
[2022-03-25T15:10:39.280Z] > git for-each-ref --sort -committerdate --format %(refname) %(objectname) %(*objectname) [7ms]
[2022-03-25T15:10:39.281Z] > git remote --verbose [2ms]
[2022-03-25T15:10:39.332Z] > git config --get commit.template [13ms]
[2022-03-25T15:10:44.355Z] > git symbolic-ref --short HEAD [2ms]
[2022-03-25T15:10:44.362Z] > git for-each-ref --format=%(refname)%00%(upstream:short)%00%(objectname)%00%(upstream:track) refs/heads/dev refs/remotes/dev [2ms]
[2022-03-25T15:10:44.376Z] > git for-each-ref --sort -committerdate --format %(refname) %(objectname) %(*objectname) [9ms]
[2022-03-25T15:10:44.376Z] > git remote --verbose [2ms]
[2022-03-25T15:10:44.422Z] > git config --get commit.template [10ms]
[2022-03-25T15:10:49.476Z] > git symbolic-ref --short HEAD [4ms]
[2022-03-25T15:10:49.489Z] > git for-each-ref --format=%(refname)%00%(upstream:short)%00%(objectname)%00%(upstream:track) refs/heads/dev refs/remotes/dev [3ms]
[2022-03-25T15:10:49.503Z] > git for-each-ref --sort -committerdate --format %(refname) %(objectname) %(*objectname) [7ms]
[2022-03-25T15:10:49.504Z] > git remote --verbose [2ms]
[2022-03-25T15:10:49.552Z] > git config --get commit.template [11ms]
[2022-03-25T15:10:54.591Z] > git symbolic-ref --short HEAD [1ms]
[2022-03-25T15:10:54.599Z] > git for-each-ref --format=%(refname)%00%(upstream:short)%00%(objectname)%00%(upstream:track) refs/heads/dev refs/remotes/dev [2ms]
[2022-03-25T15:10:54.615Z] > git for-each-ref --sort -committerdate --format %(refname) %(objectname) %(*objectname) [11ms]
[2022-03-25T15:10:54.616Z] > git remote --verbose [6ms]
[2022-03-25T15:10:54.643Z] > git config --get commit.template [2ms]
[2022-03-25T15:10:59.683Z] > git symbolic-ref --short HEAD [2ms]
[2022-03-25T15:10:59.690Z] > git for-each-ref --format=%(refname)%00%(upstream:short)%00%(objectname)%00%(upstream:track) refs/heads/dev refs/remotes/dev [1ms]
[2022-03-25T15:10:59.700Z] > git for-each-ref --sort -committerdate --format %(refname) %(objectname) %(*objectname) [5ms]
[2022-03-25T15:10:59.700Z] > git remote --verbose [1ms]
[2022-03-25T15:10:59.734Z] > git config --get commit.template [4ms]
[2022-03-25T15:11:04.766Z] > git symbolic-ref --short HEAD [2ms]
[2022-03-25T15:11:04.774Z] > git for-each-ref --format=%(refname)%00%(upstream:short)%00%(objectname)%00%(upstream:track) refs/heads/dev refs/remotes/dev [2ms]
[2022-03-25T15:11:04.786Z] > git for-each-ref --sort -committerdate --format %(refname) %(objectname) %(*objectname) [6ms]
[2022-03-25T15:11:04.786Z] > git remote --verbose [1ms]
[2022-03-25T15:11:04.821Z] > git config --get commit.template [2ms]
[2022-03-25T15:11:28.835Z] > git symbolic-ref --short HEAD [1ms]
[2022-03-25T15:11:28.842Z] > git for-each-ref --format=%(refname)%00%(upstream:short)%00%(objectname)%00%(upstream:track) refs/heads/dev refs/remotes/dev [1ms]
[2022-03-25T15:11:28.856Z] > git for-each-ref --sort -committerdate --format %(refname) %(objectname) %(*objectname) [8ms]
[2022-03-25T15:11:28.856Z] > git remote --verbose [2ms]
[2022-03-25T15:11:28.893Z] > git config --get commit.template [1ms]
[2022-03-25T15:11:33.945Z] > git symbolic-ref --short HEAD [3ms]
[2022-03-25T15:11:33.954Z] > git for-each-ref --format=%(refname)%00%(upstream:short)%00%(objectname)%00%(upstream:track) refs/heads/dev refs/remotes/dev [2ms]
[2022-03-25T15:11:33.967Z] > git for-each-ref --sort -committerdate --format %(refname) %(objectname) %(*objectname) [7ms]
[2022-03-25T15:11:33.967Z] > git remote --verbose [2ms]
[2022-03-25T15:11:34.013Z] > git config --get commit.template [8ms]
[2022-03-25T15:11:39.040Z] > git symbolic-ref --short HEAD [2ms]
[2022-03-25T15:11:39.047Z] > git for-each-ref --format=%(refname)%00%(upstream:short)%00%(objectname)%00%(upstream:track) refs/heads/dev refs/remotes/dev [2ms]
[2022-03-25T15:11:39.061Z] > git remote --verbose [2ms]
[2022-03-25T15:11:39.061Z] > git for-each-ref --sort -committerdate --format %(refname) %(objectname) %(*objectname) [8ms]
[2022-03-25T15:11:39.106Z] > git config --get commit.template [12ms]
[2022-03-25T15:11:44.131Z] > git symbolic-ref --short HEAD [1ms]
[2022-03-25T15:11:44.138Z] > git for-each-ref --format=%(refname)%00%(upstream:short)%00%(objectname)%00%(upstream:track) refs/heads/dev refs/remotes/dev [2ms]
[2022-03-25T15:11:44.150Z] > git for-each-ref --sort -committerdate --format %(refname) %(objectname) %(*objectname) [7ms]
[2022-03-25T15:11:44.151Z] > git remote --verbose [2ms]
[2022-03-25T15:11:44.192Z] > git config --get commit.template [9ms]
[2022-03-25T15:11:49.241Z] > git symbolic-ref --short HEAD [2ms]
[2022-03-25T15:11:49.249Z] > git for-each-ref --format=%(refname)%00%(upstream:short)%00%(objectname)%00%(upstream:track) refs/heads/dev refs/remotes/dev [2ms]
[2022-03-25T15:11:49.260Z] > git for-each-ref --sort -committerdate --format %(refname) %(objectname) %(*objectname) [6ms]
[2022-03-25T15:11:49.260Z] > git remote --verbose [1ms]
[2022-03-25T15:11:49.308Z] > git config --get commit.template [12ms]
[2022-03-25T15:11:54.346Z] > git symbolic-ref --short HEAD [2ms]
[2022-03-25T15:11:54.352Z] > git for-each-ref --format=%(refname)%00%(upstream:short)%00%(objectname)%00%(upstream:track) refs/heads/dev refs/remotes/dev [1ms]
[2022-03-25T15:11:54.362Z] > git for-each-ref --sort -committerdate --format %(refname) %(objectname) %(*objectname) [5ms]
[2022-03-25T15:11:54.363Z] > git remote --verbose [2ms]
[2022-03-25T15:11:54.410Z] > git config --get commit.template [12ms]
[2022-03-25T15:11:59.440Z] > git symbolic-ref --short HEAD [1ms]
[2022-03-25T15:11:59.448Z] > git for-each-ref --format=%(refname)%00%(upstream:short)%00%(objectname)%00%(upstream:track) refs/heads/dev refs/remotes/dev [2ms]
[2022-03-25T15:11:59.465Z] > git remote --verbose [2ms]
[2022-03-25T15:11:59.465Z] > git for-each-ref --sort -committerdate --format %(refname) %(objectname) %(*objectname) [12ms]
[2022-03-25T15:11:59.516Z] > git config --get commit.template [12ms]
[2022-03-25T15:12:04.561Z] > git symbolic-ref --short HEAD [2ms]
[2022-03-25T15:12:04.568Z] > git for-each-ref --format=%(refname)%00%(upstream:short)%00%(objectname)%00%(upstream:track) refs/heads/dev refs/remotes/dev [1ms]
[2022-03-25T15:12:04.585Z] > git for-each-ref --sort -committerdate --format %(refname) %(objectname) %(*objectname) [11ms]
[2022-03-25T15:12:04.586Z] > git remote --verbose [6ms]
[2022-03-25T15:12:04.614Z] > git config --get commit.template [2ms]
[2022-03-25T15:12:14.035Z] > git symbolic-ref --short HEAD [1ms]
[2022-03-25T15:12:14.042Z] > git for-each-ref --format=%(refname)%00%(upstream:short)%00%(objectname)%00%(upstream:track) refs/heads/dev refs/remotes/dev [2ms]
[2022-03-25T15:12:14.053Z] > git for-each-ref --sort -committerdate --format %(refname) %(objectname) %(*objectname) [6ms]
[2022-03-25T15:12:14.054Z] > git remote --verbose [2ms]
[2022-03-25T15:12:14.085Z] > git config --get commit.template [2ms]
[2022-03-25T15:12:19.120Z] > git symbolic-ref --short HEAD [2ms]
[2022-03-25T15:12:19.131Z] > git for-each-ref --format=%(refname)%00%(upstream:short)%00%(objectname)%00%(upstream:track) refs/heads/dev refs/remotes/dev [2ms]
[2022-03-25T15:12:19.147Z] > git for-each-ref --sort -committerdate --format %(refname) %(objectname) %(*objectname) [8ms]
[2022-03-25T15:12:19.148Z] > git remote --verbose [2ms]
[2022-03-25T15:12:19.183Z] > git config --get commit.template [3ms]
[2022-03-25T15:12:24.226Z] > git symbolic-ref --short HEAD [1ms]
[2022-03-25T15:12:24.232Z] > git for-each-ref --format=%(refname)%00%(upstream:short)%00%(objectname)%00%(upstream:track) refs/heads/dev refs/remotes/dev [1ms]
[2022-03-25T15:12:24.242Z] > git for-each-ref --sort -committerdate --format %(refname) %(objectname) %(*objectname) [5ms]
[2022-03-25T15:12:24.242Z] > git remote --verbose [1ms]
[2022-03-25T15:12:24.279Z] > git config --get commit.template [2ms]
[2022-03-25T15:12:29.325Z] > git symbolic-ref --short HEAD [2ms]
[2022-03-25T15:12:29.332Z] > git for-each-ref --format=%(refname)%00%(upstream:short)%00%(objectname)%00%(upstream:track) refs/heads/dev refs/remotes/dev [1ms]
[2022-03-25T15:12:29.373Z] > git for-each-ref --sort -committerdate --format %(refname) %(objectname) %(*objectname) [6ms]
[2022-03-25T15:12:29.373Z] > git remote --verbose [2ms]
[2022-03-25T15:12:29.418Z] > git config --get commit.template [12ms]
[2022-03-25T15:12:34.445Z] > git symbolic-ref --short HEAD [2ms]
[2022-03-25T15:12:34.451Z] > git for-each-ref --format=%(refname)%00%(upstream:short)%00%(objectname)%00%(upstream:track) refs/heads/dev refs/remotes/dev [1ms]
[2022-03-25T15:12:34.495Z] > git for-each-ref --sort -committerdate --format %(refname) %(objectname) %(*objectname) [7ms]
[2022-03-25T15:12:34.501Z] > git remote --verbose [7ms]
[2022-03-25T15:12:34.531Z] > git config --get commit.template [2ms]
[2022-03-25T15:12:39.550Z] > git symbolic-ref --short HEAD [1ms]
[2022-03-25T15:12:39.556Z] > git for-each-ref --format=%(refname)%00%(upstream:short)%00%(objectname)%00%(upstream:track) refs/heads/dev refs/remotes/dev [1ms]
[2022-03-25T15:12:39.567Z] > git for-each-ref --sort -committerdate --format %(refname) %(objectname) %(*objectname) [6ms]
[2022-03-25T15:12:39.568Z] > git remote --verbose [2ms]
[2022-03-25T15:12:39.597Z] > git config --get commit.template [1ms]
[2022-03-25T15:12:44.736Z] > git symbolic-ref --short HEAD [1ms]
[2022-03-25T15:12:44.744Z] > git for-each-ref --format=%(refname)%00%(upstream:short)%00%(objectname)%00%(upstream:track) refs/heads/dev refs/remotes/dev [2ms]
[2022-03-25T15:12:44.759Z] > git for-each-ref --sort -committerdate --format %(refname) %(objectname) %(*objectname) [8ms]
[2022-03-25T15:12:44.760Z] > git remote --verbose [3ms]
[2022-03-25T15:12:44.809Z] > git config --get commit.template [12ms]
[2022-03-25T15:12:49.839Z] > git symbolic-ref --short HEAD [1ms]
[2022-03-25T15:12:49.846Z] > git for-each-ref --format=%(refname)%00%(upstream:short)%00%(objectname)%00%(upstream:track) refs/heads/dev refs/remotes/dev [2ms]
[2022-03-25T15:12:49.856Z] > git for-each-ref --sort -committerdate --format %(refname) %(objectname) %(*objectname) [5ms]
[2022-03-25T15:12:49.856Z] > git remote --verbose [1ms]
[2022-03-25T15:12:49.887Z] > git config --get commit.template [2ms]
