[2021-12-29 13:46:49.888] [exthost] [info] Extension host with pid 1997 started
[2021-12-29 13:46:49.888] [exthost] [info] Skipping acquiring lock for /home/zero/.config/Code/User/workspaceStorage/0502d0aa4514952bb560268ecd6454a0.
[2021-12-29 13:46:49.930] [exthost] [info] ExtensionService#_doActivateExtension vscode.microsoft-authentication, startup: false, activationEvent: 'onAuthenticationRequest:microsoft'
[2021-12-29 13:46:49.937] [exthost] [info] ExtensionService#_doActivateExtension vscode.debug-auto-launch, startup: true, activationEvent: '*'
[2021-12-29 13:46:49.940] [exthost] [info] ExtensionService#_doActivateExtension vscode.git-base, startup: true, activationEvent: '*', root cause: vscode.github
[2021-12-29 13:46:49.943] [exthost] [info] ExtensionService#_doActivateExtension formulahendry.auto-close-tag, startup: true, activationEvent: '*'
[2021-12-29 13:46:49.945] [exthost] [info] ExtensionService#_doActivateExtension naumovs.color-highlight, startup: true, activationEvent: '*'
[2021-12-29 13:46:49.961] [exthost] [info] ExtensionService#_doActivateExtension vscode.git, startup: true, activationEvent: '*'
[2021-12-29 13:46:49.975] [exthost] [info] ExtensionService#_doActivateExtension vscode.github, startup: true, activationEvent: '*'
[2021-12-29 13:46:50.006] [exthost] [info] Eager extensions activated
[2021-12-29 13:46:50.052] [exthost] [info] ExtensionService#_doActivateExtension vscode.emmet, startup: false, activationEvent: 'onStartupFinished'
[2021-12-29 13:46:50.059] [exthost] [info] ExtensionService#_doActivateExtension vscode.merge-conflict, startup: false, activationEvent: 'onStartupFinished'
[2021-12-29 13:46:50.062] [exthost] [info] ExtensionService#_doActivateExtension esbenp.prettier-vscode, startup: false, activationEvent: 'onStartupFinished'
[2021-12-29 13:46:50.270] [exthost] [info] ExtensionService#_doActivateExtension PKief.material-icon-theme, startup: false, activationEvent: 'onStartupFinished'
[2021-12-29 13:46:50.278] [exthost] [info] ExtensionService#_doActivateExtension vscode.github-authentication, startup: false, activationEvent: 'onAuthenticationRequest:github'
[2021-12-29 13:46:52.511] [exthost] [info] ExtensionService#_doActivateExtension ms-python.python, startup: false, activationEvent: 'onLanguage:python', root cause: ms-python.vscode-pylance
[2021-12-29 13:46:52.557] [exthost] [info] ExtensionService#_doActivateExtension ms-toolsai.jupyter, startup: false, activationEvent: 'onLanguage:python'
[2021-12-29 13:46:52.994] [exthost] [info] ExtensionService#_doActivateExtension ms-python.vscode-pylance, startup: false, activationEvent: 'onLanguage:python'
[2021-12-29 13:47:14.980] [exthost] [error] [ms-python.python] provider FAILED
[2021-12-29 13:47:14.980] [exthost] [error] Canceled: Canceled
	at S.makeCancelError (/home/zero/.vscode/extensions/ms-python.python-2021.12.1559732655/out/client/extension.js:24:159824)
	at S.handleFailedRequest (/home/zero/.vscode/extensions/ms-python.python-2021.12.1559732655/out/client/extension.js:24:159675)
	at /home/zero/.vscode/extensions/ms-python.python-2021.12.1559732655/out/client/extension.js:24:120017
	at async o.provideHover (/opt/visual-studio-code/resources/app/out/vs/workbench/services/extensions/node/extensionHostProcess.js:95:90908)
[2021-12-29 13:47:17.724] [exthost] [error] [ms-python.python] provider FAILED
[2021-12-29 13:47:17.724] [exthost] [error] Canceled: Canceled
	at S.makeCancelError (/home/zero/.vscode/extensions/ms-python.python-2021.12.1559732655/out/client/extension.js:24:159824)
	at S.handleFailedRequest (/home/zero/.vscode/extensions/ms-python.python-2021.12.1559732655/out/client/extension.js:24:159675)
	at /home/zero/.vscode/extensions/ms-python.python-2021.12.1559732655/out/client/extension.js:24:120017
	at async o.provideHover (/opt/visual-studio-code/resources/app/out/vs/workbench/services/extensions/node/extensionHostProcess.js:95:90908)
[2021-12-29 13:47:53.069] [exthost] [info] extension host terminating: renderer closed the socket
[2021-12-29 13:47:53.088] [exthost] [info] Extension host with pid 1997 exiting with code 0
