[2022-03-25T15:14:21.524Z] Validating found git in: git
[2022-03-25T15:14:21.553Z] Using git 2.35.1 from git
[2022-03-25T15:14:21.570Z] > git rev-parse --git-dir [1ms]
[2022-03-25T15:14:21.574Z] Open repository: /home/zero
[2022-03-25T15:14:21.617Z] > git symbolic-ref --short HEAD [2ms]
[2022-03-25T15:14:21.624Z] > git for-each-ref --format=%(refname)%00%(upstream:short)%00%(objectname)%00%(upstream:track) refs/heads/dev refs/remotes/dev [4ms]
[2022-03-25T15:14:21.652Z] > git remote --verbose [19ms]
[2022-03-25T15:14:21.653Z] > git for-each-ref --sort -committerdate --format %(refname) %(objectname) %(*objectname) [24ms]
[2022-03-25T15:14:22.349Z] > git config --get commit.template [9ms]
[2022-03-25T15:14:22.413Z] > git ls-files --stage -- /home/zero/programs.sh [1ms]
[2022-03-25T15:14:24.072Z] > git symbolic-ref --short HEAD [3ms]
[2022-03-25T15:14:24.081Z] > git for-each-ref --format=%(refname)%00%(upstream:short)%00%(objectname)%00%(upstream:track) refs/heads/dev refs/remotes/dev [2ms]
[2022-03-25T15:14:24.092Z] > git for-each-ref --sort -committerdate --format %(refname) %(objectname) %(*objectname) [6ms]
[2022-03-25T15:14:24.093Z] > git remote --verbose [2ms]
[2022-03-25T15:14:24.132Z] > git config --get commit.template [2ms]
[2022-03-25T15:14:29.176Z] > git symbolic-ref --short HEAD [1ms]
[2022-03-25T15:14:29.182Z] > git for-each-ref --format=%(refname)%00%(upstream:short)%00%(objectname)%00%(upstream:track) refs/heads/dev refs/remotes/dev [2ms]
[2022-03-25T15:14:29.191Z] > git for-each-ref --sort -committerdate --format %(refname) %(objectname) %(*objectname) [5ms]
[2022-03-25T15:14:29.191Z] > git remote --verbose [1ms]
[2022-03-25T15:14:29.229Z] > git config --get commit.template [1ms]
[2022-03-25T15:14:34.272Z] > git symbolic-ref --short HEAD [2ms]
[2022-03-25T15:14:34.279Z] > git for-each-ref --format=%(refname)%00%(upstream:short)%00%(objectname)%00%(upstream:track) refs/heads/dev refs/remotes/dev [1ms]
[2022-03-25T15:14:34.290Z] > git for-each-ref --sort -committerdate --format %(refname) %(objectname) %(*objectname) [6ms]
[2022-03-25T15:14:34.290Z] > git remote --verbose [1ms]
[2022-03-25T15:14:34.325Z] > git config --get commit.template [1ms]
[2022-03-25T15:14:39.347Z] > git symbolic-ref --short HEAD [1ms]
[2022-03-25T15:14:39.353Z] > git for-each-ref --format=%(refname)%00%(upstream:short)%00%(objectname)%00%(upstream:track) refs/heads/dev refs/remotes/dev [2ms]
[2022-03-25T15:14:39.362Z] > git for-each-ref --sort -committerdate --format %(refname) %(objectname) %(*objectname) [5ms]
[2022-03-25T15:14:39.363Z] > git remote --verbose [2ms]
[2022-03-25T15:14:39.395Z] > git config --get commit.template [1ms]
[2022-03-25T15:14:44.429Z] > git symbolic-ref --short HEAD [2ms]
[2022-03-25T15:14:44.438Z] > git for-each-ref --format=%(refname)%00%(upstream:short)%00%(objectname)%00%(upstream:track) refs/heads/dev refs/remotes/dev [2ms]
[2022-03-25T15:14:44.456Z] > git for-each-ref --sort -committerdate --format %(refname) %(objectname) %(*objectname) [10ms]
[2022-03-25T15:14:44.456Z] > git remote --verbose [2ms]
[2022-03-25T15:14:44.489Z] > git config --get commit.template [1ms]
[2022-03-25T15:14:49.531Z] > git symbolic-ref --short HEAD [3ms]
[2022-03-25T15:14:49.540Z] > git for-each-ref --format=%(refname)%00%(upstream:short)%00%(objectname)%00%(upstream:track) refs/heads/dev refs/remotes/dev [1ms]
[2022-03-25T15:14:49.555Z] > git for-each-ref --sort -committerdate --format %(refname) %(objectname) %(*objectname) [9ms]
[2022-03-25T15:14:49.556Z] > git remote --verbose [2ms]
[2022-03-25T15:14:49.598Z] > git config --get commit.template [3ms]
[2022-03-25T15:14:54.619Z] > git symbolic-ref --short HEAD [1ms]
[2022-03-25T15:14:54.625Z] > git for-each-ref --format=%(refname)%00%(upstream:short)%00%(objectname)%00%(upstream:track) refs/heads/dev refs/remotes/dev [2ms]
[2022-03-25T15:14:54.634Z] > git for-each-ref --sort -committerdate --format %(refname) %(objectname) %(*objectname) [5ms]
[2022-03-25T15:14:54.634Z] > git remote --verbose [1ms]
[2022-03-25T15:14:54.665Z] > git config --get commit.template [2ms]
[2022-03-25T15:14:59.711Z] > git symbolic-ref --short HEAD [1ms]
[2022-03-25T15:14:59.719Z] > git for-each-ref --format=%(refname)%00%(upstream:short)%00%(objectname)%00%(upstream:track) refs/heads/dev refs/remotes/dev [2ms]
[2022-03-25T15:14:59.731Z] > git for-each-ref --sort -committerdate --format %(refname) %(objectname) %(*objectname) [7ms]
[2022-03-25T15:14:59.732Z] > git remote --verbose [2ms]
[2022-03-25T15:14:59.762Z] > git config --get commit.template [1ms]
[2022-03-25T15:15:04.788Z] > git symbolic-ref --short HEAD [1ms]
[2022-03-25T15:15:04.796Z] > git for-each-ref --format=%(refname)%00%(upstream:short)%00%(objectname)%00%(upstream:track) refs/heads/dev refs/remotes/dev [2ms]
[2022-03-25T15:15:04.809Z] > git for-each-ref --sort -committerdate --format %(refname) %(objectname) %(*objectname) [7ms]
[2022-03-25T15:15:04.810Z] > git remote --verbose [4ms]
[2022-03-25T15:15:04.851Z] > git config --get commit.template [3ms]
[2022-03-25T15:15:09.888Z] > git symbolic-ref --short HEAD [1ms]
[2022-03-25T15:15:09.894Z] > git for-each-ref --format=%(refname)%00%(upstream:short)%00%(objectname)%00%(upstream:track) refs/heads/dev refs/remotes/dev [1ms]
[2022-03-25T15:15:09.904Z] > git for-each-ref --sort -committerdate --format %(refname) %(objectname) %(*objectname) [5ms]
[2022-03-25T15:15:09.904Z] > git remote --verbose [1ms]
[2022-03-25T15:15:09.934Z] > git config --get commit.template [3ms]
[2022-03-25T15:15:14.969Z] > git symbolic-ref --short HEAD [2ms]
[2022-03-25T15:15:14.976Z] > git for-each-ref --format=%(refname)%00%(upstream:short)%00%(objectname)%00%(upstream:track) refs/heads/dev refs/remotes/dev [2ms]
[2022-03-25T15:15:14.990Z] > git for-each-ref --sort -committerdate --format %(refname) %(objectname) %(*objectname) [6ms]
[2022-03-25T15:15:14.991Z] > git remote --verbose [2ms]
[2022-03-25T15:15:15.040Z] > git config --get commit.template [12ms]
[2022-03-25T15:17:09.730Z] > git symbolic-ref --short HEAD [1ms]
[2022-03-25T15:17:09.737Z] > git for-each-ref --format=%(refname)%00%(upstream:short)%00%(objectname)%00%(upstream:track) refs/heads/dev refs/remotes/dev [2ms]
[2022-03-25T15:17:09.746Z] > git for-each-ref --sort -committerdate --format %(refname) %(objectname) %(*objectname) [5ms]
[2022-03-25T15:17:09.747Z] > git remote --verbose [3ms]
[2022-03-25T15:17:09.785Z] > git config --get commit.template [1ms]
[2022-03-25T15:17:14.825Z] > git symbolic-ref --short HEAD [1ms]
[2022-03-25T15:17:14.832Z] > git for-each-ref --format=%(refname)%00%(upstream:short)%00%(objectname)%00%(upstream:track) refs/heads/dev refs/remotes/dev [2ms]
[2022-03-25T15:17:14.843Z] > git for-each-ref --sort -committerdate --format %(refname) %(objectname) %(*objectname) [6ms]
[2022-03-25T15:17:14.844Z] > git remote --verbose [2ms]
[2022-03-25T15:17:14.879Z] > git config --get commit.template [1ms]
[2022-03-25T15:17:19.910Z] > git symbolic-ref --short HEAD [1ms]
[2022-03-25T15:17:19.916Z] > git for-each-ref --format=%(refname)%00%(upstream:short)%00%(objectname)%00%(upstream:track) refs/heads/dev refs/remotes/dev [2ms]
[2022-03-25T15:17:19.925Z] > git for-each-ref --sort -committerdate --format %(refname) %(objectname) %(*objectname) [5ms]
[2022-03-25T15:17:19.925Z] > git remote --verbose [1ms]
[2022-03-25T15:17:19.957Z] > git config --get commit.template [3ms]
[2022-03-25T15:17:24.979Z] > git symbolic-ref --short HEAD [2ms]
[2022-03-25T15:17:24.985Z] > git for-each-ref --format=%(refname)%00%(upstream:short)%00%(objectname)%00%(upstream:track) refs/heads/dev refs/remotes/dev [1ms]
[2022-03-25T15:17:24.995Z] > git for-each-ref --sort -committerdate --format %(refname) %(objectname) %(*objectname) [5ms]
[2022-03-25T15:17:24.996Z] > git remote --verbose [2ms]
[2022-03-25T15:17:25.052Z] > git config --get commit.template [13ms]
[2022-03-25T15:17:30.100Z] > git symbolic-ref --short HEAD [3ms]
[2022-03-25T15:17:30.111Z] > git for-each-ref --format=%(refname)%00%(upstream:short)%00%(objectname)%00%(upstream:track) refs/heads/dev refs/remotes/dev [3ms]
[2022-03-25T15:17:30.122Z] > git for-each-ref --sort -committerdate --format %(refname) %(objectname) %(*objectname) [5ms]
[2022-03-25T15:17:30.122Z] > git remote --verbose [1ms]
[2022-03-25T15:17:30.159Z] > git config --get commit.template [7ms]
[2022-03-25T15:17:35.188Z] > git symbolic-ref --short HEAD [2ms]
[2022-03-25T15:17:35.195Z] > git for-each-ref --format=%(refname)%00%(upstream:short)%00%(objectname)%00%(upstream:track) refs/heads/dev refs/remotes/dev [1ms]
[2022-03-25T15:17:35.258Z] > git for-each-ref --sort -committerdate --format %(refname) %(objectname) %(*objectname) [23ms]
[2022-03-25T15:17:35.260Z] > git remote --verbose [16ms]
[2022-03-25T15:17:35.294Z] > git config --get commit.template [3ms]
[2022-03-25T15:17:40.334Z] > git symbolic-ref --short HEAD [2ms]
[2022-03-25T15:17:40.339Z] > git for-each-ref --format=%(refname)%00%(upstream:short)%00%(objectname)%00%(upstream:track) refs/heads/dev refs/remotes/dev [1ms]
[2022-03-25T15:17:40.392Z] > git for-each-ref --sort -committerdate --format %(refname) %(objectname) %(*objectname) [12ms]
[2022-03-25T15:17:40.393Z] > git remote --verbose [4ms]
[2022-03-25T15:17:40.438Z] > git config --get commit.template [3ms]
[2022-03-25T15:17:45.463Z] > git symbolic-ref --short HEAD [1ms]
[2022-03-25T15:17:45.472Z] > git for-each-ref --format=%(refname)%00%(upstream:short)%00%(objectname)%00%(upstream:track) refs/heads/dev refs/remotes/dev [4ms]
[2022-03-25T15:17:45.520Z] > git for-each-ref --sort -committerdate --format %(refname) %(objectname) %(*objectname) [10ms]
[2022-03-25T15:17:45.521Z] > git remote --verbose [3ms]
[2022-03-25T15:17:45.559Z] > git config --get commit.template [2ms]
[2022-03-25T15:17:50.588Z] > git symbolic-ref --short HEAD [1ms]
[2022-03-25T15:17:50.611Z] > git for-each-ref --format=%(refname)%00%(upstream:short)%00%(objectname)%00%(upstream:track) refs/heads/dev refs/remotes/dev [3ms]
[2022-03-25T15:17:50.631Z] > git for-each-ref --sort -committerdate --format %(refname) %(objectname) %(*objectname) [11ms]
[2022-03-25T15:17:50.632Z] > git remote --verbose [3ms]
[2022-03-25T15:17:50.674Z] > git config --get commit.template [4ms]
[2022-03-25T15:17:55.715Z] > git symbolic-ref --short HEAD [1ms]
[2022-03-25T15:17:55.723Z] > git for-each-ref --format=%(refname)%00%(upstream:short)%00%(objectname)%00%(upstream:track) refs/heads/dev refs/remotes/dev [2ms]
[2022-03-25T15:17:55.767Z] > git for-each-ref --sort -committerdate --format %(refname) %(objectname) %(*objectname) [8ms]
[2022-03-25T15:17:55.768Z] > git remote --verbose [2ms]
[2022-03-25T15:17:55.807Z] > git config --get commit.template [3ms]
[2022-03-25T15:18:00.851Z] > git symbolic-ref --short HEAD [2ms]
[2022-03-25T15:18:00.858Z] > git for-each-ref --format=%(refname)%00%(upstream:short)%00%(objectname)%00%(upstream:track) refs/heads/dev refs/remotes/dev [2ms]
[2022-03-25T15:18:00.904Z] > git for-each-ref --sort -committerdate --format %(refname) %(objectname) %(*objectname) [8ms]
[2022-03-25T15:18:00.905Z] > git remote --verbose [2ms]
[2022-03-25T15:18:00.942Z] > git config --get commit.template [3ms]
[2022-03-25T15:18:05.975Z] > git symbolic-ref --short HEAD [1ms]
[2022-03-25T15:18:05.984Z] > git for-each-ref --format=%(refname)%00%(upstream:short)%00%(objectname)%00%(upstream:track) refs/heads/dev refs/remotes/dev [2ms]
[2022-03-25T15:18:06.032Z] > git for-each-ref --sort -committerdate --format %(refname) %(objectname) %(*objectname) [10ms]
[2022-03-25T15:18:06.033Z] > git remote --verbose [3ms]
[2022-03-25T15:18:06.071Z] > git config --get commit.template [2ms]
[2022-03-25T15:18:11.099Z] > git symbolic-ref --short HEAD [1ms]
[2022-03-25T15:18:11.105Z] > git for-each-ref --format=%(refname)%00%(upstream:short)%00%(objectname)%00%(upstream:track) refs/heads/dev refs/remotes/dev [2ms]
[2022-03-25T15:18:11.113Z] > git for-each-ref --sort -committerdate --format %(refname) %(objectname) %(*objectname) [5ms]
[2022-03-25T15:18:11.113Z] > git remote --verbose [1ms]
[2022-03-25T15:18:11.141Z] > git config --get commit.template [1ms]
[2022-03-25T15:18:16.176Z] > git symbolic-ref --short HEAD [1ms]
[2022-03-25T15:18:16.183Z] > git for-each-ref --format=%(refname)%00%(upstream:short)%00%(objectname)%00%(upstream:track) refs/heads/dev refs/remotes/dev [2ms]
[2022-03-25T15:18:16.223Z] > git for-each-ref --sort -committerdate --format %(refname) %(objectname) %(*objectname) [5ms]
[2022-03-25T15:18:16.224Z] > git remote --verbose [2ms]
[2022-03-25T15:18:16.255Z] > git config --get commit.template [2ms]
[2022-03-25T15:18:21.301Z] > git symbolic-ref --short HEAD [3ms]
[2022-03-25T15:18:21.314Z] > git for-each-ref --format=%(refname)%00%(upstream:short)%00%(objectname)%00%(upstream:track) refs/heads/dev refs/remotes/dev [3ms]
[2022-03-25T15:18:21.336Z] > git for-each-ref --sort -committerdate --format %(refname) %(objectname) %(*objectname) [13ms]
[2022-03-25T15:18:21.336Z] > git remote --verbose [3ms]
[2022-03-25T15:18:21.382Z] > git config --get commit.template [2ms]
[2022-03-25T15:18:26.411Z] > git symbolic-ref --short HEAD [1ms]
[2022-03-25T15:18:26.417Z] > git for-each-ref --format=%(refname)%00%(upstream:short)%00%(objectname)%00%(upstream:track) refs/heads/dev refs/remotes/dev [2ms]
[2022-03-25T15:18:26.425Z] > git for-each-ref --sort -committerdate --format %(refname) %(objectname) %(*objectname) [5ms]
[2022-03-25T15:18:26.425Z] > git remote --verbose [1ms]
[2022-03-25T15:18:26.459Z] > git config --get commit.template [2ms]
[2022-03-25T15:18:31.505Z] > git symbolic-ref --short HEAD [3ms]
[2022-03-25T15:18:31.518Z] > git for-each-ref --format=%(refname)%00%(upstream:short)%00%(objectname)%00%(upstream:track) refs/heads/dev refs/remotes/dev [2ms]
[2022-03-25T15:18:31.552Z] > git for-each-ref --sort -committerdate --format %(refname) %(objectname) %(*objectname) [5ms]
[2022-03-25T15:18:31.552Z] > git remote --verbose [1ms]
[2022-03-25T15:18:31.582Z] > git config --get commit.template [3ms]
[2022-03-25T15:18:36.609Z] > git symbolic-ref --short HEAD [1ms]
[2022-03-25T15:18:36.616Z] > git for-each-ref --format=%(refname)%00%(upstream:short)%00%(objectname)%00%(upstream:track) refs/heads/dev refs/remotes/dev [1ms]
[2022-03-25T15:18:36.658Z] > git for-each-ref --sort -committerdate --format %(refname) %(objectname) %(*objectname) [6ms]
[2022-03-25T15:18:36.659Z] > git remote --verbose [2ms]
[2022-03-25T15:18:36.690Z] > git config --get commit.template [2ms]
[2022-03-25T15:18:41.732Z] > git symbolic-ref --short HEAD [3ms]
[2022-03-25T15:18:41.743Z] > git for-each-ref --format=%(refname)%00%(upstream:short)%00%(objectname)%00%(upstream:track) refs/heads/dev refs/remotes/dev [3ms]
[2022-03-25T15:18:41.780Z] > git for-each-ref --sort -committerdate --format %(refname) %(objectname) %(*objectname) [6ms]
[2022-03-25T15:18:41.780Z] > git remote --verbose [1ms]
[2022-03-25T15:18:41.813Z] > git config --get commit.template [2ms]
[2022-03-25T15:18:46.834Z] > git symbolic-ref --short HEAD [2ms]
[2022-03-25T15:18:46.841Z] > git for-each-ref --format=%(refname)%00%(upstream:short)%00%(objectname)%00%(upstream:track) refs/heads/dev refs/remotes/dev [1ms]
[2022-03-25T15:18:46.891Z] > git for-each-ref --sort -committerdate --format %(refname) %(objectname) %(*objectname) [10ms]
[2022-03-25T15:18:46.892Z] > git remote --verbose [3ms]
[2022-03-25T15:18:46.935Z] > git config --get commit.template [3ms]
[2022-03-25T15:18:51.961Z] > git symbolic-ref --short HEAD [1ms]
[2022-03-25T15:18:51.967Z] > git for-each-ref --format=%(refname)%00%(upstream:short)%00%(objectname)%00%(upstream:track) refs/heads/dev refs/remotes/dev [1ms]
[2022-03-25T15:18:52.017Z] > git for-each-ref --sort -committerdate --format %(refname) %(objectname) %(*objectname) [10ms]
[2022-03-25T15:18:52.017Z] > git remote --verbose [2ms]
[2022-03-25T15:18:52.049Z] > git config --get commit.template [3ms]
[2022-03-25T15:18:57.071Z] > git symbolic-ref --short HEAD [1ms]
[2022-03-25T15:18:57.076Z] > git for-each-ref --format=%(refname)%00%(upstream:short)%00%(objectname)%00%(upstream:track) refs/heads/dev refs/remotes/dev [1ms]
[2022-03-25T15:18:57.119Z] > git for-each-ref --sort -committerdate --format %(refname) %(objectname) %(*objectname) [6ms]
[2022-03-25T15:18:57.119Z] > git remote --verbose [2ms]
[2022-03-25T15:18:57.149Z] > git config --get commit.template [3ms]
[2022-03-25T15:19:02.190Z] > git symbolic-ref --short HEAD [1ms]
[2022-03-25T15:19:02.195Z] > git for-each-ref --format=%(refname)%00%(upstream:short)%00%(objectname)%00%(upstream:track) refs/heads/dev refs/remotes/dev [1ms]
[2022-03-25T15:19:02.205Z] > git for-each-ref --sort -committerdate --format %(refname) %(objectname) %(*objectname) [5ms]
[2022-03-25T15:19:02.206Z] > git remote --verbose [2ms]
[2022-03-25T15:19:02.235Z] > git config --get commit.template [2ms]
[2022-03-25T15:20:19.661Z] > git symbolic-ref --short HEAD [1ms]
[2022-03-25T15:20:19.667Z] > git for-each-ref --format=%(refname)%00%(upstream:short)%00%(objectname)%00%(upstream:track) refs/heads/dev refs/remotes/dev [1ms]
[2022-03-25T15:20:19.678Z] > git for-each-ref --sort -committerdate --format %(refname) %(objectname) %(*objectname) [5ms]
[2022-03-25T15:20:19.679Z] > git remote --verbose [2ms]
[2022-03-25T15:20:19.713Z] > git config --get commit.template [6ms]
[2022-03-25T15:21:34.213Z] > git symbolic-ref --short HEAD [1ms]
[2022-03-25T15:21:34.219Z] > git for-each-ref --format=%(refname)%00%(upstream:short)%00%(objectname)%00%(upstream:track) refs/heads/dev refs/remotes/dev [2ms]
[2022-03-25T15:21:34.228Z] > git for-each-ref --sort -committerdate --format %(refname) %(objectname) %(*objectname) [5ms]
[2022-03-25T15:21:34.229Z] > git remote --verbose [2ms]
[2022-03-25T15:21:34.266Z] > git config --get commit.template [3ms]
[2022-03-25T15:23:30.583Z] > git symbolic-ref --short HEAD [1ms]
[2022-03-25T15:23:30.589Z] > git for-each-ref --format=%(refname)%00%(upstream:short)%00%(objectname)%00%(upstream:track) refs/heads/dev refs/remotes/dev [1ms]
[2022-03-25T15:23:30.603Z] > git for-each-ref --sort -committerdate --format %(refname) %(objectname) %(*objectname) [5ms]
[2022-03-25T15:23:30.603Z] > git remote --verbose [1ms]
[2022-03-25T15:23:30.636Z] > git config --get commit.template [1ms]
[2022-03-25T15:23:35.664Z] > git symbolic-ref --short HEAD [1ms]
[2022-03-25T15:23:35.669Z] > git for-each-ref --format=%(refname)%00%(upstream:short)%00%(objectname)%00%(upstream:track) refs/heads/dev refs/remotes/dev [1ms]
[2022-03-25T15:23:35.678Z] > git for-each-ref --sort -committerdate --format %(refname) %(objectname) %(*objectname) [5ms]
[2022-03-25T15:23:35.678Z] > git remote --verbose [1ms]
[2022-03-25T15:23:35.708Z] > git config --get commit.template [1ms]
[2022-03-25T15:25:22.756Z] > git symbolic-ref --short HEAD [2ms]
[2022-03-25T15:25:22.761Z] > git for-each-ref --format=%(refname)%00%(upstream:short)%00%(objectname)%00%(upstream:track) refs/heads/dev refs/remotes/dev [1ms]
[2022-03-25T15:25:22.771Z] > git for-each-ref --sort -committerdate --format %(refname) %(objectname) %(*objectname) [5ms]
[2022-03-25T15:25:22.772Z] > git remote --verbose [2ms]
[2022-03-25T15:25:22.811Z] > git config --get commit.template [3ms]
[2022-03-25T15:25:27.964Z] > git symbolic-ref --short HEAD [1ms]
[2022-03-25T15:25:27.971Z] > git for-each-ref --format=%(refname)%00%(upstream:short)%00%(objectname)%00%(upstream:track) refs/heads/dev refs/remotes/dev [2ms]
[2022-03-25T15:25:27.981Z] > git for-each-ref --sort -committerdate --format %(refname) %(objectname) %(*objectname) [5ms]
[2022-03-25T15:25:27.982Z] > git remote --verbose [2ms]
[2022-03-25T15:25:28.027Z] > git config --get commit.template [7ms]
[2022-03-25T15:26:51.892Z] > git symbolic-ref --short HEAD [2ms]
[2022-03-25T15:26:51.899Z] > git for-each-ref --format=%(refname)%00%(upstream:short)%00%(objectname)%00%(upstream:track) refs/heads/dev refs/remotes/dev [2ms]
[2022-03-25T15:26:51.911Z] > git for-each-ref --sort -committerdate --format %(refname) %(objectname) %(*objectname) [6ms]
[2022-03-25T15:26:51.912Z] > git remote --verbose [2ms]
[2022-03-25T15:26:51.964Z] > git config --get commit.template [7ms]
[2022-03-25T15:26:57.938Z] > git symbolic-ref --short HEAD [2ms]
[2022-03-25T15:26:57.945Z] > git for-each-ref --format=%(refname)%00%(upstream:short)%00%(objectname)%00%(upstream:track) refs/heads/dev refs/remotes/dev [2ms]
[2022-03-25T15:26:57.958Z] > git for-each-ref --sort -committerdate --format %(refname) %(objectname) %(*objectname) [7ms]
[2022-03-25T15:26:57.959Z] > git remote --verbose [2ms]
[2022-03-25T15:26:58.011Z] > git config --get commit.template [6ms]
[2022-03-25T15:27:03.056Z] > git symbolic-ref --short HEAD [3ms]
[2022-03-25T15:27:03.063Z] > git for-each-ref --format=%(refname)%00%(upstream:short)%00%(objectname)%00%(upstream:track) refs/heads/dev refs/remotes/dev [1ms]
[2022-03-25T15:27:03.075Z] > git for-each-ref --sort -committerdate --format %(refname) %(objectname) %(*objectname) [6ms]
[2022-03-25T15:27:03.076Z] > git remote --verbose [2ms]
[2022-03-25T15:27:03.108Z] > git config --get commit.template [3ms]
[2022-03-25T15:27:08.132Z] > git symbolic-ref --short HEAD [1ms]
[2022-03-25T15:27:08.139Z] > git for-each-ref --format=%(refname)%00%(upstream:short)%00%(objectname)%00%(upstream:track) refs/heads/dev refs/remotes/dev [1ms]
[2022-03-25T15:27:08.148Z] > git for-each-ref --sort -committerdate --format %(refname) %(objectname) %(*objectname) [5ms]
[2022-03-25T15:27:08.148Z] > git remote --verbose [1ms]
[2022-03-25T15:27:08.178Z] > git config --get commit.template [2ms]
[2022-03-25T15:27:13.212Z] > git symbolic-ref --short HEAD [1ms]
[2022-03-25T15:27:13.219Z] > git for-each-ref --format=%(refname)%00%(upstream:short)%00%(objectname)%00%(upstream:track) refs/heads/dev refs/remotes/dev [1ms]
[2022-03-25T15:27:13.272Z] > git for-each-ref --sort -committerdate --format %(refname) %(objectname) %(*objectname) [13ms]
[2022-03-25T15:27:13.273Z] > git remote --verbose [4ms]
[2022-03-25T15:27:13.312Z] > git config --get commit.template [3ms]
[2022-03-25T15:27:18.390Z] > git symbolic-ref --short HEAD [1ms]
[2022-03-25T15:27:18.396Z] > git for-each-ref --format=%(refname)%00%(upstream:short)%00%(objectname)%00%(upstream:track) refs/heads/dev refs/remotes/dev [1ms]
[2022-03-25T15:27:18.408Z] > git for-each-ref --sort -committerdate --format %(refname) %(objectname) %(*objectname) [6ms]
[2022-03-25T15:27:18.408Z] > git remote --verbose [1ms]
[2022-03-25T15:27:18.440Z] > git config --get commit.template [2ms]
[2022-03-25T15:27:26.176Z] > git symbolic-ref --short HEAD [1ms]
[2022-03-25T15:27:26.183Z] > git for-each-ref --format=%(refname)%00%(upstream:short)%00%(objectname)%00%(upstream:track) refs/heads/dev refs/remotes/dev [2ms]
[2022-03-25T15:27:26.195Z] > git for-each-ref --sort -committerdate --format %(refname) %(objectname) %(*objectname) [7ms]
[2022-03-25T15:27:26.195Z] > git remote --verbose [1ms]
[2022-03-25T15:27:26.227Z] > git config --get commit.template [3ms]
[2022-03-25T15:27:31.256Z] > git symbolic-ref --short HEAD [2ms]
[2022-03-25T15:27:31.264Z] > git for-each-ref --format=%(refname)%00%(upstream:short)%00%(objectname)%00%(upstream:track) refs/heads/dev refs/remotes/dev [2ms]
[2022-03-25T15:27:31.276Z] > git for-each-ref --sort -committerdate --format %(refname) %(objectname) %(*objectname) [6ms]
[2022-03-25T15:27:31.277Z] > git remote --verbose [2ms]
[2022-03-25T15:27:31.328Z] > git config --get commit.template [10ms]
[2022-03-25T15:27:36.383Z] > git symbolic-ref --short HEAD [4ms]
[2022-03-25T15:27:36.391Z] > git for-each-ref --format=%(refname)%00%(upstream:short)%00%(objectname)%00%(upstream:track) refs/heads/dev refs/remotes/dev [2ms]
[2022-03-25T15:27:36.402Z] > git for-each-ref --sort -committerdate --format %(refname) %(objectname) %(*objectname) [6ms]
[2022-03-25T15:27:36.403Z] > git remote --verbose [2ms]
[2022-03-25T15:27:36.456Z] > git config --get commit.template [14ms]
[2022-03-25T15:28:25.645Z] > git symbolic-ref --short HEAD [2ms]
[2022-03-25T15:28:25.652Z] > git for-each-ref --format=%(refname)%00%(upstream:short)%00%(objectname)%00%(upstream:track) refs/heads/dev refs/remotes/dev [1ms]
[2022-03-25T15:28:25.666Z] > git for-each-ref --sort -committerdate --format %(refname) %(objectname) %(*objectname) [7ms]
[2022-03-25T15:28:25.666Z] > git remote --verbose [1ms]
[2022-03-25T15:28:25.713Z] > git config --get commit.template [11ms]
[2022-03-25T15:28:42.840Z] > git symbolic-ref --short HEAD [1ms]
[2022-03-25T15:28:42.845Z] > git for-each-ref --format=%(refname)%00%(upstream:short)%00%(objectname)%00%(upstream:track) refs/heads/dev refs/remotes/dev [1ms]
[2022-03-25T15:28:42.856Z] > git for-each-ref --sort -committerdate --format %(refname) %(objectname) %(*objectname) [6ms]
[2022-03-25T15:28:42.856Z] > git remote --verbose [1ms]
[2022-03-25T15:28:42.890Z] > git config --get commit.template [1ms]
[2022-03-25T15:28:47.910Z] > git symbolic-ref --short HEAD [1ms]
[2022-03-25T15:28:47.915Z] > git for-each-ref --format=%(refname)%00%(upstream:short)%00%(objectname)%00%(upstream:track) refs/heads/dev refs/remotes/dev [1ms]
[2022-03-25T15:28:47.925Z] > git for-each-ref --sort -committerdate --format %(refname) %(objectname) %(*objectname) [5ms]
[2022-03-25T15:28:47.925Z] > git remote --verbose [1ms]
[2022-03-25T15:28:47.957Z] > git config --get commit.template [2ms]
[2022-03-25T15:28:52.990Z] > git symbolic-ref --short HEAD [2ms]
[2022-03-25T15:28:52.997Z] > git for-each-ref --format=%(refname)%00%(upstream:short)%00%(objectname)%00%(upstream:track) refs/heads/dev refs/remotes/dev [2ms]
[2022-03-25T15:28:53.008Z] > git for-each-ref --sort -committerdate --format %(refname) %(objectname) %(*objectname) [6ms]
[2022-03-25T15:28:53.009Z] > git remote --verbose [2ms]
[2022-03-25T15:28:53.060Z] > git config --get commit.template [8ms]
[2022-03-25T15:28:58.083Z] > git symbolic-ref --short HEAD [2ms]
[2022-03-25T15:28:58.089Z] > git for-each-ref --format=%(refname)%00%(upstream:short)%00%(objectname)%00%(upstream:track) refs/heads/dev refs/remotes/dev [1ms]
[2022-03-25T15:28:58.102Z] > git for-each-ref --sort -committerdate --format %(refname) %(objectname) %(*objectname) [8ms]
[2022-03-25T15:28:58.102Z] > git remote --verbose [2ms]
[2022-03-25T15:28:58.148Z] > git config --get commit.template [10ms]
[2022-03-25T15:29:03.175Z] > git symbolic-ref --short HEAD [2ms]
[2022-03-25T15:29:03.182Z] > git for-each-ref --format=%(refname)%00%(upstream:short)%00%(objectname)%00%(upstream:track) refs/heads/dev refs/remotes/dev [1ms]
[2022-03-25T15:29:03.193Z] > git for-each-ref --sort -committerdate --format %(refname) %(objectname) %(*objectname) [5ms]
[2022-03-25T15:29:03.194Z] > git remote --verbose [2ms]
[2022-03-25T15:29:03.240Z] > git config --get commit.template [10ms]
[2022-03-25T15:29:08.263Z] > git symbolic-ref --short HEAD [1ms]
[2022-03-25T15:29:08.270Z] > git for-each-ref --format=%(refname)%00%(upstream:short)%00%(objectname)%00%(upstream:track) refs/heads/dev refs/remotes/dev [2ms]
[2022-03-25T15:29:08.280Z] > git for-each-ref --sort -committerdate --format %(refname) %(objectname) %(*objectname) [6ms]
[2022-03-25T15:29:08.280Z] > git remote --verbose [2ms]
[2022-03-25T15:29:08.328Z] > git config --get commit.template [10ms]
[2022-03-25T15:29:13.355Z] > git symbolic-ref --short HEAD [2ms]
[2022-03-25T15:29:13.363Z] > git for-each-ref --format=%(refname)%00%(upstream:short)%00%(objectname)%00%(upstream:track) refs/heads/dev refs/remotes/dev [1ms]
[2022-03-25T15:29:13.377Z] > git for-each-ref --sort -committerdate --format %(refname) %(objectname) %(*objectname) [6ms]
[2022-03-25T15:29:13.383Z] > git remote --verbose [7ms]
[2022-03-25T15:29:13.412Z] > git config --get commit.template [3ms]
[2022-03-25T15:29:18.459Z] > git symbolic-ref --short HEAD [2ms]
[2022-03-25T15:29:18.472Z] > git for-each-ref --format=%(refname)%00%(upstream:short)%00%(objectname)%00%(upstream:track) refs/heads/dev refs/remotes/dev [3ms]
[2022-03-25T15:29:18.488Z] > git for-each-ref --sort -committerdate --format %(refname) %(objectname) %(*objectname) [7ms]
[2022-03-25T15:29:18.489Z] > git remote --verbose [2ms]
[2022-03-25T15:29:18.521Z] > git config --get commit.template [2ms]
[2022-03-25T15:29:23.568Z] > git symbolic-ref --short HEAD [4ms]
[2022-03-25T15:29:23.583Z] > git for-each-ref --format=%(refname)%00%(upstream:short)%00%(objectname)%00%(upstream:track) refs/heads/dev refs/remotes/dev [3ms]
[2022-03-25T15:29:23.599Z] > git for-each-ref --sort -committerdate --format %(refname) %(objectname) %(*objectname) [8ms]
[2022-03-25T15:29:23.599Z] > git remote --verbose [2ms]
[2022-03-25T15:29:23.628Z] > git config --get commit.template [2ms]
[2022-03-25T15:29:28.649Z] > git symbolic-ref --short HEAD [1ms]
[2022-03-25T15:29:28.654Z] > git for-each-ref --format=%(refname)%00%(upstream:short)%00%(objectname)%00%(upstream:track) refs/heads/dev refs/remotes/dev [1ms]
[2022-03-25T15:29:28.668Z] > git for-each-ref --sort -committerdate --format %(refname) %(objectname) %(*objectname) [5ms]
[2022-03-25T15:29:28.668Z] > git remote --verbose [1ms]
[2022-03-25T15:29:28.696Z] > git config --get commit.template [2ms]
[2022-03-25T15:29:33.724Z] > git symbolic-ref --short HEAD [1ms]
[2022-03-25T15:29:33.731Z] > git for-each-ref --format=%(refname)%00%(upstream:short)%00%(objectname)%00%(upstream:track) refs/heads/dev refs/remotes/dev [1ms]
[2022-03-25T15:29:33.744Z] > git for-each-ref --sort -committerdate --format %(refname) %(objectname) %(*objectname) [7ms]
[2022-03-25T15:29:33.744Z] > git remote --verbose [1ms]
[2022-03-25T15:29:33.775Z] > git config --get commit.template [2ms]
[2022-03-25T15:29:38.819Z] > git symbolic-ref --short HEAD [3ms]
[2022-03-25T15:29:38.828Z] > git for-each-ref --format=%(refname)%00%(upstream:short)%00%(objectname)%00%(upstream:track) refs/heads/dev refs/remotes/dev [2ms]
[2022-03-25T15:29:38.844Z] > git for-each-ref --sort -committerdate --format %(refname) %(objectname) %(*objectname) [8ms]
[2022-03-25T15:29:38.845Z] > git remote --verbose [2ms]
[2022-03-25T15:29:38.875Z] > git config --get commit.template [3ms]
[2022-03-25T15:29:43.920Z] > git symbolic-ref --short HEAD [2ms]
[2022-03-25T15:29:43.928Z] > git for-each-ref --format=%(refname)%00%(upstream:short)%00%(objectname)%00%(upstream:track) refs/heads/dev refs/remotes/dev [1ms]
[2022-03-25T15:29:43.939Z] > git for-each-ref --sort -committerdate --format %(refname) %(objectname) %(*objectname) [6ms]
[2022-03-25T15:29:43.940Z] > git remote --verbose [2ms]
[2022-03-25T15:29:43.969Z] > git config --get commit.template [3ms]
[2022-03-25T15:29:48.991Z] > git symbolic-ref --short HEAD [2ms]
[2022-03-25T15:29:48.996Z] > git for-each-ref --format=%(refname)%00%(upstream:short)%00%(objectname)%00%(upstream:track) refs/heads/dev refs/remotes/dev [1ms]
[2022-03-25T15:29:49.006Z] > git for-each-ref --sort -committerdate --format %(refname) %(objectname) %(*objectname) [5ms]
[2022-03-25T15:29:49.006Z] > git remote --verbose [1ms]
[2022-03-25T15:29:49.038Z] > git config --get commit.template [2ms]
[2022-03-25T15:29:54.067Z] > git symbolic-ref --short HEAD [1ms]
[2022-03-25T15:29:54.073Z] > git for-each-ref --format=%(refname)%00%(upstream:short)%00%(objectname)%00%(upstream:track) refs/heads/dev refs/remotes/dev [1ms]
[2022-03-25T15:29:54.086Z] > git for-each-ref --sort -committerdate --format %(refname) %(objectname) %(*objectname) [6ms]
[2022-03-25T15:29:54.086Z] > git remote --verbose [1ms]
[2022-03-25T15:29:54.115Z] > git config --get commit.template [3ms]
[2022-03-25T15:29:59.322Z] > git symbolic-ref --short HEAD [2ms]
[2022-03-25T15:29:59.329Z] > git for-each-ref --format=%(refname)%00%(upstream:short)%00%(objectname)%00%(upstream:track) refs/heads/dev refs/remotes/dev [1ms]
[2022-03-25T15:29:59.340Z] > git for-each-ref --sort -committerdate --format %(refname) %(objectname) %(*objectname) [6ms]
[2022-03-25T15:29:59.340Z] > git remote --verbose [1ms]
[2022-03-25T15:29:59.371Z] > git config --get commit.template [2ms]
[2022-03-25T15:30:04.402Z] > git symbolic-ref --short HEAD [1ms]
[2022-03-25T15:30:04.409Z] > git for-each-ref --format=%(refname)%00%(upstream:short)%00%(objectname)%00%(upstream:track) refs/heads/dev refs/remotes/dev [1ms]
[2022-03-25T15:30:04.422Z] > git for-each-ref --sort -committerdate --format %(refname) %(objectname) %(*objectname) [5ms]
[2022-03-25T15:30:04.422Z] > git remote --verbose [1ms]
[2022-03-25T15:30:04.454Z] > git config --get commit.template [2ms]
[2022-03-25T15:30:09.365Z] > git ls-files --stage -- /home/zero/.xsession [1ms]
[2022-03-25T15:30:09.483Z] > git symbolic-ref --short HEAD [1ms]
[2022-03-25T15:30:09.490Z] > git for-each-ref --format=%(refname)%00%(upstream:short)%00%(objectname)%00%(upstream:track) refs/heads/dev refs/remotes/dev [1ms]
[2022-03-25T15:30:09.504Z] > git for-each-ref --sort -committerdate --format %(refname) %(objectname) %(*objectname) [7ms]
[2022-03-25T15:30:09.505Z] > git remote --verbose [2ms]
[2022-03-25T15:30:09.535Z] > git config --get commit.template [3ms]
[2022-03-25T15:30:14.560Z] > git symbolic-ref --short HEAD [1ms]
[2022-03-25T15:30:14.565Z] > git for-each-ref --format=%(refname)%00%(upstream:short)%00%(objectname)%00%(upstream:track) refs/heads/dev refs/remotes/dev [1ms]
[2022-03-25T15:30:14.577Z] > git for-each-ref --sort -committerdate --format %(refname) %(objectname) %(*objectname) [6ms]
[2022-03-25T15:30:14.577Z] > git remote --verbose [1ms]
[2022-03-25T15:30:14.611Z] > git config --get commit.template [3ms]
[2022-03-25T15:30:19.653Z] > git symbolic-ref --short HEAD [2ms]
[2022-03-25T15:30:19.662Z] > git for-each-ref --format=%(refname)%00%(upstream:short)%00%(objectname)%00%(upstream:track) refs/heads/dev refs/remotes/dev [2ms]
[2022-03-25T15:30:19.678Z] > git for-each-ref --sort -committerdate --format %(refname) %(objectname) %(*objectname) [9ms]
[2022-03-25T15:30:19.679Z] > git remote --verbose [3ms]
[2022-03-25T15:30:19.720Z] > git config --get commit.template [3ms]
[2022-03-25T15:30:24.760Z] > git symbolic-ref --short HEAD [1ms]
[2022-03-25T15:30:24.766Z] > git for-each-ref --format=%(refname)%00%(upstream:short)%00%(objectname)%00%(upstream:track) refs/heads/dev refs/remotes/dev [1ms]
[2022-03-25T15:30:24.776Z] > git for-each-ref --sort -committerdate --format %(refname) %(objectname) %(*objectname) [5ms]
[2022-03-25T15:30:24.776Z] > git remote --verbose [1ms]
[2022-03-25T15:30:24.805Z] > git config --get commit.template [2ms]
[2022-03-25T15:30:29.849Z] > git symbolic-ref --short HEAD [2ms]
[2022-03-25T15:30:29.855Z] > git for-each-ref --format=%(refname)%00%(upstream:short)%00%(objectname)%00%(upstream:track) refs/heads/dev refs/remotes/dev [1ms]
[2022-03-25T15:30:29.866Z] > git for-each-ref --sort -committerdate --format %(refname) %(objectname) %(*objectname) [6ms]
[2022-03-25T15:30:29.867Z] > git remote --verbose [2ms]
[2022-03-25T15:30:29.900Z] > git config --get commit.template [3ms]
[2022-03-25T15:30:34.932Z] > git symbolic-ref --short HEAD [1ms]
[2022-03-25T15:30:34.941Z] > git for-each-ref --format=%(refname)%00%(upstream:short)%00%(objectname)%00%(upstream:track) refs/heads/dev refs/remotes/dev [2ms]
[2022-03-25T15:30:34.952Z] > git for-each-ref --sort -committerdate --format %(refname) %(objectname) %(*objectname) [6ms]
[2022-03-25T15:30:34.952Z] > git remote --verbose [1ms]
[2022-03-25T15:30:34.981Z] > git config --get commit.template [3ms]
[2022-03-25T15:30:40.026Z] > git symbolic-ref --short HEAD [3ms]
[2022-03-25T15:30:40.038Z] > git for-each-ref --format=%(refname)%00%(upstream:short)%00%(objectname)%00%(upstream:track) refs/heads/dev refs/remotes/dev [2ms]
[2022-03-25T15:30:40.051Z] > git for-each-ref --sort -committerdate --format %(refname) %(objectname) %(*objectname) [6ms]
[2022-03-25T15:30:40.051Z] > git remote --verbose [1ms]
[2022-03-25T15:30:40.080Z] > git config --get commit.template [2ms]
[2022-03-25T15:30:45.120Z] > git symbolic-ref --short HEAD [1ms]
[2022-03-25T15:30:45.127Z] > git for-each-ref --format=%(refname)%00%(upstream:short)%00%(objectname)%00%(upstream:track) refs/heads/dev refs/remotes/dev [2ms]
[2022-03-25T15:30:45.137Z] > git for-each-ref --sort -committerdate --format %(refname) %(objectname) %(*objectname) [6ms]
[2022-03-25T15:30:45.137Z] > git remote --verbose [2ms]
[2022-03-25T15:30:45.166Z] > git config --get commit.template [3ms]
[2022-03-25T15:30:50.199Z] > git symbolic-ref --short HEAD [2ms]
[2022-03-25T15:30:50.209Z] > git for-each-ref --format=%(refname)%00%(upstream:short)%00%(objectname)%00%(upstream:track) refs/heads/dev refs/remotes/dev [2ms]
[2022-03-25T15:30:50.224Z] > git for-each-ref --sort -committerdate --format %(refname) %(objectname) %(*objectname) [8ms]
[2022-03-25T15:30:50.224Z] > git remote --verbose [2ms]
[2022-03-25T15:30:50.263Z] > git config --get commit.template [3ms]
[2022-03-25T15:30:55.309Z] > git symbolic-ref --short HEAD [3ms]
[2022-03-25T15:30:55.319Z] > git for-each-ref --format=%(refname)%00%(upstream:short)%00%(objectname)%00%(upstream:track) refs/heads/dev refs/remotes/dev [2ms]
[2022-03-25T15:30:55.332Z] > git for-each-ref --sort -committerdate --format %(refname) %(objectname) %(*objectname) [6ms]
[2022-03-25T15:30:55.332Z] > git remote --verbose [1ms]
[2022-03-25T15:30:55.364Z] > git config --get commit.template [3ms]
[2022-03-25T15:31:00.393Z] > git symbolic-ref --short HEAD [1ms]
[2022-03-25T15:31:00.399Z] > git for-each-ref --format=%(refname)%00%(upstream:short)%00%(objectname)%00%(upstream:track) refs/heads/dev refs/remotes/dev [1ms]
[2022-03-25T15:31:00.412Z] > git for-each-ref --sort -committerdate --format %(refname) %(objectname) %(*objectname) [5ms]
[2022-03-25T15:31:00.412Z] > git remote --verbose [1ms]
[2022-03-25T15:31:00.448Z] > git config --get commit.template [3ms]
[2022-03-25T15:31:05.467Z] > git symbolic-ref --short HEAD [1ms]
[2022-03-25T15:31:05.473Z] > git for-each-ref --format=%(refname)%00%(upstream:short)%00%(objectname)%00%(upstream:track) refs/heads/dev refs/remotes/dev [1ms]
[2022-03-25T15:31:05.484Z] > git remote --verbose [2ms]
[2022-03-25T15:31:05.484Z] > git for-each-ref --sort -committerdate --format %(refname) %(objectname) %(*objectname) [6ms]
[2022-03-25T15:31:05.514Z] > git config --get commit.template [1ms]
[2022-03-25T15:31:10.538Z] > git symbolic-ref --short HEAD [1ms]
[2022-03-25T15:31:10.544Z] > git for-each-ref --format=%(refname)%00%(upstream:short)%00%(objectname)%00%(upstream:track) refs/heads/dev refs/remotes/dev [1ms]
[2022-03-25T15:31:10.557Z] > git for-each-ref --sort -committerdate --format %(refname) %(objectname) %(*objectname) [5ms]
[2022-03-25T15:31:10.557Z] > git remote --verbose [1ms]
[2022-03-25T15:31:10.590Z] > git config --get commit.template [6ms]
[2022-03-25T15:31:15.621Z] > git symbolic-ref --short HEAD [1ms]
[2022-03-25T15:31:15.628Z] > git for-each-ref --format=%(refname)%00%(upstream:short)%00%(objectname)%00%(upstream:track) refs/heads/dev refs/remotes/dev [1ms]
[2022-03-25T15:31:15.643Z] > git for-each-ref --sort -committerdate --format %(refname) %(objectname) %(*objectname) [8ms]
[2022-03-25T15:31:15.643Z] > git remote --verbose [1ms]
[2022-03-25T15:31:15.674Z] > git config --get commit.template [3ms]
[2022-03-25T15:31:20.699Z] > git symbolic-ref --short HEAD [1ms]
[2022-03-25T15:31:20.704Z] > git for-each-ref --format=%(refname)%00%(upstream:short)%00%(objectname)%00%(upstream:track) refs/heads/dev refs/remotes/dev [1ms]
[2022-03-25T15:31:20.713Z] > git for-each-ref --sort -committerdate --format %(refname) %(objectname) %(*objectname) [5ms]
[2022-03-25T15:31:20.713Z] > git remote --verbose [1ms]
[2022-03-25T15:31:20.742Z] > git config --get commit.template [2ms]
[2022-03-25T15:31:25.782Z] > git symbolic-ref --short HEAD [1ms]
[2022-03-25T15:31:25.788Z] > git for-each-ref --format=%(refname)%00%(upstream:short)%00%(objectname)%00%(upstream:track) refs/heads/dev refs/remotes/dev [1ms]
[2022-03-25T15:31:25.798Z] > git for-each-ref --sort -committerdate --format %(refname) %(objectname) %(*objectname) [5ms]
[2022-03-25T15:31:25.798Z] > git remote --verbose [1ms]
[2022-03-25T15:31:25.831Z] > git config --get commit.template [4ms]
[2022-03-25T15:31:30.873Z] > git symbolic-ref --short HEAD [1ms]
[2022-03-25T15:31:30.879Z] > git for-each-ref --format=%(refname)%00%(upstream:short)%00%(objectname)%00%(upstream:track) refs/heads/dev refs/remotes/dev [1ms]
[2022-03-25T15:31:30.890Z] > git for-each-ref --sort -committerdate --format %(refname) %(objectname) %(*objectname) [6ms]
[2022-03-25T15:31:30.890Z] > git remote --verbose [1ms]
[2022-03-25T15:31:30.920Z] > git config --get commit.template [2ms]
[2022-03-25T15:31:35.943Z] > git symbolic-ref --short HEAD [2ms]
[2022-03-25T15:31:35.948Z] > git for-each-ref --format=%(refname)%00%(upstream:short)%00%(objectname)%00%(upstream:track) refs/heads/dev refs/remotes/dev [1ms]
[2022-03-25T15:31:35.956Z] > git for-each-ref --sort -committerdate --format %(refname) %(objectname) %(*objectname) [4ms]
[2022-03-25T15:31:35.957Z] > git remote --verbose [2ms]
[2022-03-25T15:31:35.994Z] > git config --get commit.template [4ms]
[2022-03-25T15:31:41.019Z] > git symbolic-ref --short HEAD [1ms]
[2022-03-25T15:31:41.024Z] > git for-each-ref --format=%(refname)%00%(upstream:short)%00%(objectname)%00%(upstream:track) refs/heads/dev refs/remotes/dev [1ms]
[2022-03-25T15:31:41.035Z] > git for-each-ref --sort -committerdate --format %(refname) %(objectname) %(*objectname) [6ms]
[2022-03-25T15:31:41.035Z] > git remote --verbose [1ms]
[2022-03-25T15:31:41.065Z] > git config --get commit.template [2ms]
[2022-03-25T15:31:46.092Z] > git symbolic-ref --short HEAD [1ms]
[2022-03-25T15:31:46.100Z] > git for-each-ref --format=%(refname)%00%(upstream:short)%00%(objectname)%00%(upstream:track) refs/heads/dev refs/remotes/dev [2ms]
[2022-03-25T15:31:46.112Z] > git for-each-ref --sort -committerdate --format %(refname) %(objectname) %(*objectname) [6ms]
[2022-03-25T15:31:46.112Z] > git remote --verbose [1ms]
[2022-03-25T15:31:46.144Z] > git config --get commit.template [2ms]
[2022-03-25T15:31:51.194Z] > git symbolic-ref --short HEAD [3ms]
[2022-03-25T15:31:51.205Z] > git for-each-ref --format=%(refname)%00%(upstream:short)%00%(objectname)%00%(upstream:track) refs/heads/dev refs/remotes/dev [2ms]
[2022-03-25T15:31:51.247Z] > git for-each-ref --sort -committerdate --format %(refname) %(objectname) %(*objectname) [9ms]
[2022-03-25T15:31:51.248Z] > git remote --verbose [3ms]
[2022-03-25T15:31:51.287Z] > git config --get commit.template [3ms]
[2022-03-25T15:31:56.322Z] > git symbolic-ref --short HEAD [2ms]
[2022-03-25T15:31:56.330Z] > git for-each-ref --format=%(refname)%00%(upstream:short)%00%(objectname)%00%(upstream:track) refs/heads/dev refs/remotes/dev [2ms]
[2022-03-25T15:31:56.369Z] > git for-each-ref --sort -committerdate --format %(refname) %(objectname) %(*objectname) [5ms]
[2022-03-25T15:31:56.370Z] > git remote --verbose [2ms]
[2022-03-25T15:31:56.409Z] > git config --get commit.template [3ms]
[2022-03-25T15:32:01.448Z] > git symbolic-ref --short HEAD [2ms]
[2022-03-25T15:32:01.458Z] > git for-each-ref --format=%(refname)%00%(upstream:short)%00%(objectname)%00%(upstream:track) refs/heads/dev refs/remotes/dev [2ms]
[2022-03-25T15:32:01.501Z] > git for-each-ref --sort -committerdate --format %(refname) %(objectname) %(*objectname) [8ms]
[2022-03-25T15:32:01.501Z] > git remote --verbose [2ms]
[2022-03-25T15:32:01.540Z] > git config --get commit.template [3ms]
[2022-03-25T15:32:06.568Z] > git symbolic-ref --short HEAD [2ms]
[2022-03-25T15:32:06.574Z] > git for-each-ref --format=%(refname)%00%(upstream:short)%00%(objectname)%00%(upstream:track) refs/heads/dev refs/remotes/dev [1ms]
[2022-03-25T15:32:06.617Z] > git for-each-ref --sort -committerdate --format %(refname) %(objectname) %(*objectname) [6ms]
[2022-03-25T15:32:06.617Z] > git remote --verbose [1ms]
[2022-03-25T15:32:06.653Z] > git config --get commit.template [2ms]
[2022-03-25T15:32:11.685Z] > git symbolic-ref --short HEAD [2ms]
[2022-03-25T15:32:11.695Z] > git for-each-ref --format=%(refname)%00%(upstream:short)%00%(objectname)%00%(upstream:track) refs/heads/dev refs/remotes/dev [2ms]
[2022-03-25T15:32:11.733Z] > git for-each-ref --sort -committerdate --format %(refname) %(objectname) %(*objectname) [6ms]
[2022-03-25T15:32:11.733Z] > git remote --verbose [1ms]
[2022-03-25T15:32:11.765Z] > git config --get commit.template [2ms]
[2022-03-25T15:32:16.808Z] > git symbolic-ref --short HEAD [1ms]
[2022-03-25T15:32:16.814Z] > git for-each-ref --format=%(refname)%00%(upstream:short)%00%(objectname)%00%(upstream:track) refs/heads/dev refs/remotes/dev [1ms]
[2022-03-25T15:32:16.857Z] > git for-each-ref --sort -committerdate --format %(refname) %(objectname) %(*objectname) [6ms]
[2022-03-25T15:32:16.857Z] > git remote --verbose [1ms]
[2022-03-25T15:32:16.893Z] > git config --get commit.template [2ms]
[2022-03-25T15:32:21.923Z] > git symbolic-ref --short HEAD [1ms]
[2022-03-25T15:32:21.932Z] > git for-each-ref --format=%(refname)%00%(upstream:short)%00%(objectname)%00%(upstream:track) refs/heads/dev refs/remotes/dev [3ms]
[2022-03-25T15:32:21.975Z] > git for-each-ref --sort -committerdate --format %(refname) %(objectname) %(*objectname) [7ms]
[2022-03-25T15:32:21.976Z] > git remote --verbose [2ms]
[2022-03-25T15:32:22.012Z] > git config --get commit.template [2ms]
[2022-03-25T15:32:27.046Z] > git symbolic-ref --short HEAD [2ms]
[2022-03-25T15:32:27.056Z] > git for-each-ref --format=%(refname)%00%(upstream:short)%00%(objectname)%00%(upstream:track) refs/heads/dev refs/remotes/dev [2ms]
[2022-03-25T15:32:27.098Z] > git for-each-ref --sort -committerdate --format %(refname) %(objectname) %(*objectname) [8ms]
[2022-03-25T15:32:27.099Z] > git remote --verbose [2ms]
[2022-03-25T15:32:27.136Z] > git config --get commit.template [2ms]
[2022-03-25T15:32:32.188Z] > git symbolic-ref --short HEAD [4ms]
[2022-03-25T15:32:32.197Z] > git for-each-ref --format=%(refname)%00%(upstream:short)%00%(objectname)%00%(upstream:track) refs/heads/dev refs/remotes/dev [2ms]
[2022-03-25T15:32:32.207Z] > git for-each-ref --sort -committerdate --format %(refname) %(objectname) %(*objectname) [6ms]
[2022-03-25T15:32:32.207Z] > git remote --verbose [1ms]
[2022-03-25T15:32:32.237Z] > git config --get commit.template [2ms]
[2022-03-25T15:32:37.280Z] > git symbolic-ref --short HEAD [2ms]
[2022-03-25T15:32:37.292Z] > git for-each-ref --format=%(refname)%00%(upstream:short)%00%(objectname)%00%(upstream:track) refs/heads/dev refs/remotes/dev [2ms]
[2022-03-25T15:32:37.343Z] > git remote --verbose [2ms]
[2022-03-25T15:32:37.344Z] > git for-each-ref --sort -committerdate --format %(refname) %(objectname) %(*objectname) [17ms]
[2022-03-25T15:32:37.382Z] > git config --get commit.template [2ms]
[2022-03-25T15:32:42.422Z] > git symbolic-ref --short HEAD [2ms]
[2022-03-25T15:32:42.428Z] > git for-each-ref --format=%(refname)%00%(upstream:short)%00%(objectname)%00%(upstream:track) refs/heads/dev refs/remotes/dev [1ms]
[2022-03-25T15:32:42.468Z] > git for-each-ref --sort -committerdate --format %(refname) %(objectname) %(*objectname) [5ms]
[2022-03-25T15:32:42.469Z] > git remote --verbose [1ms]
[2022-03-25T15:32:42.507Z] > git config --get commit.template [2ms]
[2022-03-25T15:32:47.550Z] > git symbolic-ref --short HEAD [2ms]
[2022-03-25T15:32:47.560Z] > git for-each-ref --format=%(refname)%00%(upstream:short)%00%(objectname)%00%(upstream:track) refs/heads/dev refs/remotes/dev [2ms]
[2022-03-25T15:32:47.609Z] > git for-each-ref --sort -committerdate --format %(refname) %(objectname) %(*objectname) [12ms]
[2022-03-25T15:32:47.610Z] > git remote --verbose [3ms]
[2022-03-25T15:32:47.650Z] > git config --get commit.template [3ms]
[2022-03-25T15:32:52.687Z] > git symbolic-ref --short HEAD [2ms]
[2022-03-25T15:32:52.696Z] > git for-each-ref --format=%(refname)%00%(upstream:short)%00%(objectname)%00%(upstream:track) refs/heads/dev refs/remotes/dev [2ms]
[2022-03-25T15:32:52.733Z] > git for-each-ref --sort -committerdate --format %(refname) %(objectname) %(*objectname) [4ms]
[2022-03-25T15:32:52.734Z] > git remote --verbose [2ms]
[2022-03-25T15:32:52.763Z] > git config --get commit.template [2ms]
[2022-03-25T15:32:57.813Z] > git symbolic-ref --short HEAD [3ms]
[2022-03-25T15:32:57.826Z] > git for-each-ref --format=%(refname)%00%(upstream:short)%00%(objectname)%00%(upstream:track) refs/heads/dev refs/remotes/dev [3ms]
[2022-03-25T15:32:57.871Z] > git for-each-ref --sort -committerdate --format %(refname) %(objectname) %(*objectname) [11ms]
[2022-03-25T15:32:57.872Z] > git remote --verbose [2ms]
[2022-03-25T15:32:57.900Z] > git config --get commit.template [2ms]
[2022-03-25T15:33:02.925Z] > git symbolic-ref --short HEAD [2ms]
[2022-03-25T15:33:02.930Z] > git for-each-ref --format=%(refname)%00%(upstream:short)%00%(objectname)%00%(upstream:track) refs/heads/dev refs/remotes/dev [1ms]
[2022-03-25T15:33:02.983Z] > git for-each-ref --sort -committerdate --format %(refname) %(objectname) %(*objectname) [11ms]
[2022-03-25T15:33:02.984Z] > git remote --verbose [3ms]
[2022-03-25T15:33:03.027Z] > git config --get commit.template [2ms]
[2022-03-25T15:33:08.054Z] > git symbolic-ref --short HEAD [1ms]
[2022-03-25T15:33:08.059Z] > git for-each-ref --format=%(refname)%00%(upstream:short)%00%(objectname)%00%(upstream:track) refs/heads/dev refs/remotes/dev [1ms]
[2022-03-25T15:33:08.110Z] > git for-each-ref --sort -committerdate --format %(refname) %(objectname) %(*objectname) [10ms]
[2022-03-25T15:33:08.111Z] > git remote --verbose [3ms]
[2022-03-25T15:33:08.157Z] > git config --get commit.template [2ms]
[2022-03-25T15:33:13.190Z] > git symbolic-ref --short HEAD [1ms]
[2022-03-25T15:33:13.197Z] > git for-each-ref --format=%(refname)%00%(upstream:short)%00%(objectname)%00%(upstream:track) refs/heads/dev refs/remotes/dev [2ms]
[2022-03-25T15:33:13.206Z] > git for-each-ref --sort -committerdate --format %(refname) %(objectname) %(*objectname) [5ms]
[2022-03-25T15:33:13.206Z] > git remote --verbose [1ms]
[2022-03-25T15:33:13.238Z] > git config --get commit.template [2ms]
[2022-03-25T15:33:18.284Z] > git symbolic-ref --short HEAD [2ms]
[2022-03-25T15:33:18.292Z] > git for-each-ref --format=%(refname)%00%(upstream:short)%00%(objectname)%00%(upstream:track) refs/heads/dev refs/remotes/dev [2ms]
[2022-03-25T15:33:18.333Z] > git for-each-ref --sort -committerdate --format %(refname) %(objectname) %(*objectname) [6ms]
[2022-03-25T15:33:18.334Z] > git remote --verbose [2ms]
[2022-03-25T15:33:18.366Z] > git config --get commit.template [2ms]
[2022-03-25T15:33:23.412Z] > git symbolic-ref --short HEAD [1ms]
[2022-03-25T15:33:23.420Z] > git for-each-ref --format=%(refname)%00%(upstream:short)%00%(objectname)%00%(upstream:track) refs/heads/dev refs/remotes/dev [2ms]
[2022-03-25T15:33:23.471Z] > git for-each-ref --sort -committerdate --format %(refname) %(objectname) %(*objectname) [11ms]
[2022-03-25T15:33:23.472Z] > git remote --verbose [2ms]
[2022-03-25T15:33:23.504Z] > git config --get commit.template [3ms]
[2022-03-25T15:33:28.544Z] > git symbolic-ref --short HEAD [2ms]
[2022-03-25T15:33:28.552Z] > git for-each-ref --format=%(refname)%00%(upstream:short)%00%(objectname)%00%(upstream:track) refs/heads/dev refs/remotes/dev [2ms]
[2022-03-25T15:33:28.603Z] > git for-each-ref --sort -committerdate --format %(refname) %(objectname) %(*objectname) [12ms]
[2022-03-25T15:33:28.604Z] > git remote --verbose [3ms]
[2022-03-25T15:33:28.639Z] > git config --get commit.template [2ms]
[2022-03-25T15:33:33.660Z] > git symbolic-ref --short HEAD [1ms]
[2022-03-25T15:33:33.665Z] > git for-each-ref --format=%(refname)%00%(upstream:short)%00%(objectname)%00%(upstream:track) refs/heads/dev refs/remotes/dev [1ms]
[2022-03-25T15:33:33.707Z] > git for-each-ref --sort -committerdate --format %(refname) %(objectname) %(*objectname) [5ms]
[2022-03-25T15:33:33.708Z] > git remote --verbose [2ms]
[2022-03-25T15:33:33.739Z] > git config --get commit.template [2ms]
[2022-03-25T15:33:38.766Z] > git symbolic-ref --short HEAD [2ms]
[2022-03-25T15:33:38.771Z] > git for-each-ref --format=%(refname)%00%(upstream:short)%00%(objectname)%00%(upstream:track) refs/heads/dev refs/remotes/dev [1ms]
[2022-03-25T15:33:38.815Z] > git for-each-ref --sort -committerdate --format %(refname) %(objectname) %(*objectname) [7ms]
[2022-03-25T15:33:38.816Z] > git remote --verbose [2ms]
[2022-03-25T15:33:38.855Z] > git config --get commit.template [2ms]
[2022-03-25T15:33:43.901Z] > git symbolic-ref --short HEAD [2ms]
[2022-03-25T15:33:43.908Z] > git for-each-ref --format=%(refname)%00%(upstream:short)%00%(objectname)%00%(upstream:track) refs/heads/dev refs/remotes/dev [1ms]
[2022-03-25T15:33:43.950Z] > git for-each-ref --sort -committerdate --format %(refname) %(objectname) %(*objectname) [6ms]
[2022-03-25T15:33:43.950Z] > git remote --verbose [1ms]
[2022-03-25T15:33:43.987Z] > git config --get commit.template [3ms]
[2022-03-25T15:33:49.033Z] > git symbolic-ref --short HEAD [2ms]
[2022-03-25T15:33:49.042Z] > git for-each-ref --format=%(refname)%00%(upstream:short)%00%(objectname)%00%(upstream:track) refs/heads/dev refs/remotes/dev [1ms]
[2022-03-25T15:33:49.081Z] > git for-each-ref --sort -committerdate --format %(refname) %(objectname) %(*objectname) [6ms]
[2022-03-25T15:33:49.081Z] > git remote --verbose [1ms]
[2022-03-25T15:33:49.109Z] > git config --get commit.template [2ms]
[2022-03-25T15:33:54.129Z] > git symbolic-ref --short HEAD [1ms]
[2022-03-25T15:33:54.135Z] > git for-each-ref --format=%(refname)%00%(upstream:short)%00%(objectname)%00%(upstream:track) refs/heads/dev refs/remotes/dev [2ms]
[2022-03-25T15:33:54.187Z] > git for-each-ref --sort -committerdate --format %(refname) %(objectname) %(*objectname) [11ms]
[2022-03-25T15:33:54.188Z] > git remote --verbose [3ms]
[2022-03-25T15:33:54.237Z] > git config --get commit.template [2ms]
[2022-03-25T15:33:59.273Z] > git symbolic-ref --short HEAD [2ms]
[2022-03-25T15:33:59.282Z] > git for-each-ref --format=%(refname)%00%(upstream:short)%00%(objectname)%00%(upstream:track) refs/heads/dev refs/remotes/dev [3ms]
[2022-03-25T15:33:59.326Z] > git for-each-ref --sort -committerdate --format %(refname) %(objectname) %(*objectname) [8ms]
[2022-03-25T15:33:59.327Z] > git remote --verbose [2ms]
[2022-03-25T15:33:59.364Z] > git config --get commit.template [2ms]
[2022-03-25T15:34:04.390Z] > git symbolic-ref --short HEAD [2ms]
[2022-03-25T15:34:04.397Z] > git for-each-ref --format=%(refname)%00%(upstream:short)%00%(objectname)%00%(upstream:track) refs/heads/dev refs/remotes/dev [1ms]
[2022-03-25T15:34:04.440Z] > git for-each-ref --sort -committerdate --format %(refname) %(objectname) %(*objectname) [8ms]
[2022-03-25T15:34:04.441Z] > git remote --verbose [2ms]
[2022-03-25T15:34:04.490Z] > git config --get commit.template [4ms]
[2022-03-25T15:34:09.529Z] > git symbolic-ref --short HEAD [2ms]
[2022-03-25T15:34:09.538Z] > git for-each-ref --format=%(refname)%00%(upstream:short)%00%(objectname)%00%(upstream:track) refs/heads/dev refs/remotes/dev [2ms]
[2022-03-25T15:34:09.553Z] > git for-each-ref --sort -committerdate --format %(refname) %(objectname) %(*objectname) [8ms]
[2022-03-25T15:34:09.553Z] > git remote --verbose [2ms]
[2022-03-25T15:34:09.585Z] > git config --get commit.template [2ms]
[2022-03-25T15:34:14.609Z] > git symbolic-ref --short HEAD [2ms]
[2022-03-25T15:34:14.615Z] > git for-each-ref --format=%(refname)%00%(upstream:short)%00%(objectname)%00%(upstream:track) refs/heads/dev refs/remotes/dev [1ms]
[2022-03-25T15:34:14.626Z] > git for-each-ref --sort -committerdate --format %(refname) %(objectname) %(*objectname) [5ms]
[2022-03-25T15:34:14.626Z] > git remote --verbose [2ms]
[2022-03-25T15:34:14.674Z] > git config --get commit.template [10ms]
[2022-03-25T15:34:19.699Z] > git symbolic-ref --short HEAD [1ms]
[2022-03-25T15:34:19.705Z] > git for-each-ref --format=%(refname)%00%(upstream:short)%00%(objectname)%00%(upstream:track) refs/heads/dev refs/remotes/dev [2ms]
[2022-03-25T15:34:19.714Z] > git for-each-ref --sort -committerdate --format %(refname) %(objectname) %(*objectname) [5ms]
[2022-03-25T15:34:19.715Z] > git remote --verbose [2ms]
[2022-03-25T15:34:19.760Z] > git config --get commit.template [10ms]
[2022-03-25T15:34:24.793Z] > git symbolic-ref --short HEAD [2ms]
[2022-03-25T15:34:24.802Z] > git for-each-ref --format=%(refname)%00%(upstream:short)%00%(objectname)%00%(upstream:track) refs/heads/dev refs/remotes/dev [2ms]
[2022-03-25T15:34:24.845Z] > git for-each-ref --sort -committerdate --format %(refname) %(objectname) %(*objectname) [8ms]
[2022-03-25T15:34:24.846Z] > git remote --verbose [3ms]
[2022-03-25T15:34:24.882Z] > git config --get commit.template [2ms]
[2022-03-25T15:34:29.931Z] > git symbolic-ref --short HEAD [3ms]
[2022-03-25T15:34:29.945Z] > git for-each-ref --format=%(refname)%00%(upstream:short)%00%(objectname)%00%(upstream:track) refs/heads/dev refs/remotes/dev [2ms]
[2022-03-25T15:34:29.959Z] > git for-each-ref --sort -committerdate --format %(refname) %(objectname) %(*objectname) [6ms]
[2022-03-25T15:34:29.960Z] > git remote --verbose [2ms]
[2022-03-25T15:34:29.994Z] > git config --get commit.template [2ms]
[2022-03-25T15:34:35.042Z] > git symbolic-ref --short HEAD [3ms]
[2022-03-25T15:34:35.056Z] > git for-each-ref --format=%(refname)%00%(upstream:short)%00%(objectname)%00%(upstream:track) refs/heads/dev refs/remotes/dev [3ms]
[2022-03-25T15:34:35.102Z] > git for-each-ref --sort -committerdate --format %(refname) %(objectname) %(*objectname) [13ms]
[2022-03-25T15:34:35.103Z] > git remote --verbose [4ms]
[2022-03-25T15:34:35.145Z] > git config --get commit.template [2ms]
[2022-03-25T15:34:40.171Z] > git symbolic-ref --short HEAD [2ms]
[2022-03-25T15:34:40.176Z] > git for-each-ref --format=%(refname)%00%(upstream:short)%00%(objectname)%00%(upstream:track) refs/heads/dev refs/remotes/dev [2ms]
[2022-03-25T15:34:40.222Z] > git for-each-ref --sort -committerdate --format %(refname) %(objectname) %(*objectname) [8ms]
[2022-03-25T15:34:40.223Z] > git remote --verbose [2ms]
[2022-03-25T15:34:40.266Z] > git config --get commit.template [3ms]
[2022-03-25T15:34:45.314Z] > git symbolic-ref --short HEAD [2ms]
[2022-03-25T15:34:45.323Z] > git for-each-ref --format=%(refname)%00%(upstream:short)%00%(objectname)%00%(upstream:track) refs/heads/dev refs/remotes/dev [2ms]
[2022-03-25T15:34:45.339Z] > git for-each-ref --sort -committerdate --format %(refname) %(objectname) %(*objectname) [9ms]
[2022-03-25T15:34:45.339Z] > git remote --verbose [2ms]
[2022-03-25T15:34:45.377Z] > git config --get commit.template [3ms]
[2022-03-25T15:34:50.399Z] > git symbolic-ref --short HEAD [1ms]
[2022-03-25T15:34:50.404Z] > git for-each-ref --format=%(refname)%00%(upstream:short)%00%(objectname)%00%(upstream:track) refs/heads/dev refs/remotes/dev [1ms]
[2022-03-25T15:34:50.446Z] > git for-each-ref --sort -committerdate --format %(refname) %(objectname) %(*objectname) [5ms]
[2022-03-25T15:34:50.447Z] > git remote --verbose [2ms]
[2022-03-25T15:34:50.479Z] > git config --get commit.template [2ms]
[2022-03-25T15:34:55.528Z] > git symbolic-ref --short HEAD [1ms]
[2022-03-25T15:34:55.534Z] > git for-each-ref --format=%(refname)%00%(upstream:short)%00%(objectname)%00%(upstream:track) refs/heads/dev refs/remotes/dev [1ms]
[2022-03-25T15:34:55.587Z] > git for-each-ref --sort -committerdate --format %(refname) %(objectname) %(*objectname) [12ms]
[2022-03-25T15:34:55.588Z] > git remote --verbose [3ms]
[2022-03-25T15:34:55.631Z] > git config --get commit.template [2ms]
[2022-03-25T15:35:00.671Z] > git symbolic-ref --short HEAD [1ms]
[2022-03-25T15:35:00.677Z] > git for-each-ref --format=%(refname)%00%(upstream:short)%00%(objectname)%00%(upstream:track) refs/heads/dev refs/remotes/dev [1ms]
[2022-03-25T15:35:00.719Z] > git for-each-ref --sort -committerdate --format %(refname) %(objectname) %(*objectname) [6ms]
[2022-03-25T15:35:00.719Z] > git remote --verbose [1ms]
[2022-03-25T15:35:00.755Z] > git config --get commit.template [2ms]
[2022-03-25T15:35:05.780Z] > git symbolic-ref --short HEAD [1ms]
[2022-03-25T15:35:05.786Z] > git for-each-ref --format=%(refname)%00%(upstream:short)%00%(objectname)%00%(upstream:track) refs/heads/dev refs/remotes/dev [2ms]
[2022-03-25T15:35:05.839Z] > git for-each-ref --sort -committerdate --format %(refname) %(objectname) %(*objectname) [13ms]
[2022-03-25T15:35:05.840Z] > git remote --verbose [3ms]
[2022-03-25T15:35:05.885Z] > git config --get commit.template [4ms]
[2022-03-25T15:35:10.910Z] > git symbolic-ref --short HEAD [1ms]
[2022-03-25T15:35:10.916Z] > git for-each-ref --format=%(refname)%00%(upstream:short)%00%(objectname)%00%(upstream:track) refs/heads/dev refs/remotes/dev [1ms]
[2022-03-25T15:35:10.968Z] > git for-each-ref --sort -committerdate --format %(refname) %(objectname) %(*objectname) [11ms]
[2022-03-25T15:35:10.969Z] > git remote --verbose [3ms]
[2022-03-25T15:35:11.016Z] > git config --get commit.template [2ms]
