[2022-03-25T22:06:35.252Z] Validating found git in: git
[2022-03-25T22:06:35.281Z] Using git 2.35.1 from git
[2022-03-25T22:06:35.297Z] > git rev-parse --git-dir [1ms]
[2022-03-25T22:06:35.302Z] Open repository: /home/zero
[2022-03-25T22:06:35.399Z] > git symbolic-ref --short HEAD [50ms]
[2022-03-25T22:06:35.416Z] > git for-each-ref --format=%(refname)%00%(upstream:short)%00%(objectname)%00%(upstream:track) refs/heads/dev refs/remotes/dev [13ms]
[2022-03-25T22:06:35.425Z] > git remote --verbose [2ms]
[2022-03-25T22:06:35.425Z] > git for-each-ref --sort -committerdate --format %(refname) %(objectname) %(*objectname) [5ms]
[2022-03-25T22:06:35.497Z] > git config --get commit.template [7ms]
[2022-03-25T22:06:36.193Z] > git ls-files --stage -- /home/zero/.xsession [7ms]
[2022-03-25T22:06:37.796Z] > git symbolic-ref --short HEAD [1ms]
[2022-03-25T22:06:37.801Z] > git for-each-ref --format=%(refname)%00%(upstream:short)%00%(objectname)%00%(upstream:track) refs/heads/dev refs/remotes/dev [1ms]
[2022-03-25T22:06:37.809Z] > git for-each-ref --sort -committerdate --format %(refname) %(objectname) %(*objectname) [4ms]
[2022-03-25T22:06:37.810Z] > git remote --verbose [2ms]
[2022-03-25T22:06:37.847Z] > git config --get commit.template [1ms]
[2022-03-25T22:06:52.302Z] > git symbolic-ref --short HEAD [2ms]
[2022-03-25T22:06:52.307Z] > git for-each-ref --format=%(refname)%00%(upstream:short)%00%(objectname)%00%(upstream:track) refs/heads/dev refs/remotes/dev [1ms]
[2022-03-25T22:06:52.317Z] > git for-each-ref --sort -committerdate --format %(refname) %(objectname) %(*objectname) [6ms]
[2022-03-25T22:06:52.317Z] > git remote --verbose [1ms]
[2022-03-25T22:06:52.350Z] > git config --get commit.template [2ms]
[2022-03-25T22:08:31.701Z] > git symbolic-ref --short HEAD [2ms]
[2022-03-25T22:08:31.706Z] > git for-each-ref --format=%(refname)%00%(upstream:short)%00%(objectname)%00%(upstream:track) refs/heads/dev refs/remotes/dev [1ms]
[2022-03-25T22:08:31.716Z] > git for-each-ref --sort -committerdate --format %(refname) %(objectname) %(*objectname) [6ms]
[2022-03-25T22:08:31.717Z] > git remote --verbose [2ms]
[2022-03-25T22:08:31.764Z] > git config --get commit.template [1ms]
[2022-03-25T22:08:36.788Z] > git symbolic-ref --short HEAD [1ms]
[2022-03-25T22:08:36.795Z] > git for-each-ref --format=%(refname)%00%(upstream:short)%00%(objectname)%00%(upstream:track) refs/heads/dev refs/remotes/dev [2ms]
[2022-03-25T22:08:36.806Z] > git remote --verbose [2ms]
[2022-03-25T22:08:36.806Z] > git for-each-ref --sort -committerdate --format %(refname) %(objectname) %(*objectname) [7ms]
[2022-03-25T22:08:36.863Z] > git config --get commit.template [3ms]
[2022-03-25T22:08:41.896Z] > git symbolic-ref --short HEAD [3ms]
[2022-03-25T22:08:41.906Z] > git for-each-ref --format=%(refname)%00%(upstream:short)%00%(objectname)%00%(upstream:track) refs/heads/dev refs/remotes/dev [2ms]
[2022-03-25T22:08:41.919Z] > git for-each-ref --sort -committerdate --format %(refname) %(objectname) %(*objectname) [6ms]
[2022-03-25T22:08:41.920Z] > git remote --verbose [3ms]
[2022-03-25T22:08:41.971Z] > git config --get commit.template [12ms]
[2022-03-25T22:08:47.022Z] > git symbolic-ref --short HEAD [1ms]
[2022-03-25T22:08:47.030Z] > git for-each-ref --format=%(refname)%00%(upstream:short)%00%(objectname)%00%(upstream:track) refs/heads/dev refs/remotes/dev [2ms]
[2022-03-25T22:08:47.042Z] > git for-each-ref --sort -committerdate --format %(refname) %(objectname) %(*objectname) [7ms]
[2022-03-25T22:08:47.043Z] > git remote --verbose [3ms]
[2022-03-25T22:08:47.093Z] > git config --get commit.template [10ms]
[2022-03-25T22:11:01.496Z] > git symbolic-ref --short HEAD [1ms]
[2022-03-25T22:11:01.504Z] > git for-each-ref --format=%(refname)%00%(upstream:short)%00%(objectname)%00%(upstream:track) refs/heads/dev refs/remotes/dev [2ms]
[2022-03-25T22:11:01.516Z] > git for-each-ref --sort -committerdate --format %(refname) %(objectname) %(*objectname) [7ms]
[2022-03-25T22:11:01.517Z] > git remote --verbose [3ms]
[2022-03-25T22:11:01.570Z] > git config --get commit.template [10ms]
[2022-03-25T22:11:07.564Z] > git symbolic-ref --short HEAD [2ms]
[2022-03-25T22:11:07.571Z] > git for-each-ref --format=%(refname)%00%(upstream:short)%00%(objectname)%00%(upstream:track) refs/heads/dev refs/remotes/dev [2ms]
[2022-03-25T22:11:07.582Z] > git for-each-ref --sort -committerdate --format %(refname) %(objectname) %(*objectname) [7ms]
[2022-03-25T22:11:07.582Z] > git remote --verbose [2ms]
[2022-03-25T22:11:07.618Z] > git config --get commit.template [1ms]
[2022-03-25T22:11:12.851Z] > git symbolic-ref --short HEAD [2ms]
[2022-03-25T22:11:12.858Z] > git for-each-ref --format=%(refname)%00%(upstream:short)%00%(objectname)%00%(upstream:track) refs/heads/dev refs/remotes/dev [1ms]
[2022-03-25T22:11:12.871Z] > git for-each-ref --sort -committerdate --format %(refname) %(objectname) %(*objectname) [7ms]
[2022-03-25T22:11:12.872Z] > git remote --verbose [3ms]
[2022-03-25T22:11:12.930Z] > git config --get commit.template [13ms]
[2022-03-25T22:13:10.010Z] > git symbolic-ref --short HEAD [1ms]
[2022-03-25T22:13:10.017Z] > git for-each-ref --format=%(refname)%00%(upstream:short)%00%(objectname)%00%(upstream:track) refs/heads/dev refs/remotes/dev [2ms]
[2022-03-25T22:13:10.030Z] > git for-each-ref --sort -committerdate --format %(refname) %(objectname) %(*objectname) [6ms]
[2022-03-25T22:13:10.031Z] > git remote --verbose [2ms]
[2022-03-25T22:13:10.064Z] > git config --get commit.template [1ms]
[2022-03-25T22:13:15.088Z] > git symbolic-ref --short HEAD [2ms]
[2022-03-25T22:13:15.093Z] > git for-each-ref --format=%(refname)%00%(upstream:short)%00%(objectname)%00%(upstream:track) refs/heads/dev refs/remotes/dev [1ms]
[2022-03-25T22:13:15.103Z] > git for-each-ref --sort -committerdate --format %(refname) %(objectname) %(*objectname) [6ms]
[2022-03-25T22:13:15.103Z] > git remote --verbose [2ms]
[2022-03-25T22:13:15.142Z] > git config --get commit.template [3ms]
[2022-03-25T22:13:24.298Z] > git symbolic-ref --short HEAD [2ms]
[2022-03-25T22:13:24.306Z] > git for-each-ref --format=%(refname)%00%(upstream:short)%00%(objectname)%00%(upstream:track) refs/heads/dev refs/remotes/dev [1ms]
[2022-03-25T22:13:24.318Z] > git for-each-ref --sort -committerdate --format %(refname) %(objectname) %(*objectname) [6ms]
[2022-03-25T22:13:24.319Z] > git remote --verbose [2ms]
[2022-03-25T22:13:24.358Z] > git config --get commit.template [3ms]
[2022-03-25T22:15:50.799Z] > git symbolic-ref --short HEAD [2ms]
[2022-03-25T22:15:50.807Z] > git for-each-ref --format=%(refname)%00%(upstream:short)%00%(objectname)%00%(upstream:track) refs/heads/dev refs/remotes/dev [1ms]
[2022-03-25T22:15:50.821Z] > git for-each-ref --sort -committerdate --format %(refname) %(objectname) %(*objectname) [8ms]
[2022-03-25T22:15:50.822Z] > git remote --verbose [2ms]
[2022-03-25T22:15:50.863Z] > git config --get commit.template [6ms]
[2022-03-25T22:15:55.892Z] > git symbolic-ref --short HEAD [2ms]
[2022-03-25T22:15:55.898Z] > git for-each-ref --format=%(refname)%00%(upstream:short)%00%(objectname)%00%(upstream:track) refs/heads/dev refs/remotes/dev [1ms]
[2022-03-25T22:15:55.912Z] > git for-each-ref --sort -committerdate --format %(refname) %(objectname) %(*objectname) [5ms]
[2022-03-25T22:15:55.913Z] > git remote --verbose [2ms]
[2022-03-25T22:15:55.961Z] > git config --get commit.template [9ms]
[2022-03-25T22:16:00.999Z] > git symbolic-ref --short HEAD [3ms]
[2022-03-25T22:16:01.008Z] > git for-each-ref --format=%(refname)%00%(upstream:short)%00%(objectname)%00%(upstream:track) refs/heads/dev refs/remotes/dev [2ms]
[2022-03-25T22:16:01.026Z] > git for-each-ref --sort -committerdate --format %(refname) %(objectname) %(*objectname) [10ms]
[2022-03-25T22:16:01.027Z] > git remote --verbose [3ms]
[2022-03-25T22:16:01.080Z] > git config --get commit.template [11ms]
[2022-03-25T22:16:02.020Z] > git ls-files --stage -- /home/zero/programs.sh [4ms]
[2022-03-25T22:16:23.957Z] > git symbolic-ref --short HEAD [1ms]
[2022-03-25T22:16:23.965Z] > git for-each-ref --format=%(refname)%00%(upstream:short)%00%(objectname)%00%(upstream:track) refs/heads/dev refs/remotes/dev [2ms]
[2022-03-25T22:16:23.979Z] > git for-each-ref --sort -committerdate --format %(refname) %(objectname) %(*objectname) [6ms]
[2022-03-25T22:16:23.980Z] > git remote --verbose [2ms]
[2022-03-25T22:16:24.011Z] > git config --get commit.template [2ms]
[2022-03-25T22:16:29.039Z] > git symbolic-ref --short HEAD [2ms]
[2022-03-25T22:16:29.046Z] > git for-each-ref --format=%(refname)%00%(upstream:short)%00%(objectname)%00%(upstream:track) refs/heads/dev refs/remotes/dev [2ms]
[2022-03-25T22:16:29.057Z] > git for-each-ref --sort -committerdate --format %(refname) %(objectname) %(*objectname) [6ms]
[2022-03-25T22:16:29.058Z] > git remote --verbose [2ms]
[2022-03-25T22:16:29.094Z] > git config --get commit.template [1ms]
[2022-03-25T22:16:34.136Z] > git symbolic-ref --short HEAD [1ms]
[2022-03-25T22:16:34.142Z] > git for-each-ref --format=%(refname)%00%(upstream:short)%00%(objectname)%00%(upstream:track) refs/heads/dev refs/remotes/dev [1ms]
[2022-03-25T22:16:34.153Z] > git for-each-ref --sort -committerdate --format %(refname) %(objectname) %(*objectname) [6ms]
[2022-03-25T22:16:34.154Z] > git remote --verbose [2ms]
[2022-03-25T22:16:34.185Z] > git config --get commit.template [3ms]
[2022-03-25T22:31:24.202Z] > git symbolic-ref --short HEAD [2ms]
[2022-03-25T22:31:24.209Z] > git for-each-ref --format=%(refname)%00%(upstream:short)%00%(objectname)%00%(upstream:track) refs/heads/dev refs/remotes/dev [1ms]
[2022-03-25T22:31:24.220Z] > git for-each-ref --sort -committerdate --format %(refname) %(objectname) %(*objectname) [6ms]
[2022-03-25T22:31:24.221Z] > git remote --verbose [3ms]
[2022-03-25T22:31:24.261Z] > git config --get commit.template [1ms]
[2022-03-25T22:41:03.487Z] > git symbolic-ref --short HEAD [2ms]
[2022-03-25T22:41:03.496Z] > git for-each-ref --format=%(refname)%00%(upstream:short)%00%(objectname)%00%(upstream:track) refs/heads/dev refs/remotes/dev [2ms]
[2022-03-25T22:41:03.509Z] > git for-each-ref --sort -committerdate --format %(refname) %(objectname) %(*objectname) [7ms]
[2022-03-25T22:41:03.510Z] > git remote --verbose [2ms]
[2022-03-25T22:41:03.560Z] > git config --get commit.template [4ms]
[2022-03-25T22:41:08.586Z] > git symbolic-ref --short HEAD [1ms]
[2022-03-25T22:41:08.593Z] > git for-each-ref --format=%(refname)%00%(upstream:short)%00%(objectname)%00%(upstream:track) refs/heads/dev refs/remotes/dev [2ms]
[2022-03-25T22:41:08.603Z] > git for-each-ref --sort -committerdate --format %(refname) %(objectname) %(*objectname) [6ms]
[2022-03-25T22:41:08.603Z] > git remote --verbose [2ms]
[2022-03-25T22:41:08.652Z] > git config --get commit.template [7ms]
[2022-03-25T22:41:13.674Z] > git symbolic-ref --short HEAD [1ms]
[2022-03-25T22:41:13.681Z] > git for-each-ref --format=%(refname)%00%(upstream:short)%00%(objectname)%00%(upstream:track) refs/heads/dev refs/remotes/dev [1ms]
[2022-03-25T22:41:13.696Z] > git for-each-ref --sort -committerdate --format %(refname) %(objectname) %(*objectname) [5ms]
[2022-03-25T22:41:13.697Z] > git remote --verbose [2ms]
[2022-03-25T22:41:13.726Z] > git config --get commit.template [1ms]
[2022-03-25T22:41:48.066Z] > git symbolic-ref --short HEAD [1ms]
[2022-03-25T22:41:48.075Z] > git for-each-ref --format=%(refname)%00%(upstream:short)%00%(objectname)%00%(upstream:track) refs/heads/dev refs/remotes/dev [3ms]
[2022-03-25T22:41:48.090Z] > git for-each-ref --sort -committerdate --format %(refname) %(objectname) %(*objectname) [7ms]
[2022-03-25T22:41:48.090Z] > git remote --verbose [1ms]
[2022-03-25T22:41:48.126Z] > git config --get commit.template [4ms]
[2022-03-25T22:41:53.150Z] > git symbolic-ref --short HEAD [1ms]
[2022-03-25T22:41:53.156Z] > git for-each-ref --format=%(refname)%00%(upstream:short)%00%(objectname)%00%(upstream:track) refs/heads/dev refs/remotes/dev [2ms]
[2022-03-25T22:41:53.198Z] > git for-each-ref --sort -committerdate --format %(refname) %(objectname) %(*objectname) [6ms]
[2022-03-25T22:41:53.203Z] > git remote --verbose [6ms]
[2022-03-25T22:41:53.239Z] > git config --get commit.template [7ms]
[2022-03-25T22:41:58.261Z] > git symbolic-ref --short HEAD [2ms]
[2022-03-25T22:41:58.266Z] > git for-each-ref --format=%(refname)%00%(upstream:short)%00%(objectname)%00%(upstream:track) refs/heads/dev refs/remotes/dev [1ms]
[2022-03-25T22:41:58.277Z] > git for-each-ref --sort -committerdate --format %(refname) %(objectname) %(*objectname) [6ms]
[2022-03-25T22:41:58.277Z] > git remote --verbose [1ms]
[2022-03-25T22:41:58.310Z] > git config --get commit.template [2ms]
[2022-03-25T22:46:29.642Z] > git symbolic-ref --short HEAD [1ms]
[2022-03-25T22:46:29.648Z] > git for-each-ref --format=%(refname)%00%(upstream:short)%00%(objectname)%00%(upstream:track) refs/heads/dev refs/remotes/dev [1ms]
[2022-03-25T22:46:29.658Z] > git for-each-ref --sort -committerdate --format %(refname) %(objectname) %(*objectname) [5ms]
[2022-03-25T22:46:29.658Z] > git remote --verbose [1ms]
[2022-03-25T22:46:29.694Z] > git config --get commit.template [1ms]
[2022-03-25T22:46:34.725Z] > git symbolic-ref --short HEAD [1ms]
[2022-03-25T22:46:34.732Z] > git for-each-ref --format=%(refname)%00%(upstream:short)%00%(objectname)%00%(upstream:track) refs/heads/dev refs/remotes/dev [1ms]
[2022-03-25T22:46:34.743Z] > git for-each-ref --sort -committerdate --format %(refname) %(objectname) %(*objectname) [6ms]
[2022-03-25T22:46:34.744Z] > git remote --verbose [2ms]
[2022-03-25T22:46:34.799Z] > git config --get commit.template [10ms]
[2022-03-25T22:46:39.851Z] > git symbolic-ref --short HEAD [3ms]
[2022-03-25T22:46:39.860Z] > git for-each-ref --format=%(refname)%00%(upstream:short)%00%(objectname)%00%(upstream:track) refs/heads/dev refs/remotes/dev [2ms]
[2022-03-25T22:46:39.874Z] > git for-each-ref --sort -committerdate --format %(refname) %(objectname) %(*objectname) [7ms]
[2022-03-25T22:46:39.874Z] > git remote --verbose [2ms]
[2022-03-25T22:46:39.925Z] > git config --get commit.template [10ms]
[2022-03-25T22:46:44.961Z] > git symbolic-ref --short HEAD [2ms]
[2022-03-25T22:46:44.970Z] > git for-each-ref --format=%(refname)%00%(upstream:short)%00%(objectname)%00%(upstream:track) refs/heads/dev refs/remotes/dev [1ms]
[2022-03-25T22:46:44.987Z] > git for-each-ref --sort -committerdate --format %(refname) %(objectname) %(*objectname) [9ms]
[2022-03-25T22:46:44.988Z] > git remote --verbose [2ms]
[2022-03-25T22:46:45.020Z] > git config --get commit.template [2ms]
[2022-03-25T22:46:50.047Z] > git symbolic-ref --short HEAD [1ms]
[2022-03-25T22:46:50.055Z] > git for-each-ref --format=%(refname)%00%(upstream:short)%00%(objectname)%00%(upstream:track) refs/heads/dev refs/remotes/dev [1ms]
[2022-03-25T22:46:50.068Z] > git for-each-ref --sort -committerdate --format %(refname) %(objectname) %(*objectname) [6ms]
[2022-03-25T22:46:50.069Z] > git remote --verbose [2ms]
[2022-03-25T22:46:50.104Z] > git config --get commit.template [2ms]
[2022-03-25T22:46:55.152Z] > git symbolic-ref --short HEAD [3ms]
[2022-03-25T22:46:55.168Z] > git for-each-ref --format=%(refname)%00%(upstream:short)%00%(objectname)%00%(upstream:track) refs/heads/dev refs/remotes/dev [3ms]
[2022-03-25T22:46:55.184Z] > git for-each-ref --sort -committerdate --format %(refname) %(objectname) %(*objectname) [7ms]
[2022-03-25T22:46:55.185Z] > git remote --verbose [2ms]
[2022-03-25T22:46:55.220Z] > git config --get commit.template [3ms]
[2022-03-25T22:47:00.269Z] > git symbolic-ref --short HEAD [1ms]
[2022-03-25T22:47:00.277Z] > git for-each-ref --format=%(refname)%00%(upstream:short)%00%(objectname)%00%(upstream:track) refs/heads/dev refs/remotes/dev [1ms]
[2022-03-25T22:47:00.290Z] > git remote --verbose [1ms]
[2022-03-25T22:47:00.291Z] > git for-each-ref --sort -committerdate --format %(refname) %(objectname) %(*objectname) [8ms]
[2022-03-25T22:47:00.324Z] > git config --get commit.template [3ms]
[2022-03-25T22:47:05.348Z] > git symbolic-ref --short HEAD [1ms]
[2022-03-25T22:47:05.354Z] > git for-each-ref --format=%(refname)%00%(upstream:short)%00%(objectname)%00%(upstream:track) refs/heads/dev refs/remotes/dev [1ms]
[2022-03-25T22:47:05.367Z] > git for-each-ref --sort -committerdate --format %(refname) %(objectname) %(*objectname) [7ms]
[2022-03-25T22:47:05.367Z] > git remote --verbose [1ms]
[2022-03-25T22:47:05.398Z] > git config --get commit.template [2ms]
[2022-03-25T23:01:37.808Z] > git symbolic-ref --short HEAD [1ms]
[2022-03-25T23:01:37.816Z] > git for-each-ref --format=%(refname)%00%(upstream:short)%00%(objectname)%00%(upstream:track) refs/heads/dev refs/remotes/dev [2ms]
[2022-03-25T23:01:37.831Z] > git for-each-ref --sort -committerdate --format %(refname) %(objectname) %(*objectname) [6ms]
[2022-03-25T23:01:37.831Z] > git remote --verbose [1ms]
[2022-03-25T23:01:37.872Z] > git config --get commit.template [2ms]
[2022-03-25T23:01:42.909Z] > git symbolic-ref --short HEAD [1ms]
[2022-03-25T23:01:42.916Z] > git for-each-ref --format=%(refname)%00%(upstream:short)%00%(objectname)%00%(upstream:track) refs/heads/dev refs/remotes/dev [1ms]
[2022-03-25T23:01:42.929Z] > git remote --verbose [2ms]
[2022-03-25T23:01:42.929Z] > git for-each-ref --sort -committerdate --format %(refname) %(objectname) %(*objectname) [7ms]
[2022-03-25T23:01:42.980Z] > git config --get commit.template [11ms]
[2022-03-25T23:01:53.007Z] > git symbolic-ref --short HEAD [1ms]
[2022-03-25T23:01:53.015Z] > git for-each-ref --format=%(refname)%00%(upstream:short)%00%(objectname)%00%(upstream:track) refs/heads/dev refs/remotes/dev [2ms]
[2022-03-25T23:01:53.029Z] > git for-each-ref --sort -committerdate --format %(refname) %(objectname) %(*objectname) [7ms]
[2022-03-25T23:01:53.030Z] > git remote --verbose [3ms]
[2022-03-25T23:01:53.091Z] > git config --get commit.template [16ms]
[2022-03-25T23:17:54.127Z] > git symbolic-ref --short HEAD [1ms]
[2022-03-25T23:17:54.133Z] > git for-each-ref --format=%(refname)%00%(upstream:short)%00%(objectname)%00%(upstream:track) refs/heads/dev refs/remotes/dev [1ms]
[2022-03-25T23:17:54.148Z] > git for-each-ref --sort -committerdate --format %(refname) %(objectname) %(*objectname) [7ms]
[2022-03-25T23:17:54.148Z] > git remote --verbose [1ms]
[2022-03-25T23:17:54.186Z] > git config --get commit.template [3ms]
